
 Working directory              : /tmp/charlie/molpro.lHF0whkti9/
 Global scratch directory       : /tmp/charlie/molpro.lHF0whkti9/
 Wavefunction directory         : /home/charlie/wfu/
 Main file repository           : /tmp/charlie/molpro.lHF0whkti9/

 id        : dap

 Nodes     nprocs
 charliebox   19
 Distribution of processes:   nprocs(total)=   20   nprocs(compute)=   19   nprocs(helper)=    1
 GA implementation: MPI file
 GA implementation (serial work in mppx): MPI file

 Using customized tuning parameters: mindgm=1; mindgv=20; mindgc=4; mindgr=1; noblas=0; minvec=7
 default implementation of scratch files=sf  


 Variables initialized (1059), CPU time= 0.01 sec
  ***,  ground state
  print,orbitals
 symmetry,nosym
 memory,500,m
   geometry={ang
  Ac
  H 1 b1
  }
 
     b1     =     0.9
 
   set,charge=2
 basis={
                                                                                 ! hydrogen             (4s,1p) -&gt; [2s,1p]
 s, H , 13.0100000, 1.9620000, 0.4446000, 0.1220000
 c, 1.4, 0.0196977, 0.1379911, 0.4781418, 0.5012326
 c, 4.4, 1.0000000
 p, H , 0.7270000
 c, 1.1, 1.0000000
                                                                    ! actinium             (26s,23p,17d,11f,1g) -&gt; [9s,8p,6d,4f,1g]
 s, AC , 5.683594E+07, 1.480033E+07, 4.849164E+06, 1.727448E+06, 6.570674E+05, 2.605056E+05, 1.072422E+05, 4.558136E+04, 1.996019E+04, 8.982297E+03, 4.146062E+03, 1.959397E+03, 9.452169E+02, 4.519872E+02, 2.285931E+02, 1.183090E+02, 5.812878E+01, 3.084980E+01, 1.446225E+01, 7.699900E+00, 3.131345E+00, 1.655086E+00, 5.572263E-01, 2.664365E-01, 5.957202E-02, 2.475252E-02
 c, 1.26, 2.4594500E-03, 1.8782400E-03, 5.5229700E-03, 7.1242700E-03, 1.4305400E-02, 2.2324100E-02, 4.0317400E-02, 6.7197200E-02, 1.1605200E-01, 1.8653600E-01, 2.7299900E-01, 3.0706500E-01, 2.0502400E-01, 1.5206000E-02, -5.4653800E-02, -3.2563800E-02, -9.7334400E-02, -9.2499100E-02, -1.4966900E-02, 1.3699000E-03, -6.9475100E-04, 1.8962500E-04, -1.1099700E-04, 4.7261100E-05, -1.2694300E-05, 5.3319200E-06
 c, 1.26, -2.6787800E-05, -2.1444500E-05, -6.4222800E-05, -9.2609800E-05, -2.0387400E-04, -3.8700200E-04, -8.5115300E-04, -1.8685300E-03, -4.3235100E-03, -9.9820100E-03, -2.1796200E-02, -3.6573600E-02, -9.8998700E-03, 1.4984600E-01, 2.6449100E-01, 1.6418300E-01, 2.8218100E-01, 2.6015600E-01, 4.4280100E-02, -9.2672800E-04, 2.3346300E-03, -4.4788400E-04, 3.2797000E-04, -1.3436100E-04, 3.6541600E-05, -1.5322000E-05
 c, 1.26, -9.1793000E-04, -7.0238500E-04, -2.0668400E-03, -2.6796200E-03, -5.4041700E-03, -8.5292500E-03, -1.5604600E-02, -2.6641700E-02, -4.7471700E-02, -8.0666300E-02, -1.2796400E-01, -1.6242700E-01, -8.2827400E-02, 2.7479800E-01, 7.3162500E-01, 4.6825000E-01, -6.0167400E-01, -6.8817100E-01, -5.3576400E-02, 7.0480300E-02, 5.3410700E-03, 2.0356300E-03, -6.6031500E-05, 1.2001000E-04, -2.4048400E-05, 1.0575400E-05
 c, 1.26, -1.5080400E-04, -1.1545800E-04, -3.3984300E-04, -4.4121600E-04, -8.9111200E-04, -1.4106600E-03, -2.5916600E-03, -4.4520200E-03, -8.0131900E-03, -1.3806900E-02, -2.2479400E-02, -2.9342200E-02, -1.3581100E-02, 7.7523900E-02, 2.3596500E-01, 1.7280000E-01, -5.5074800E-01, -7.2756000E-01, 4.7849900E-01, 6.4432300E-01, 2.3868600E-01, 1.6174100E-01, 2.0209200E-02, -1.0697600E-03, 1.0708400E-03, -4.1516800E-04
 c, 1.26, 1.5462000E-04, 1.1836900E-04, 3.4838400E-04, 4.5219800E-04, 9.1300400E-04, 1.4446000E-03, 2.6516300E-03, 4.5506800E-03, 8.1729100E-03, 1.4053200E-02, 2.2754300E-02, 2.9599700E-02, 1.3854500E-02, -7.3279900E-02, -2.2191600E-01, -1.6224400E-01, 5.2875100E-01, 7.4529100E-01, -6.9516700E-01, -1.3112700E+00, 6.3987700E-01, 8.2815200E-01, 7.6932000E-02, 6.2429000E-03, 2.9249500E-03, -1.0452200E-03
 c, 1.26, -5.4119500E-05, -4.1431000E-05, -1.2193600E-04, -1.5827500E-04, -3.1951600E-04, -5.0560400E-04, -9.2769500E-04, -1.5924900E-03, -2.8576700E-03, -4.9160100E-03, -7.9455700E-03, -1.0348900E-02, -4.8196300E-03, 2.5393700E-02, 7.7412100E-02, 5.6715800E-02, -1.9231800E-01, -2.8309000E-01, 3.1086200E-01, 6.7494400E-01, -6.0233100E-01, -9.1427600E-01, 7.3691300E-01, 6.9864800E-01, 3.1489900E-02, -4.1549600E-03
 c, 1.26, -5.2786600E-05, -4.0404500E-05, -1.1894500E-04, -1.5433000E-04, -3.1177300E-04, -4.9278500E-04, -9.0596400E-04, -1.5502600E-03, -2.7964800E-03, -4.7716300E-03, -7.8179500E-03, -9.9323400E-03, -5.1052600E-03, 2.5944700E-02, 7.3466100E-02, 6.1000500E-02, -2.0461100E-01, -2.6485400E-01, 3.0159900E-01, 7.9721000E-01, -1.0538100E+00, -9.8798200E-01, 3.7838600E+00, -2.8809600E+00, -3.2692300E-01, 8.5747900E-01
 c, 1.26, 1.6784500E-05, 1.2849200E-05, 3.7817400E-05, 4.9085300E-05, 9.9100300E-05, 1.5679300E-04, 2.8776000E-04, 4.9381000E-04, 8.8653100E-04, 1.5243000E-03, 2.4654100E-03, 3.2086400E-03, 1.4970800E-03, -7.8913400E-03, -2.4059600E-02, -1.7658800E-02, 6.0234700E-02, 8.9129300E-02, -9.9853400E-02, -2.2166600E-01, 2.1386100E-01, 3.5256400E-01, -4.1254700E-01, -5.0399100E-01, 7.0388700E-01, 5.4123300E-01
 c, 26.26, 1.0000000E+00
 p, AC , 2.458587E+07, 5.016305E+06, 1.236246E+06, 3.443247E+05, 1.054870E+05, 3.507295E+04, 1.259821E+04, 4.881095E+03, 2.030471E+03, 8.985648E+02, 4.178002E+02, 2.017547E+02, 9.945337E+01, 5.097135E+01, 2.634345E+01, 1.327469E+01, 6.809892E+00, 3.142708E+00, 1.510821E+00, 5.680076E-01, 2.455209E-01, 6.561986E-02, 2.680350E-02
 c, 1.23, 2.1800000E-05, 5.3637700E-05, 1.6294100E-04, 4.4703000E-04, 1.2518400E-03, 3.5194400E-03, 1.0012900E-02, 2.8031000E-02, 7.3181600E-02, 1.6200200E-01, 2.6300000E-01, 2.6135900E-01, 1.9900500E-01, 2.0855200E-01, 1.0564200E-01, 2.0366100E-03, -5.5734700E-03, 6.3421700E-05, 9.8539500E-04, 4.2777600E-05, 2.1304000E-05, -4.3922300E-06, 1.9929300E-06
 c, 1.23, -2.5334900E-05, -6.2422500E-05, -1.8988700E-04, -5.2198600E-04, -1.4662100E-03, -4.1404800E-03, -1.1875100E-02, -3.3669000E-02, -9.0059500E-02, -2.0684600E-01, -3.5184700E-01, -2.8682400E-01, 2.2327000E-01, 6.5865600E-01, 2.9496900E-01, -1.5725000E-01, -1.3122600E-01, -1.7118000E-03, 1.1907300E-02, 1.0548100E-03, 6.4832600E-05, 1.5415900E-05, -4.2301100E-06
 c, 1.23, 1.5869900E-06, 3.9272300E-06, 1.2005800E-05, 3.3194500E-05, 9.4290000E-05, 2.6957800E-04, 7.9560200E-04, 2.3352000E-03, 6.7373500E-03, 1.6937000E-02, 3.2578200E-02, 1.0837100E-02, -1.4527700E-01, -3.5471100E-01, 1.2016100E-02, 6.8242700E-01, 4.7047600E-01, 1.9570300E-02, -3.0873900E-02, -2.5640200E-03, -3.2022000E-04, -2.4676600E-05, 3.1132200E-06
 c, 1.23, -3.0612600E-06, -7.5521400E-06, -2.2989800E-05, -6.3327700E-05, -1.7814500E-04, -5.0541600E-04, -1.4560500E-03, -4.1771700E-03, -1.1347100E-02, -2.6866100E-02, -4.7016200E-02, -3.1892300E-02, 9.1563700E-02, 2.2982800E-01, 4.1878700E-03, -5.0935500E-01, -3.0282100E-01, 6.4681200E-01, 5.6946500E-01, 7.7344000E-02, 1.2198300E-02, 3.9688900E-03, -1.2089000E-03
 c, 1.23, 1.5137700E-06, 3.7340900E-06, 1.1368100E-05, 3.1307600E-05, 8.8093200E-05, 2.4978200E-04, 7.2004200E-04, 2.0629900E-03, 5.6097400E-03, 1.3247900E-02, 2.3238800E-02, 1.5677300E-02, -4.4311200E-02, -1.1295900E-01, 2.1866400E-05, 2.5422500E-01, 1.5476600E-01, -4.4264400E-01, -3.6925400E-01, 5.3735700E-01, 6.3629200E-01, 7.1666200E-02, -1.5324400E-02
 c, 1.23, -1.2277200E-06, -3.0498800E-06, -9.1702300E-06, -2.5781300E-05, -7.0194100E-05, -2.0887800E-04, -5.6317600E-04, -1.7587100E-03, -4.2850000E-03, -1.1649500E-02, -1.6321000E-02, -1.9643200E-02, 5.4396500E-02, 4.9825900E-02, 8.5721700E-02, -3.8498900E-01, 1.8063100E-01, -1.9155900E-01, 1.4002300E+00, -3.1703300E+00, 2.9311900E+00, -1.4786200E+00, 6.6529200E-01
 c, 1.23, -1.0691600E-06, -2.6378400E-06, -8.0279300E-06, -2.2121800E-05, -6.2190300E-05, -1.7656800E-04, -5.0813000E-04, -1.4590300E-03, -3.9573900E-03, -9.3780100E-03, -1.6369000E-02, -1.1206000E-02, 3.1874700E-02, 7.9512200E-02, 9.8707400E-04, -1.9043700E-01, -1.0237700E-01, 3.5029700E-01, 3.2612700E-01, -1.0434900E+00, 2.4351600E-01, 8.9748400E-01, 1.6674800E-02
 c, 23.23, 1.0000000E+00
 d, AC , 2.910193E+04, 7.128679E+03, 2.422458E+03, 9.809488E+02, 4.423802E+02, 2.142688E+02, 1.086784E+02, 5.689952E+01, 3.012951E+01, 1.578674E+01, 8.236952E+00, 4.161708E+00, 2.054371E+00, 9.621764E-01, 3.837104E-01, 1.406418E-01, 4.724248E-02
 c, 1.17, 1.1594000E-04, 8.4870600E-04, 4.6795800E-03, 2.0589000E-02, 7.1323200E-02, 1.8717700E-01, 3.4123500E-01, 3.7914800E-01, 1.9447900E-01, 1.0788100E-02, -2.6568600E-02, -8.1782700E-03, -1.2730300E-04, 1.8708000E-04, 4.3721200E-05, -5.2990900E-06, 1.7788800E-06
 c, 1.17, -5.4560700E-05, -3.9993100E-04, -2.2203600E-03, -9.8408800E-03, -3.4673100E-02, -9.2644800E-02, -1.6724800E-01, -1.5005600E-01, 1.2029000E-01, 4.5945500E-01, 4.3480600E-01, 1.3075600E-01, 3.3672200E-03, -9.9439200E-04, -5.7970200E-04, 1.1891500E-04, -3.7556900E-05
 c, 1.17, 2.5699200E-05, 1.8792000E-04, 1.0467900E-03, 4.6293500E-03, 1.6381200E-02, 4.3693300E-02, 7.9206300E-02, 6.7690100E-02, -7.2263900E-02, -2.5370400E-01, -2.0242900E-01, 2.4728200E-01, 5.6337900E-01, 3.3859500E-01, 4.7118800E-02, -2.1973300E-03, 8.2282500E-04
 c, 1.17, -1.3570000E-05, -9.3502400E-05, -5.5648600E-04, -2.3034400E-03, -8.7157700E-03, -2.1604400E-02, -4.3314700E-02, -2.8912300E-02, 2.6257600E-02, 1.6339900E-01, 6.0348200E-02, -8.7915800E-02, -6.0495600E-01, 2.9898800E-01, 9.5638900E-01, -5.4510900E-01, -4.0318300E-01
 c, 1.17, -6.3868400E-06, -4.6594900E-05, -2.6029300E-04, -1.1481400E-03, -4.0759600E-03, -1.0841600E-02, -1.9736900E-02, -1.6548700E-02, 1.8562300E-02, 6.5646200E-02, 4.9029400E-02, -7.5878400E-02, -1.8117600E-01, -4.9467000E-02, 3.2704900E-01, 5.5839800E-01, 3.2983800E-01
 c, 17.17, 1.0000000E+00
 f, AC , 7.518467E+02, 2.542734E+02, 1.074998E+02, 4.993962E+01, 2.439909E+01, 1.168543E+01, 5.312980E+00, 2.091751E+00, 7.012497E-01, 1.945077E-01, 4.842700E-04
 c, 1.11, 1.5346700E-03, 1.3043800E-02, 6.1312800E-02, 1.7840400E-01, 3.3755600E-01, 4.1221600E-01, 2.5206600E-01, 4.2603500E-02, -1.7908800E-03, 5.6456100E-04, -1.3764200E-08
 c, 1.11, -3.5315000E-04, -3.0358900E-03, -1.4202800E-02, -4.1733800E-02, -7.5136600E-02, -7.9083900E-02, 4.3321200E-02, 3.2090400E-01, 5.1747800E-01, 4.5243000E-01, 9.8539100E-06
 c, 1.11, 2.6347900E-04, 1.8939000E-03, 1.0386500E-02, 2.5917700E-02, 5.6916600E-02, 3.8228600E-02, 2.5751500E-03, -2.2603100E-01, -6.0575000E-01, 9.8254400E-01, 6.3289600E-05
 c, 11.11, 1.0000000E+00
 g, AC , 6.750589E-01
 c, 1.1, 1.0000000E+00
 
 }
 rhf
 EREF(1)=ENERGY
 uccsd(t),maxit=200
 ETOT(1)=ENERGY
 ECORR(1)=ETOT(1)-EREF(1)
 
 basis={
 
                                                            ! actinium             (33s,29p,20d,13f,3g,1h) -&gt; [11s,10p,8d,6f,3g,1h]
 s, AC , 5.801308E+07, 1.544301E+07, 5.285276E+06, 2.012115E+06, 8.407465E+05, 3.726503E+05, 1.739767E+05, 8.428565E+04, 4.210224E+04, 2.150667E+04, 1.119288E+04, 5.917188E+03, 3.172789E+03, 1.722939E+03, 9.460642E+02, 5.232209E+02, 2.958499E+02, 1.697984E+02, 9.871428E+01, 5.826856E+01, 3.499227E+01, 2.102076E+01, 1.216492E+01, 7.286375E+00, 4.358741E+00, 2.447520E+00, 1.392244E+00, 7.599884E-01, 4.083019E-01, 2.127846E-01, 8.095414E-02, 3.929564E-02, 1.870069E-02
 c, 1.33, 2.4451300E-03, 1.6394200E-03, 5.2701100E-03, 5.4635900E-03, 1.1661700E-02, 1.4419200E-02, 2.6139300E-02, 3.5765200E-02, 6.0054700E-02, 8.6795300E-02, 1.3578800E-01, 1.8700400E-01, 2.4283600E-01, 2.4306600E-01, 1.7009700E-01, 4.0633000E-02, -2.4074700E-02, -2.6279900E-02, -1.7893800E-02, -6.6023200E-02, -6.6884800E-02, -2.6446900E-02, -1.7465300E-03, -6.0070900E-04, 3.7796200E-04, -2.6057400E-04, 1.0058600E-04, -6.9271300E-05, 3.1000500E-05, -1.2536000E-05, 4.3361100E-06, -2.2769300E-06, 6.0910900E-07
 c, 1.33, -2.0442700E-04, -1.3801500E-04, -4.4415500E-04, -4.6859200E-04, -1.0077000E-03, -1.2885800E-03, -2.3875500E-03, -3.4537700E-03, -6.0825900E-03, -9.6046900E-03, -1.6537500E-02, -2.6503400E-02, -4.0993100E-02, -4.9276100E-02, -2.1768200E-02, 8.8771700E-02, 2.2345100E-01, 2.0693200E-01, 1.2246500E-01, 2.1940500E-01, 2.2467800E-01, 8.3801400E-02, 1.3065000E-02, 3.2156700E-03, 8.1201300E-04, 2.4234300E-04, 1.4252100E-04, 1.0679200E-05, 6.8131000E-06, 5.1892300E-07, 4.3044900E-07, -2.0027300E-07, 5.2478400E-08
 c, 1.33, -9.0923400E-04, -6.1088000E-04, -1.9644000E-03, -2.0471400E-03, -4.3794400E-03, -5.4705600E-03, -9.9852700E-03, -1.3906600E-02, -2.3727300E-02, -3.5364300E-02, -5.7362300E-02, -8.4028200E-02, -1.1828500E-01, -1.2999900E-01, -7.1254100E-02, 1.4528100E-01, 4.8076200E-01, 6.1729600E-01, 1.9995700E-01, -5.1381300E-01, -6.1994800E-01, -2.1554400E-01, 3.1012400E-02, 4.2359400E-02, 8.4550600E-03, 1.6070300E-03, 7.0292200E-05, 1.6098700E-04, -5.3387100E-05, 2.9797400E-05, -8.4777300E-06, 4.5384600E-06, -1.2059400E-06
 c, 1.33, -1.6362900E-04, -1.1000600E-04, -3.5378400E-04, -3.6925300E-04, -7.9049800E-04, -9.9037400E-04, -1.8114600E-03, -2.5355700E-03, -4.3468000E-03, -6.5348500E-03, -1.0712300E-02, -1.5965300E-02, -2.2998300E-02, -2.5929300E-02, -1.2791500E-02, 4.4266000E-02, 1.5847500E-01, 2.3533000E-01, 6.2757100E-02, -4.7818900E-01, -7.2370100E-01, -9.7562500E-02, 6.8135700E-01, 4.8490100E-01, 1.4942100E-01, 1.3328300E-01, 6.1657200E-02, 7.7849900E-03, 2.1325900E-03, 1.0273300E-03, 2.0950200E-05, 5.8195400E-06, -1.0398000E-06
 c, 1.33, 1.4133500E-04, 9.5008400E-05, 3.0554300E-04, 3.1882400E-04, 6.8244600E-04, 8.5460600E-04, 1.5625000E-03, 2.1854700E-03, 3.7430200E-03, 5.6205400E-03, 9.1939400E-03, 1.3671600E-02, 1.9603600E-02, 2.2048200E-02, 1.1001600E-02, -3.5506400E-02, -1.2722500E-01, -1.8656400E-01, -5.4166000E-02, 4.0102700E-01, 6.1716100E-01, 7.7602400E-02, -8.6527600E-01, -9.8646600E-01, 1.3568600E-01, 9.0755200E-01, 4.4757400E-01, 5.6434400E-02, 2.1328000E-02, 9.0190900E-03, 3.9251200E-04, -3.9347700E-05, 1.9301300E-05
 c, 1.33, -5.3878200E-05, -3.6217900E-05, -1.1647400E-04, -1.2153600E-04, -2.6013700E-04, -3.2576500E-04, -5.9551900E-04, -8.3303800E-04, -1.4262000E-03, -2.1422500E-03, -3.5013200E-03, -5.2103000E-03, -7.4572300E-03, -8.4069000E-03, -4.1595900E-03, 1.3406200E-02, 4.8545300E-02, 7.0799200E-02, 2.1788200E-02, -1.6144000E-01, -2.4665100E-01, -3.6913900E-02, 4.2545300E-01, 5.3834600E-01, -1.3596800E-01, -8.3867000E-01, -6.2141900E-01, 3.4742000E-01, 8.1837500E-01, 3.5412600E-01, 1.6424900E-02, 1.5878800E-03, 1.5968300E-03
 c, 1.33, -5.1402900E-05, -3.4556100E-05, -1.1111800E-04, -1.1597400E-04, -2.4813400E-04, -3.1097500E-04, -5.6774600E-04, -7.9597700E-04, -1.3580100E-03, -2.0508100E-03, -3.3259700E-03, -5.0066200E-03, -7.0432600E-03, -8.1878200E-03, -3.6159800E-03, 1.2095200E-02, 4.8209800E-02, 6.4660800E-02, 2.7720600E-02, -1.7197600E-01, -2.1974900E-01, -6.8486100E-02, 5.0775900E-01, 5.1306700E-01, -1.8210000E-01, -1.1048400E+00, -1.2201600E+00, 2.7694100E+00, 7.3287200E-01, -2.0348500E+00, -6.1314900E-01, 8.6700900E-01, 2.4027500E-01
 c, 1.33, -8.1725400E-05, -5.4996000E-05, -1.7653600E-04, -1.8492300E-04, -3.9308700E-04, -4.9884600E-04, -8.9127100E-04, -1.2961800E-03, -2.0859700E-03, -3.4385900E-03, -4.8894600E-03, -8.8729500E-03, -9.2320700E-03, -1.7343700E-02, 3.5318200E-03, -5.4560400E-04, 1.2176800E-01, 1.2515600E-02, 2.3309400E-01, -6.7888600E-01, 3.2358400E-01, -1.2239200E+00, 3.1143000E+00, -2.6982300E+00, 4.2430700E+00, -1.1287700E+01, 1.3196400E+01, -3.7396000E+00, -6.7699200E+00, 8.1340500E+00, -4.4640900E+00, 1.2008400E+00, 4.6357400E-01
 c, 1.33, 1.6722100E-05, 1.1240900E-05, 3.6149900E-05, 3.7721200E-05, 8.0738500E-05, 1.0110900E-04, 1.8483000E-04, 2.5856400E-04, 4.4263600E-04, 6.6499300E-04, 1.0865800E-03, 1.6177700E-03, 2.3136300E-03, 2.6125900E-03, 1.2844200E-03, -4.1519900E-03, -1.5130100E-02, -2.1961900E-02, -6.9527000E-03, 5.0959700E-02, 7.6905900E-02, 1.2777200E-02, -1.3933700E-01, -1.7425500E-01, 4.2788300E-02, 3.1095000E-01, 2.4364300E-01, -1.7510100E-01, -4.8922800E-01, -3.2812300E-01, 3.6858300E-01, 6.9015800E-01, 2.3263300E-01
 c, 1.33, -5.4298300E-05, -3.6508700E-05, -1.1736300E-04, -1.2256600E-04, -2.6196000E-04, -3.2897900E-04, -5.9851100E-04, -8.4416900E-04, -1.4267000E-03, -2.1857500E-03, -3.4708300E-03, -5.3880600E-03, -7.2305200E-03, -9.1186300E-03, -2.8143800E-03, 1.0694100E-02, 5.5930900E-02, 5.8969300E-02, 4.9258900E-02, -2.2746600E-01, -1.6619900E-01, -1.8254400E-01, 7.9650000E-01, 2.5432600E-01, 3.5094300E-02, -1.9227800E+00, -9.0889500E-01, 6.2803500E+00, -5.1420200E+00, -4.6650300E-01, 3.2375100E+00, -1.4732300E+00, -4.5955300E-01
 c, 33.33, 1.0000000E+00
 p, AC , 5.112555E+07, 1.458561E+07, 4.533806E+06, 1.517941E+06, 5.389387E+05, 2.011483E+05, 7.851521E+04, 3.198687E+04, 1.360491E+04, 6.047657E+03, 2.808807E+03, 1.359454E+03, 6.820205E+02, 3.526897E+02, 1.873545E+02, 1.016262E+02, 5.650409E+01, 3.171324E+01, 1.760210E+01, 9.839732E+00, 5.449955E+00, 2.959033E+00, 1.583886E+00, 7.976501E-01, 4.096210E-01, 2.044324E-01, 8.361951E-02, 4.093185E-02, 1.820839E-02
 c, 1.29, 1.1787800E-05, 1.6211700E-05, 5.0313400E-05, 1.0533100E-04, 2.5330500E-04, 5.7419100E-04, 1.3553600E-03, 3.2180700E-03, 7.8099000E-03, 1.8915300E-02, 4.4563400E-02, 9.6388000E-02, 1.7687500E-01, 2.4328600E-01, 2.2233600E-01, 1.7134200E-01, 1.8239900E-01, 1.2593900E-01, 2.5683300E-02, -5.9468700E-03, -2.7250400E-03, 5.2053000E-04, 7.0847400E-04, 1.4637200E-04, 8.1445000E-06, 4.8953200E-06, -2.3425000E-07, 2.1959100E-07, -6.2785800E-08
 c, 1.29, -1.3540000E-05, -1.8645600E-05, -5.7893600E-05, -1.2136000E-04, -2.9225300E-04, -6.6374900E-04, -1.5712800E-03, -3.7458400E-03, -9.1504500E-03, -2.2385400E-02, -5.3639100E-02, -1.1916200E-01, -2.2718500E-01, -3.2187400E-01, -2.2110600E-01, 1.7902900E-01, 5.6022500E-01, 3.9958700E-01, -1.8937100E-02, -1.6826200E-01, -6.5962900E-02, 4.8674300E-03, 9.6383200E-03, 2.0154800E-03, 1.1335500E-04, 6.7542700E-05, -2.6872300E-06, 2.7949600E-06, -8.0109300E-07
 c, 1.29, 8.9956900E-07, 1.2437900E-06, 3.8677900E-06, 8.1400000E-06, 1.9690900E-05, 4.4975500E-05, 1.0745000E-04, 2.5927900E-04, 6.4601900E-04, 1.6276000E-03, 4.0888500E-03, 9.7517400E-03, 2.0391300E-02, 3.0926600E-02, 3.4611300E-03, -1.2090500E-01, -3.0075700E-01, -1.4991300E-01, 3.9359300E-01, 6.2251400E-01, 2.4386900E-01, -7.0709900E-03, -2.4330200E-02, -5.6135000E-03, -2.1349100E-04, -3.1286200E-04, 3.5367400E-05, -2.4987200E-05, 6.8554100E-06
 c, 1.29, -1.6481800E-06, -2.2719100E-06, -7.0567700E-06, -1.4807000E-05, -3.5697200E-05, -8.1186500E-05, -1.9262500E-04, -4.6062100E-04, -1.1307500E-03, -2.7877500E-03, -6.7628500E-03, -1.5328900E-02, -3.0025100E-02, -4.3494900E-02, -2.1482800E-02, 7.3518000E-02, 1.9892200E-01, 9.6419800E-02, -2.5786800E-01, -5.0036300E-01, -4.4337100E-02, 6.0503400E-01, 5.0595600E-01, 1.1039300E-01, 1.7640900E-02, 1.2600400E-02, 9.6003800E-04, 8.1208600E-05, -1.8999800E-05
 c, 1.29, 8.0870900E-07, 1.1147000E-06, 3.4624700E-06, 7.2647100E-06, 1.7514700E-05, 3.9829000E-05, 9.4506700E-05, 2.2593800E-04, 5.5470500E-04, 1.3669600E-03, 3.3163800E-03, 7.5107700E-03, 1.4711600E-02, 2.1283300E-02, 1.0620900E-02, -3.5678900E-02, -9.6411200E-02, -4.6779600E-02, 1.2839200E-01, 2.5451500E-01, 5.2707600E-03, -3.9290800E-01, -3.8024400E-01, 1.9228100E-01, 5.9371700E-01, 4.0041000E-01, 5.5951000E-02, -6.5349100E-03, 1.9320200E-03
 c, 1.29, -1.3090800E-06, -1.7939200E-06, -5.6195600E-06, -1.1659100E-05, -2.8570200E-05, -6.3502400E-05, -1.5552500E-04, -3.5647300E-04, -9.2381400E-04, -2.1291700E-03, -5.6021500E-03, -1.1495200E-02, -2.5613500E-02, -2.9916900E-02, -2.7924700E-02, 8.5789300E-02, 1.0765800E-01, 1.7783700E-01, -4.4939400E-01, -1.3376000E-01, -4.1279700E-01, 2.0969000E+00, -9.3483800E-01, -3.0642100E+00, 4.9153900E+00, -2.7765100E+00, -1.0521700E-01, 7.6455900E-01, -8.0459100E-03
 c, 1.29, -5.7780100E-07, -7.9668100E-07, -2.4735000E-06, -5.1929600E-06, -1.2508600E-05, -2.8481400E-05, -6.7462700E-05, -1.6166400E-04, -3.9572700E-04, -9.7883100E-04, -2.3642800E-03, -5.3843800E-03, -1.0471900E-02, -1.5325900E-02, -7.3032700E-03, 2.5023500E-02, 7.0799500E-02, 3.0478500E-02, -8.9178400E-02, -2.0105600E-01, 2.8370800E-02, 2.7824200E-01, 4.1369800E-01, -5.2138600E-01, -6.6830800E-01, 3.0230500E-01, 6.8737100E-01, 2.3910500E-01, 1.7464500E-02
 c, 1.29, -9.0649100E-07, -1.2503000E-06, -3.8800700E-06, -8.1510700E-06, -1.9616500E-05, -4.4723200E-05, -1.0574700E-04, -2.5401900E-04, -6.1990500E-04, -1.5393300E-03, -3.7009600E-03, -8.4792000E-03, -1.6365800E-02, -2.4251000E-02, -1.0956200E-02, 3.8539900E-02, 1.1462600E-01, 4.2354200E-02, -1.3629400E-01, -3.4954600E-01, 1.1547400E-01, 4.2017500E-01, 8.7394700E-01, -1.9567300E+00, -2.8022500E-02, 1.7608500E+00, -6.7735900E-01, -4.8084300E-01, -1.6595900E-02
 c, 1.29, 4.3739900E-07, 5.9976100E-07, 1.8772000E-06, 3.8985200E-06, 9.5399100E-06, 2.1243900E-05, 5.1887200E-05, 1.1936200E-04, 3.0779200E-04, 7.1375400E-04, 1.8629800E-03, 3.8563300E-03, 8.4839100E-03, 1.0117900E-02, 9.0380300E-03, -2.7158100E-02, -3.5665900E-02, -5.7223100E-02, 1.3207200E-01, 2.9729600E-02, 1.8706000E-01, -5.3162900E-01, 2.0985100E-01, -6.7930700E-01, 2.3430100E+00, -1.8244000E+00, -1.2931500E+00, 2.7739200E+00, -1.4839900E+00
 c, 29.29, 1.0000000E+00
 d, AC , 9.512240E+04, 2.250216E+04, 7.339573E+03, 2.865034E+03, 1.260816E+03, 6.031276E+02, 3.058937E+02, 1.620602E+02, 8.829214E+01, 4.919881E+01, 2.754390E+01, 1.522323E+01, 8.418263E+00, 4.576062E+00, 2.415446E+00, 1.243256E+00, 6.077132E-01, 2.520298E-01, 9.942981E-02, 3.722370E-02
 c, 1.20, 1.9299300E-05, 1.2903600E-04, 6.8077900E-04, 3.0817100E-03, 1.2061900E-02, 3.9878700E-02, 1.0826700E-01, 2.2720300E-01, 3.4248100E-01, 3.2115100E-01, 1.4852800E-01, 7.0831700E-03, -2.2258200E-02, -8.4909400E-03, -7.4614300E-04, 2.5730800E-04, 7.1181200E-05, 1.0177100E-05, -1.5907800E-06, 5.3504100E-07
 c, 1.20, -9.1962100E-06, -6.1479500E-05, -3.2584800E-04, -1.4780800E-03, -5.8375100E-03, -1.9469200E-02, -5.3962000E-02, -1.1402800E-01, -1.6680600E-01, -1.0435800E-01, 1.5849300E-01, 4.3064100E-01, 4.0162300E-01, 1.4838100E-01, 1.3401800E-02, -1.7036200E-03, -8.1272900E-04, -3.1450700E-05, -1.1301300E-05, 3.0069800E-06
 c, 1.20, 4.2789900E-06, 2.8560600E-05, 1.5172300E-04, 6.8702000E-04, 2.7207900E-03, 9.0648200E-03, 2.5226300E-02, 5.3204600E-02, 7.7934900E-02, 4.3687800E-02, -9.1817000E-02, -2.3688600E-01, -1.9410400E-01, 1.6382000E-01, 4.8921600E-01, 4.0295000E-01, 1.2532500E-01, 8.2037500E-03, -1.1202200E-04, 9.7092600E-05
 c, 1.20, -2.1991000E-06, -1.4795900E-05, -7.7872400E-05, -3.5601200E-04, -1.3971300E-03, -4.6979300E-03, -1.2952100E-02, -2.7657300E-02, -3.9908400E-02, -2.3288400E-02, 5.1315100E-02, 1.2531200E-01, 1.1322800E-01, -1.3755200E-01, -3.3093200E-01, -3.6456900E-01, 1.0044300E+00, 2.5540600E-01, -6.1707200E-01, -2.3188400E-01
 c, 1.20, -1.0620200E-06, -7.0993700E-06, -3.7644800E-05, -1.7083000E-04, -6.7522000E-04, -2.2549600E-03, -6.2641400E-03, -1.3248600E-02, -1.9319300E-02, -1.0726900E-02, 2.3948100E-02, 6.0423800E-02, 4.9050900E-02, -5.4284500E-02, -1.4963200E-01, -1.2190400E-01, 1.2754100E-01, 4.2841800E-01, 4.7479100E-01, 2.0902900E-01
 c, 1.20, 2.7775100E-06, 1.4664300E-05, 1.0244800E-04, 3.4806800E-04, 1.8285200E-03, 4.6196300E-03, 1.7083100E-02, 2.5788600E-02, 6.0448500E-02, -3.1594400E-03, 2.8838200E-04, -2.6553700E-01, 6.2252100E-02, -1.4459700E-01, 1.1129100E+00, -7.3484700E-01, -9.9163900E-01, 1.5194300E+00, -4.9284100E-01, -3.8738900E-01
 c, 1.20, 2.9959600E-06, 1.1993300E-05, 1.1410600E-04, 2.7970100E-04, 2.0212900E-03, 3.7495500E-03, 1.8988600E-02, 1.9393700E-02, 7.4420600E-02, -3.1525800E-02, 5.9563100E-02, -3.9146800E-01, 2.5410600E-01, -4.2437400E-01, 1.9899200E+00, -2.9375900E+00, 1.8118300E+00, -9.8796200E-02, -1.0139400E+00, 1.0180500E+00
 c, 20.20, 1.0000000E+00
 f, AC , 1.596817E+03, 5.374579E+02, 2.278317E+02, 1.087056E+02, 5.506816E+01, 2.900707E+01, 1.528456E+01, 7.929090E+00, 3.949980E+00, 1.766844E+00, 7.357953E-01, 2.811030E-01, 1.006000E-01
 c, 1.13, 2.6353700E-04, 2.4468400E-03, 1.3866600E-02, 5.2570200E-02, 1.4108600E-01, 2.6731600E-01, 3.5618100E-01, 3.0635900E-01, 1.3826400E-01, 1.9386800E-02, -5.3348000E-04, 2.9767500E-04, -8.6913500E-05
 c, 1.13, -5.9732200E-05, -5.5856600E-04, -3.1603400E-03, -1.2048200E-02, -3.2329700E-02, -6.0022000E-02, -7.2621100E-02, -3.5288700E-02, 1.0445500E-01, 2.9372000E-01, 3.9677300E-01, 3.7451000E-01, 2.1254000E-01
 c, 1.13, -1.2372400E-04, -9.3454300E-04, -6.2589700E-03, -2.0677000E-02, -6.4007700E-02, -1.0013400E-01, -1.5494500E-01, -1.0301200E-02, 1.8285300E-01, 9.1245100E-01, -6.8918700E-01, -4.0993200E-01, 4.4015700E-01
 c, 1.13, 3.2657300E-05, 2.4096800E-04, 1.6412600E-03, 5.3848000E-03, 1.6747000E-02, 2.5822200E-02, 4.0280500E-02, 6.0021100E-03, -1.5589100E-02, -8.1553800E-02, -7.0749500E-01, 4.6753100E-01, 6.3323300E-01
 c, 1.13, -3.7775200E-05, -1.0397300E-03, -2.9136700E-03, -2.0650700E-02, -2.9705300E-02, -1.1328700E-01, -3.4453600E-02, -1.5790100E-01, 5.0575000E-01, 2.5901300E-01, -1.1603100E+00, 1.4049600E+00, -9.6743500E-01
 c, 13.13, 1.0000000E+00
 g, AC , 1.043597E+00, 5.200623E-01, 1.408324E-01
 c, 1.1, 1.0000000E+00
 c, 2.2, 1.0000000E+00
 c, 3.3, 1.0000000E+00
 h, AC , 8.077280E-01
 c, 1.1, 1.0000000E+00
                                                                                 ! hydrogen             (5s,2p,1d) -&gt; [3s,2p,1d]
 s, H , 33.8700000, 5.0950000, 1.1590000, 0.3258000, 0.1027000
 c, 4.4, 1.0000000
 c, 1.5, 0.0060773, 0.0453176, 0.2028364, 0.5038927, 0.3834137
 c, 5.5, 1.0000000
 p, H , 1.4070000, 0.3880000
 c, 1.1, 1.0000000
 c, 2.2, 1.0000000
 d, H , 1.0570000
 c, 1.1, 1.0000000
 }
 
 rhf
 EREF(2)=ENERGY
 uccsd(t),maxit=200
 ETOT(2)=ENERGY
 ECORR(2)=ETOT(2)-EREF(2)
 
 table,eref,ecorr,etot
 
 {extrapolate,basis=vdz:vtz,method_r=KM,method_c=LH4,etot=etot,eref=eref,ecorr=ecorr}
 
 Commands initialized (838), CPU time= 0.01 sec, 726 directives.
 Default parameters read. Elapsed time= 0.08 sec

 Checking input...
 Passed
1


                                         ***  PROGRAM SYSTEM MOLPRO  ***
                                       Copyright, TTI GmbH Stuttgart, 2015
                                  Version 2025.2 linked Wed May 14 02:42:57 2025


 **********************************************************************************************************************************
 LABEL *                                                                                                                                                                 
                                                                                         DATE: 03-Dec-25          TIME: 22:36:56  
 **********************************************************************************************************************************

 SHA1:             57ceb174f4fe6691bc75d8fe641d0297fc3c2b28
 **********************************************************************************************************************************

 Memory per process:       500 MW
 Total memory per node:   9500 MW

 GA preallocation disabled
 GA check disabled

 Variable memory set to 500.0 MW



 ZSYMEL=NOSYM

 B1              =       0.90000000                                  
 CHARGE          =       2.00000000                                  
 SETTING BASIS          =    USERDEF


 Recomputing integrals since basis changed


 Using spherical harmonics



 PROGRAM * SEWARD (Integral evaluation for generally contracted gaussian basis sets)     Author: Roland Lindh, 1990

 Geometry written to block  1 of record 700

 Orientation using atomic masses  
 Molecule type: Linear
 Rotational constants:     621.7579806    621.7579806      0.0000000 GHz  (calculated with average atomic masses)

 Point group  C1  



 ATOMIC COORDINATES

 NR  ATOM    CHARGE       X              Y              Z

   1  AC     89.00    0.000000000    0.000000000   -0.007517495
   2  H       1.00    0.000000000    0.000000000    1.693236017

 CAUTION
 VERY SHORT BOND LENGTHS PRESENT - IS THIS RIGHT?


 Bond lengths in Bohr (Angstrom)

 1-2  1.700753512
     ( 0.900000000)

 NUCLEAR CHARGE:                   90
 NUMBER OF PRIMITIVE AOS:         329
 NUMBER OF SYMMETRY AOS:          273
 NUMBER OF CONTRACTIONS:          105   (  105A   )
 NUMBER OF INNER CORE ORBITALS:    30   (   30A   )
 NUMBER OF OUTER CORE ORBITALS:     9   (    9A   )
 NUMBER OF VALENCE ORBITALS:       18   (   18A   )


 NUCLEAR REPULSION ENERGY 52.32974641

 EXTRA SYMMETRY OF AOS IN SYMMETRY 1:   1 1 1 1 1 1 1 1 1 2   3 1 2 3 1 2 3 1 2 3   1 2 3 1 2 3 1 2 3 1   2 3 1 1 4 2 5 3 1 4
                                        2 5 3 1 4 2 5 3 1 4   2 5 3 1 4 2 5 3 1 4   2 5 3 2 3 1 6 4 7 5   2 3 1 6 4 7 5 2 3 1
                                        6 4 7 5 2 3 1 6 4 7   5 1 4 2 8 3 5 9 6 7   1 1 2 3 1

 Eigenvalues of metric

         1 0.191E-02 0.379E-02 0.277E-01 0.741E-01 0.792E-01 0.792E-01 0.120E+00 0.120E+00


 Contracted 2-electron integrals neglected if value below      1.0D-11
 AO integral compression algorithm  1   Integral accuracy      1.0D-11

     17.826 MB (compressed) written to integral file ( 13.7%)

     Node minimum: 0.262 MB, node maximum: 1.835 MB


 NUMBER OF SORTED TWO-ELECTRON INTEGRALS:     812782.     BUFFER LENGTH:  32768
 NUMBER OF SEGMENTS:   1  SEGMENT LENGTH:     812782      RECORD LENGTH: 524288

 Memory used in sort:       1.37 MW

 SORT1 READ    16164922. AND WROTE       89442. INTEGRALS IN      1 RECORDS. CPU TIME:     0.46 SEC, REAL TIME:     0.48 SEC
 SORT2 READ     1692390. AND WROTE    15487395. INTEGRALS IN     19 RECORDS. CPU TIME:     0.04 SEC, REAL TIME:     0.04 SEC

 Node minimum:      812490.  Node maximum:      817763. integrals

 OPERATOR DM      FOR CENTER  0  COORDINATES:    0.000000    0.000000    0.000000


 **********************************************************************************************************************************
 DATASETS  * FILE   NREC   LENGTH (MB)   RECORD NAMES
              1      18       29.51       500      610      700      900      950      970     1000      129      960     1100   
                                          VAR    BASINP    GEOM    SYMINP    ZMAT    AOBASIS   BASIS     P2S    ABASIS      S 
                                         1400     1410     1200     1210     1080     1600     1650     1700   
                                           T        V       H0       H01     AOSYM     SMH    MOLCAS    OPER   

 PROGRAMS   *        TOTAL       INT
 CPU TIMES  *         5.04      4.66
 REAL TIME  *         6.46 SEC
 DISK USED  *        29.90 MB (local),      654.77 MB (total)
 GA USED    *         0.00 MB       (max)       0.00 MB       (current)
 **********************************************************************************************************************************


 Program * Restricted Hartree-Fock

 Orbital guess generated from atomic densities.

 Initial alpha occupancy:  46
 Initial beta  occupancy:  42

 NELEC=   88   SYM=1   MS2= 4   THRE=1.0D-08   THRD=3.2D-06   THRG=3.2D-06  HFMA2=F  DIIS_START=2   DIIS_MAX=10   DIIS_INCORE=F

 Level shifts:    0.00 (CLOSED)    0.00 (OPEN)    0.30 (GAP_MIN)

 ITER           ETOT              DE          GRAD        DDIFF     DIIS  NEXP   TIME(IT)  TIME(TOT)  DIAG
   1   -19399.62650480  -19399.62650480     0.00D+00     0.21D+00     0     0       0.00      0.78    start
   2   -19435.87439909     -36.24789429     0.46D+00     0.11D+00     1     0       0.01      0.79    diag2
   3   -19439.52985833      -3.65545924     0.34D-01     0.83D-01     2     0       0.01      0.80    diag2
   4   -19439.98879816      -0.45893982     0.13D-01     0.13D-01     3     0       0.01      0.81    diag2
   5   -19440.09850345      -0.10970529     0.38D-02     0.81D-02     4     0       0.00      0.81    diag2
   6   -19440.11691492      -0.01841147     0.12D-02     0.42D-02     5     0       0.01      0.82    diag2
   7   -19440.12093063      -0.00401572     0.65D-03     0.11D-02     6     0       0.04      0.86    diag2
   8   -19440.12309831      -0.00216768     0.29D-03     0.13D-02     7     0       0.17      1.03    fixocc
   9   -19440.12389950      -0.00080119     0.14D-03     0.65D-03     8     0       0.04      1.07    diag2
  10   -19440.12470356      -0.00080406     0.11D-03     0.79D-03     9     0       0.01      1.08    diag2/orth
  11   -19440.12526587      -0.00056232     0.75D-04     0.76D-03     9     0       0.01      1.09    diag2
  12   -19440.12562484      -0.00035896     0.54D-04     0.78D-03     9     0       0.67      1.76    diag2
  13   -19440.12573301      -0.00010817     0.32D-04     0.53D-03     9     0       0.07      1.83    diag2
  14   -19440.12574209      -0.00000909     0.11D-04     0.14D-03     9     0       0.05      1.88    diag2
  15   -19440.12574364      -0.00000155     0.49D-05     0.60D-04     9     0       0.04      1.92    diag2
  16   -19440.12574381      -0.00000016     0.17D-05     0.16D-04     9     0       0.01      1.93    diag2
  17   -19440.12574384      -0.00000003     0.80D-06     0.57D-05     9     0       0.01      1.94    diag2
  18   -19440.12574385      -0.00000001     0.44D-06     0.26D-05     9     0       0.39      2.33    diag2
  19   -19440.12574385      -0.00000000     0.25D-06     0.90D-06     0     0       0.04      2.37    diag

 Final alpha occupancy:  46
 Final beta  occupancy:  42

 !RHF STATE 1.1 Energy               -19440.1257438473    
  RHF One-electron energy            -27977.0348024104    
  RHF Two-electron energy            8484.579312151503
  RHF Kinetic energy                  20478.5582921593    
  RHF Nuclear energy                   52.329746411519
  RHF Virial quotient                  -0.949291716072

 !RHF STATE 1.1 Dipole moment          -0.00000000     0.00000000    -0.22550610
 Dipole moment /Debye                  -0.00000000     0.00000000    -0.57317934

 ELECTRON ORBITALS
 =================

  Orbital  Occupation    Energy    Cen Mu Typ  Coefficients
    1.1     2.00000 -1872.40333     1  1  s    0.57897    1  2  s    0.67956    1  3  s    0.44102
    2.1     2.00000  -579.78580     1  1  pz   0.96552
    3.1     2.00000  -579.78248     1  1  py   0.96559
    4.1     2.00000  -579.78248     1  1  px   0.96559
    5.1     2.00000  -313.77134     1  1  s   -0.34305    1  2  s    0.70308    1  3  s   -0.59869
    6.1     2.00000  -140.96996     1  1  py   0.25995    1  2  py   0.89512    1  3  py   0.35970
    7.1     2.00000  -140.96996     1  1  px   0.25995    1  2  px   0.89512    1  3  px   0.35970
    8.1     2.00000  -140.96661     1  1  pz   0.26013    1  2  pz   0.89501    1  3  pz   0.36138
    9.1     2.00000  -131.01398     1  1  d2+  0.99818
   10.1     2.00000  -131.01376     1  1  d2-  0.99818
   11.1     2.00000  -131.01124     1  1  d1-  0.99818
   12.1     2.00000  -131.01124     1  1  d1+  0.99818
   13.1     2.00000  -131.01120     1  1  d0   0.99818
   14.1     2.00000   -72.68774     1  3  s   -0.25599    1  4  s    0.85258    1  5  s   -0.42387    2  2  s    0.40769
   15.1     2.00000   -34.07105     1  2  py  -0.36026    1  3  py   0.91947
   16.1     2.00000   -34.07105     1  2  px  -0.36026    1  3  px   0.91947
   17.1     2.00000   -34.05694     1  2  pz  -0.35987    1  3  pz   0.91607
   18.1     2.00000   -28.55049     1  2  d2-  0.99788
   19.1     2.00000   -28.54986     1  2  d2+  0.99788
   20.1     2.00000   -28.53545     1  2  d1-  0.99800
   21.1     2.00000   -28.53545     1  2  d1+  0.99800
   22.1     2.00000   -28.53347     1  2  d0   0.99765
   23.1     2.00000   -16.27909     1  1  f1-  0.92558    1  1  f3- -0.37361
   24.1     2.00000   -16.27909     1  1  f1+  0.92553    1  1  f3+  0.37375
   25.1     2.00000   -16.27820     1  1  f0   0.99729    2  1  s    0.32358
   26.1     2.00000   -16.27271     1  1  f1-  0.37312    1  1  f3-  0.92683
   27.1     2.00000   -16.27271     1  1  f1+ -0.37325    1  1  f3+  0.92677
   28.1     2.00000   -16.26864     1  1  f2+  0.99929
   29.1     2.00000   -16.26091     1  1  f2-  0.99929
   30.1     2.00000   -16.04273     1  4  s    0.47597    1  5  s    0.99597    1  7  s   -0.27360    1  8  s    0.36643
                                    1  7  pz   0.27600    2  2  s   -0.69516
   31.1     2.00000    -7.10882     1  8  s   -0.25587    1  4  pz   0.99074    2  2  s    0.33354
   32.1     2.00000    -7.10418     1  4  py   0.98880
   33.1     2.00000    -7.10418     1  4  px   0.98880
   34.1     2.00000    -4.60757     1  3  d0   0.97152
   35.1     2.00000    -4.55174     1  3  d1+  0.99346
   36.1     2.00000    -4.55174     1  3  d1-  0.99346
   37.1     2.00000    -4.53854     1  3  d2+  0.99827
   38.1     2.00000    -4.53560     1  3  d2-  0.99822
   39.1     2.00000    -3.16155     1  7  s    0.49222    1  8  s   -0.58381    1  5  pz  -0.43905    1  7  pz  -0.40779
                                    1  5  d0  -0.27438    2  1  s    0.29313    2  2  s    0.84965
   40.1     2.00000    -1.42749     1  8  s    0.31139    1  5  pz   0.68553    2  1  s    1.09090    2  2  s   -0.88340
   41.1     2.00000    -1.19365     1  5  py   0.99648
   42.1     2.00000    -1.19365     1  5  px   0.99648
   43.1     1.00000    -0.97178     1  8  s    0.27477    1  5  pz  -0.40875    1  5  d0   0.43880    1  2  f0   0.71844
                                    2  1  s    0.30812    2  2  s   -0.37737
   44.1     1.00000    -0.90590     1  2  f1-  1.00750
   45.1     1.00000    -0.90590     1  2  f1+  1.00749
   46.1     1.00000    -0.85722     1  2  f2+  0.96984


 HOMO     46.1    -0.857224 =     -23.3263eV
 LUMO     47.1    -0.513105 =     -13.9623eV
 LUMO-HOMO         0.344119 =       9.3640eV

 Orbitals saved in record  2100.2


 **********************************************************************************************************************************
 DATASETS  * FILE   NREC   LENGTH (MB)   RECORD NAMES
              1      18       29.51       500      610      700      900      950      970     1000      129      960     1100   
                                          VAR    BASINP    GEOM    SYMINP    ZMAT    AOBASIS   BASIS     P2S    ABASIS      S 
                                         1400     1410     1200     1210     1080     1600     1650     1700   
                                           T        V       H0       H01     AOSYM     SMH    MOLCAS    OPER   

              2       4        0.75       700     1000      520     2100   
                                         GEOM     BASIS   MCVARS     RHF  

 PROGRAMS   *        TOTAL   RHF-SCF       INT
 CPU TIMES  *         7.76      2.58      4.66
 REAL TIME  *        10.67 SEC
 DISK USED  *        31.90 MB (local),      692.79 MB (total)
 GA USED    *         0.00 MB       (max)       0.00 MB       (current)
 **********************************************************************************************************************************
 EREF(1)         =  -19440.12574385  AU                              


 PROGRAM * CCSD (Unrestricted open-shell coupled cluster)     Authors: C. Hampel, H.-J. Werner, 1991, M. Deegan, P.J. Knowles, 1992


 Convergence thresholds:  THRVAR = 1.00D-08  THRDEN = 1.00D-06

 CCSD(T)     terms to be evaluated (factor= 1.000)


 Number of core orbitals:          39 (  39 )
 Number of closed-shell orbitals:   3 (   3 )
 Number of active  orbitals:        4 (   4 )
 Number of external orbitals:      59 (  59 )

 Memory could be reduced to 4.16 Mwords without degradation in triples

 Number of N-1 electron functions:              10
 Number of N-2 electron functions:              45
 Number of singly external CSFs:               630
 Number of doubly external CSFs:            130221
 Total number of CSFs:                      130851

 Molecular orbitals read from record     2100.2  Type=RHF/CANONICAL  

 Integral transformation finished. Total CPU:   0.32 sec, npass=  1  Memory used:   5.43 MW

 Starting RMP2 calculation, locsing= 0

 ITER.      SQ.NORM     CORR.ENERGY   TOTAL ENERGY   ENERGY CHANGE        DEN1      VAR(S)    VAR(P)  DIIS     TIME
   1      1.11294014    -0.27522639-19440.40097024    -0.27522639    -0.00157771  0.79D-05  0.77D-03  1  1     0.42
   2      1.11490508    -0.27696877-19440.40271261    -0.00174237    -0.00000345  0.30D-07  0.18D-05  2  2     0.56
   3      1.11496529    -0.27699982-19440.40274367    -0.00003105    -0.00000001  0.38D-09  0.39D-08  3  3     0.74
   4      1.11496554    -0.27699975-19440.40274359     0.00000007    -0.00000000  0.76D-11  0.10D-10  4  4     0.87

 Norm of t1 vector:      0.03074034      S-energy:    -0.00141756      T1 diagnostic:  0.00027464
 Norm of t2 vector:      0.33766933      P-energy:    -0.27558219
                                         Alpha-Beta:  -0.18801140
                                         Alpha-Alpha: -0.07257903
                                         Beta-Beta:   -0.01499177

 Spin contamination <S**2-Sz**2-Sz>     0.00018704
  Reference energy                   -19440.1257438473    
  RHF-RMP2 correlation energy          -0.276999745306
 !RHF-RMP2 energy                    -19440.4027435926    

 Starting UCCSD calculation

 ITER.      SQ.NORM     CORR.ENERGY   TOTAL ENERGY   ENERGY CHANGE        DEN1      VAR(S)    VAR(P)  DIIS     TIME
   1      1.11523384    -0.27060773-19440.39635158    -0.27060773    -0.00764316  0.15D-02  0.27D-02  1  1     2.58
   2      1.12986708    -0.27909429-19440.40483813    -0.00848655    -0.00083801  0.16D-03  0.35D-03  2  2     4.61
   3      1.13695404    -0.28134782-19440.40709167    -0.00225354    -0.00016216  0.79D-04  0.55D-04  3  3     7.32
   4      1.14076650    -0.28214432-19440.40788817    -0.00079650    -0.00004923  0.27D-04  0.18D-04  4  4     9.18
   5      1.14364513    -0.28247145-19440.40821529    -0.00032713    -0.00002089  0.12D-04  0.74D-05  5  5    11.13
   6      1.14583636    -0.28261535-19440.40835920    -0.00014391    -0.00001140  0.79D-05  0.33D-05  6  6    12.14
   7      1.14777155    -0.28269481-19440.40843866    -0.00007946    -0.00000617  0.49D-05  0.14D-05  6  1    12.56
   8      1.14972170    -0.28275808-19440.40850193    -0.00006327    -0.00000275  0.23D-05  0.54D-06  6  2    12.90
   9      1.15106812    -0.28278566-19440.40852950    -0.00002757    -0.00000089  0.67D-06  0.22D-06  6  3    13.43
  10      1.15171156    -0.28280247-19440.40854632    -0.00001682    -0.00000036  0.27D-06  0.96D-07  6  4    13.55
  11      1.15215317    -0.28281461-19440.40855846    -0.00001214    -0.00000014  0.11D-06  0.32D-07  6  5    13.68
  12      1.15244186    -0.28282707-19440.40857091    -0.00001246    -0.00000006  0.42D-07  0.15D-07  6  1    13.80
  13      1.15264090    -0.28283181-19440.40857566    -0.00000475    -0.00000002  0.18D-07  0.55D-08  6  3    13.92
  14      1.15275586    -0.28283585-19440.40857970    -0.00000404    -0.00000001  0.70D-08  0.26D-08  6  6    14.05
  15      1.15279343    -0.28283623-19440.40858008    -0.00000038    -0.00000000  0.26D-08  0.79D-09  6  2    14.17

 Norm of t1 vector:      0.12205262      S-energy:    -0.00159491      T1 diagnostic:  0.02615358
                                                                       D1 diagnostic:  0.04650569
                                                                       D2 diagnostic:  0.19270959 (internal)
 Norm of t2 vector:      0.37134430      P-energy:    -0.28124132
                                         Alpha-Beta:  -0.19955179
                                         Alpha-Alpha: -0.07030599
                                         Beta-Beta:   -0.01138354

 Singles amplitudes (print threshold =  0.500E-01):

         I         SYM. A    A   T(IA) [Alpha-Alpha]

         4         1         8     -0.05995698
         5         1        12      0.05441302
         6         1        11     -0.05441834

 Spin contamination <S**2-Sz**2-Sz>     0.00026773

 Memory could be reduced to 5.05 Mwords without degradation in triples


 RESULTS
 =======

  Reference energy                   -19440.1257438473    
  UCCSD singles energy                 -0.001594909576
  UCCSD pair energy                    -0.281241319185
  UCCSD correlation energy             -0.282836228761
  Triples (T) contribution             -0.011889281967
  Total correlation energy             -0.294725510728

  RHF-UCCSD energy                   -19440.4085800761    
  RHF-UCCSD[T] energy                -19440.4209125420    
  RHF-UCCSD-T energy                 -19440.4202025259    
 !RHF-UCCSD(T) energy                -19440.4204693581    

 Program statistics:

 Available memory in ccsd:               499999492
 Min. memory needed in ccsd:                630406
 Max. memory used in ccsd:                  784756
 Max. memory used in cckext:               1194354 (15 integral passes)
 Max. memory used in cckint:               5426608 ( 1 integral passes)



 **********************************************************************************************************************************
 DATASETS  * FILE   NREC   LENGTH (MB)   RECORD NAMES
              1      18       29.51       500      610      700      900      950      970     1000      129      960     1100   
                                          VAR    BASINP    GEOM    SYMINP    ZMAT    AOBASIS   BASIS     P2S    ABASIS      S 
                                         1400     1410     1200     1210     1080     1600     1650     1700   
                                           T        V       H0       H01     AOSYM     SMH    MOLCAS    OPER   

              2       4        0.75       700     1000      520     2100   
                                         GEOM     BASIS   MCVARS     RHF  

 PROGRAMS   *        TOTAL  UCCSD(T)   RHF-SCF       INT
 CPU TIMES  *        23.83     15.67      2.58      4.66
 REAL TIME  *        28.96 SEC
 DISK USED  *        46.80 MB (local),      975.97 MB (total)
 SF USED    *        80.96 MB
 GA USED    *         0.00 MB       (max)       0.00 MB       (current)
 **********************************************************************************************************************************
 ETOT(1)         =  -19440.42046936  AU                              
 ECORR(1)        =      -0.29472551  AU                              
 SETTING BASIS          =    USERDEF


 Recomputing integrals since basis changed


 Using spherical harmonics



 PROGRAM * SEWARD (Integral evaluation for generally contracted gaussian basis sets)     Author: Roland Lindh, 1990

 Geometry written to block  1 of record 700

 Orientation using atomic masses  
 Molecule type: Linear
 Rotational constants:     621.7579806    621.7579806      0.0000000 GHz  (calculated with average atomic masses)

 Point group  C1  



 ATOMIC COORDINATES

 NR  ATOM    CHARGE       X              Y              Z

   1  AC     89.00    0.000000000    0.000000000   -0.007517495
   2  H       1.00    0.000000000    0.000000000    1.693236017

 CAUTION
 VERY SHORT BOND LENGTHS PRESENT - IS THIS RIGHT?


 Bond lengths in Bohr (Angstrom)

 1-2  1.700753512
     ( 0.900000000)

 NUCLEAR CHARGE:                   90
 NUMBER OF PRIMITIVE AOS:         453
 NUMBER OF SYMMETRY AOS:          365
 NUMBER OF CONTRACTIONS:          175   (  175A   )
 NUMBER OF INNER CORE ORBITALS:    30   (   30A   )
 NUMBER OF OUTER CORE ORBITALS:     9   (    9A   )
 NUMBER OF VALENCE ORBITALS:       18   (   18A   )


 NUCLEAR REPULSION ENERGY 52.32974641

 EXTRA SYMMETRY OF AOS IN SYMMETRY 1:   1 1 1 1 1 1 1 1 1 1   1 2 3 1 2 3 1 2 3 1   2 3 1 2 3 1 2 3 1 2   3 1 2 3 1 2 3 1 2 3
                                        1 1 4 2 5 3 1 4 2 5   3 1 4 2 5 3 1 4 2 5   3 1 4 2 5 3 1 4 2 5   3 1 4 2 5 3 1 4 2 5
                                        3 2 3 1 6 4 7 5 2 3   1 6 4 7 5 2 3 1 6 4   7 5 2 3 1 6 4 7 5 2   3 1 6 4 7 5 2 3 1 6
                                        4 7 5 1 4 2 8 3 5 9   6 7 1 4 2 8 3 5 9 6   7 1 4 2 8 3 5 9 6 7   2 3 5 6 9 7 810 111
                                        4 1 1 1 2 3 1 2 3 1   1 4 2 5 3

 Eigenvalues of metric

         1 0.172E-04 0.795E-04 0.792E-03 0.101E-02 0.101E-02 0.112E-02 0.112E-02 0.113E-02


 Contracted 2-electron integrals neglected if value below      1.0D-12
 AO integral compression algorithm  1   Integral accuracy      1.0D-12

     131.858 MB (compressed) written to integral file ( 14.1%)

     Node minimum: 2.097 MB, node maximum: 17.302 MB


 NUMBER OF SORTED TWO-ELECTRON INTEGRALS:    6240645.     BUFFER LENGTH:  32768
 NUMBER OF SEGMENTS:   1  SEGMENT LENGTH:    6240645      RECORD LENGTH: 524288

 Memory used in sort:       6.80 MW

 SORT1 READ   116396907. AND WROTE      755914. INTEGRALS IN      3 RECORDS. CPU TIME:     0.63 SEC, REAL TIME:     0.67 SEC
 SORT2 READ    14239909. AND WROTE   118587700. INTEGRALS IN    361 RECORDS. CPU TIME:     0.06 SEC, REAL TIME:     0.08 SEC

 Node minimum:     6234165.  Node maximum:     6248755. integrals

 OPERATOR DM      FOR CENTER  0  COORDINATES:    0.000000    0.000000    0.000000


 **********************************************************************************************************************************
 DATASETS  * FILE   NREC   LENGTH (MB)   RECORD NAMES
              1      18       30.31       500      610      700      900      950      970     1001      129      960     1100   
                                          VAR    BASINP    GEOM    SYMINP    ZMAT    AOBASIS   BASIS     P2S    ABASIS      S 
                                         1400     1410     1200     1210     1080     1600     1650     1700   
                                           T        V       H0       H01     AOSYM     SMH    MOLCAS    OPER   

              2       5        0.90       700     1000      520     2100     1001   
                                         GEOM     BASIS   MCVARS     RHF     BASIS   

 PROGRAMS   *        TOTAL       INT  UCCSD(T)   RHF-SCF       INT
 CPU TIMES  *        32.39      7.50     15.67      2.58      4.66
 REAL TIME  *        37.94 SEC
 DISK USED  *        46.80 MB (local),        1.19 GB (total)
 SF USED    *        80.96 MB
 GA USED    *         0.00 MB       (max)       0.00 MB       (current)
 **********************************************************************************************************************************


 Program * Restricted Hartree-Fock

 Molecular orbitals read from record     2100.2  Type=RHF/CANONICAL  

 Present basis size:      175
 Previous basis size:     105
 Previous occupation:      46
 Previous closed-shells:   42
 Previous core-orbitals:   39
 Present occupation:       46
 Present closed-shells:    42
 Present core-orbitals:    39
 Wavefunction symmetry:    1   Quintet 

 Orbital overlap <old|new>:  < 1.1| 1.1> = 0.999992   < 2.1| 2.1> = 1.000000   < 3.1| 3.1> = 1.000000   < 4.1| 4.1> = 1.000000
                             < 5.1| 5.1> = 0.999976   < 6.1| 6.1> = 1.000000   < 7.1| 7.1> = 1.000000   < 8.1| 8.1> = 0.999997
                             < 9.1| 9.1> = 1.000000   <10.1|10.1> = 1.000000   <11.1|11.1> = 1.000000   <12.1|12.1> = 1.000000
                             <13.1|13.1> = 1.000000   <14.1|14.1> = 0.999936   <15.1|15.1> = 0.999998   <16.1|16.1> = 0.999998
                             <17.1|17.1> = 0.999988   <18.1|18.1> = 0.999999   <19.1|19.1> = 0.999999   <20.1|20.1> = 0.999999
                             <21.1|21.1> = 0.999999   <22.1|22.1> = 0.999999   <23.1|23.1> = 0.999994   <24.1|24.1> = 0.999994
                             <25.1|25.1> = 0.999990   <26.1|26.1> = 0.999995   <27.1|27.1> = 0.999995   <28.1|28.1> = 0.999995
                             <29.1|29.1> = 0.999995   <30.1|30.1> = 0.999808   <31.1|31.1> = 0.999966   <32.1|32.1> = 0.999997
                             <33.1|33.1> = 0.999997   <34.1|34.1> = 0.999981   <35.1|35.1> = 0.999974   <36.1|36.1> = 0.999974
                             <37.1|37.1> = 0.999973   <38.1|38.1> = 0.999973   <39.1|39.1> = 0.999593   <40.1|40.1> = 0.999903
                             <41.1|41.1> = 0.999963   <42.1|42.1> = 0.999963   <43.1|43.1> = 0.999822   <44.1|44.1> = 0.999564
                             <45.1|45.1> = 0.999564   <46.1|46.1> = 0.999674


 Initial alpha occupancy:  45
 Initial beta  occupancy:  43

 NELEC=   88   SYM=1   MS2= 2   THRE=1.0D-08   THRD=3.2D-06   THRG=3.2D-06  HFMA2=F  DIIS_START=2   DIIS_MAX=10   DIIS_INCORE=F

 Level shifts:    0.00 (CLOSED)    0.00 (OPEN)    0.30 (GAP_MIN)

 ITER           ETOT              DE          GRAD        DDIFF     DIIS  NEXP   TIME(IT)  TIME(TOT)  DIAG
   1   -19437.47155558  -19437.47155558     0.00D+00     0.14D+00     0     0       0.12      0.39    start
   2   -19465.31674605     -27.84519046     0.14D+01     0.48D+02     0     0       0.50      0.89    diag
   3   -19465.40751305      -0.09076701     0.12D-01     0.68D+01     1     0       0.65      1.54    diag2
   4   -19465.43884873      -0.03133568     0.57D-02     0.20D+00     2     0       0.06      1.60    diag2
   5   -19465.44483205      -0.00598332     0.99D-03     0.93D+00     3     0       0.07      1.67    diag2
   6   -19465.44857419      -0.00374214     0.33D-03     0.46D+00     4     0       0.06      1.73    diag2
   7   -19465.45641240      -0.00783821     0.27D-03     0.13D+01     5     0       0.06      1.79    diag2
   8   -19465.46246923      -0.00605683     0.25D-03     0.16D+01     6     0       0.06      1.85    fixocc
   9   -19465.46408933      -0.00162009     0.22D-03     0.60D+00     7     0       0.06      1.91    diag2
  10   -19465.46585597      -0.00176665     0.13D-03     0.14D+01     8     0       0.07      1.98    diag2/orth
  11   -19465.46594080      -0.00008483     0.13D-03     0.15D+00     9     0       0.06      2.04    diag2
  12   -19465.46621159      -0.00027079     0.51D-04     0.37D+00     9     0       0.06      2.10    diag2
  13   -19465.46636887      -0.00015728     0.33D-04     0.88D-01     9     0       0.06      2.16    diag2
  14   -19465.46659259      -0.00022371     0.29D-04     0.44D-01     9     0       0.06      2.22    diag2
  15   -19465.46693343      -0.00034084     0.27D-04     0.87D-01     9     0       0.06      2.28    diag2
  16   -19465.46719664      -0.00026321     0.19D-04     0.47D-01     9     0       0.07      2.35    diag2
  17   -19465.46720369      -0.00000704     0.14D-04     0.21D-01     9     0       0.06      2.41    diag2
  18   -19465.46726378      -0.00006010     0.96D-05     0.53D-01     9     0       0.06      2.47    diag2
  19   -19465.46726661      -0.00000283     0.14D-04     0.28D-01     9     0       0.06      2.53    diag2
  20   -19465.46726686      -0.00000025     0.26D-05     0.34D-02     9     0       0.07      2.60    diag2/orth
  21   -19465.46726686      -0.00000000     0.40D-06     0.11D-02     9     0       0.06      2.66    diag2
  22   -19465.46726687      -0.00000000     0.12D-06     0.55D-04     9     0       0.06      2.72    diag2
  23   -19465.46726686       0.00000001     0.19D-06     0.67D-03     9     0       0.07      2.79    diag2
  24   -19465.46726686      -0.00000001     0.79D-07     0.27D-04     9     0       0.06      2.85    diag2
  25   -19465.46726686       0.00000000     0.12D-07     0.11D-03     9     0       0.06      2.91    diag2
  26   -19465.46726686      -0.00000000     0.53D-08     0.59D-04     9     0       0.06      2.97    diag2
  27   -19465.46726686       0.00000000     0.30D-08     0.23D-05     9     0       0.07      3.04    diag2
  28   -19465.46726686      -0.00000000     0.20D-08     0.24D-06     0     0       0.06      3.10    diag

 Final alpha occupancy:  45
 Final beta  occupancy:  43

 !RHF STATE 1.1 Energy               -19465.4672668631    
  RHF One-electron energy            -28026.0475706791    
  RHF Two-electron energy            8508.250557404530
  RHF Kinetic energy                  20421.4795695968    
  RHF Nuclear energy                   52.329746411519
  RHF Virial quotient                  -0.953185943287

 !RHF STATE 1.1 Dipole moment           0.00000000     0.00000000     0.60269883
 Dipole moment /Debye                   0.00000000     0.00000000     1.53190762

 ELECTRON ORBITALS
 =================

  Orbital  Occupation    Energy    Cen Mu Typ  Coefficients
    1.1     2.00000 -1876.84522     1  1  s    0.65527    1  2  s    0.46636    1  3  s    0.59119    1  4  s   -1.07264
                                    1  5  s   -2.27063    1  6  s   -4.71130    1  7  s    1.45384    1  9  s   -2.85531
                                    1 10  s   -0.52588    1  4  pz  -1.12554    1  5  pz  -3.25265    1  7  pz  -1.97758
                                    1  8  pz   0.28037    1  9  pz   0.26177    1 10  pz   0.42978    1  3  d0  -0.40350
                                    1  5  d0  -1.51439    1  8  d0   0.30792    1  2  f0  -0.35157    1  4  f0  -0.27706
                                    2  1  s    2.68857    2  2  s    0.33925    2  3  s    4.80681    2  2  pz  -0.51132
    2.1     2.00000  -579.59930     1  6  s    0.50714    1  9  s    0.27364    1  1  pz   0.96803    1  5  pz   0.37239
                                    2  1  s   -0.39592    2  3  s   -0.40540
    3.1     2.00000  -579.58342     1  1  py   0.96677
    4.1     2.00000  -579.58342     1  1  px   0.96677
    5.1     2.00000  -315.86844     1  1  s   -0.35404    1  2  s    1.01320    1  3  s   -0.88113    1  4  s    1.71019
                                    1  5  s    3.74974    1  6  s    7.76745    1  7  s   -2.40735    1  9  s    4.74152
                                    1 10  s    0.87716    1  4  pz   1.84243    1  5  pz   5.34997    1  7  pz   3.28938
                                    1  8  pz  -0.48044    1  9  pz  -0.43920    1 10  pz  -0.72003    1  3  d0   0.65887
                                    1  5  d0   2.49785    1  8  d0  -0.51766    1  2  f0   0.57179    1  4  f0   0.45024
                                    2  1  s   -4.36037    2  2  s   -0.55562    2  3  s   -8.01012    2  2  pz   0.82671
    6.1     2.00000  -140.53628     1  4  s   -0.28442    1  5  s   -0.55735    1  6  s   -1.18994    1  7  s    0.35652
                                    1  9  s   -0.64406    1  1  pz   0.25258    1  2  pz   0.89769    1  3  pz   0.32368
                                    1  4  pz  -0.33593    1  5  pz  -0.87179    1  7  pz  -0.45107    1  5  d0  -0.42311
                                    2  1  s    0.92459    2  3  s    0.95670
    7.1     2.00000  -140.52480     1  1  py   0.25549    1  2  py   0.89702    1  3  py   0.35723
    8.1     2.00000  -140.52480     1  1  px   0.25549    1  2  px   0.89702    1  3  px   0.35723
    9.1     2.00000  -130.45886     1  1  d2-  0.99848
   10.1     2.00000  -130.45886     1  1  d2+  0.99848
   11.1     2.00000  -130.45416     1  1  d0   0.99848
   12.1     2.00000  -130.45352     1  1  d1-  0.99848
   13.1     2.00000  -130.45352     1  1  d1+  0.99848
   14.1     2.00000   -73.87524     1  2  s   -0.43557    1  4  s   -1.96678    1  5  s   -5.89043    1  6  s  -11.94067
                                    1  7  s    3.71670    1  8  s    0.30858    1  9  s   -7.32352    1 10  s   -1.35599
                                    1  3  pz  -0.33891    1  4  pz  -2.82215    1  5  pz  -8.21658    1  7  pz  -5.08444
                                    1  8  pz   0.74945    1  9  pz   0.67801    1 10  pz   1.11305    1  3  d0  -1.00581
                                    1  5  d0  -3.83829    1  8  d0   0.79941    1  2  f0  -0.87003    1  4  f0  -0.68853
                                    2  1  s    6.67022    2  2  s    0.81390    2  3  s   12.40830    2  2  pz  -1.26027
   15.1     2.00000   -33.84269     1  2  py  -0.35426    1  3  py   0.91823
   16.1     2.00000   -33.84269     1  2  px  -0.35426    1  3  px   0.91823
   17.1     2.00000   -33.83506     1  4  s    0.57033    1  5  s    1.10448    1  6  s    2.35674    1  7  s   -0.70664
                                    1  9  s    1.28834    1  2  pz  -0.35516    1  3  pz   0.98415    1  4  pz   0.73884
                                    1  5  pz   1.71327    1  7  pz   0.90464    1  5  d0   0.83151    2  1  s   -1.80370
                                    2  3  s   -1.92926    2  2  pz   0.29590
   18.1     2.00000   -28.21135     1  2  d2+  0.99816
   19.1     2.00000   -28.21135     1  2  d2-  0.99816
   20.1     2.00000   -28.18936     1  2  d1-  0.99849
   21.1     2.00000   -28.18936     1  2  d1+  0.99849
   22.1     2.00000   -28.18051     1  2  d0   0.99868
   23.1     2.00000   -16.99466     1  2  s    0.71221    1  3  s   -0.52386    1  4  s    4.70591    1  5  s    9.30774
                                    1  6  s   17.90452    1  7  s   -5.61301    1  8  s   -0.46182    1  9  s   10.97292
                                    1 10  s    2.00794    1  3  pz   0.50503    1  4  pz   4.26527    1  5  pz  12.38183
                                    1  6  pz   0.28595    1  7  pz   7.60029    1  8  pz  -1.06009    1  9  pz  -0.97899
                                    1 10  pz  -1.62593    1  3  d0   1.51097    1  5  d0   5.74755    1  8  d0  -1.14907
                                    1  2  f0   1.30681    1  4  f0   1.05354    1  6  f0  -0.26575    1  3  g0   0.25078
                                    2  1  s  -10.31707    2  2  s   -1.01698    2  3  s  -18.60402    2  2  pz   1.93865
   24.1     2.00000   -15.99265     1  1  f3+  0.99849    1  2  f3+  0.27058    1  4  f3+  0.50151    1  6  f3+ -0.61039
   25.1     2.00000   -15.99265     1  1  f3-  0.99849    1  2  f3-  0.27058    1  4  f3-  0.50151    1  6  f3- -0.61039
   26.1     2.00000   -15.98060     1  1  f1-  0.99888    1  2  f1-  0.28163    1  4  f1-  0.51721    1  6  f1- -0.62892
   27.1     2.00000   -15.98060     1  1  f1+  0.99888    1  2  f1+  0.28163    1  4  f1+  0.51721    1  6  f1+ -0.62892
   28.1     2.00000   -15.97635     1  1  f2+  0.99882    1  2  f2+  0.27204    1  4  f2+  0.50503    1  6  f2+ -0.61459
   29.1     2.00000   -15.97635     1  1  f2-  0.99882    1  2  f2-  0.27204    1  4  f2-  0.50503    1  6  f2- -0.61459
   30.1     2.00000   -15.96784     1  1  f0   0.99905    1  2  f0   0.29149    1  4  f0   0.52939    1  6  f0  -0.64120
   31.1     2.00000    -7.14781     1  4  py   0.98659
   32.1     2.00000    -7.14781     1  4  px   0.98659
   33.1     2.00000    -7.14423     1  4  s   -0.82376    1  5  s   -1.59104    1  6  s   -3.40482    1  7  s    1.02235
                                    1  9  s   -1.89734    1 10  s   -0.27964    1  5  pz  -2.46200    1  7  pz  -1.33902
                                    1 10  pz   0.34333    1  3  d0  -0.29973    1  5  d0  -1.17406    2  1  s    2.46465
                                    2  2  s    0.33123    2  3  s    2.84820    2  2  pz  -0.42254
   34.1     2.00000    -4.63158     1  5  s   -0.27150    1  6  s   -0.50599    1  5  pz  -0.39753    1  3  d0   0.90636
                                    2  1  s    0.33569    2  2  s    0.36280
   35.1     2.00000    -4.56868     1  3  d1-  0.98485
   36.1     2.00000    -4.56868     1  3  d1+  0.98485
   37.1     2.00000    -4.56707     1  3  d2-  0.99849
   38.1     2.00000    -4.56707     1  3  d2+  0.99849
   39.1     2.00000    -3.73616     1  2  s   -0.90112    1  3  s    0.76683    1  4  s   -5.51922    1  5  s  -10.32885
                                    1  6  s  -21.61354    1  7  s    6.97939    1  8  s    0.48293    1  9  s  -13.19621
                                    1 10  s   -2.28135    1  3  pz  -0.66361    1  4  pz  -5.55101    1  5  pz -15.56459
                                    1  7  pz  -8.98234    1  8  pz   0.90959    1  9  pz   0.99997    1 10  pz   1.74452
                                    1  3  d0  -2.00237    1  5  d0  -7.06260    1  6  d0  -0.27559    1  8  d0   1.17002
                                    1  2  f0  -1.70489    1  3  f0   0.33426    1  4  f0  -1.41308    1  6  f0   0.44515
                                    1  3  g0  -0.31498    2  1  s   14.15116    2  2  s    1.12787    2  3  s   21.83858
                                    2  1  pz  -0.25051    2  2  pz  -2.67755
   40.1     2.00000    -1.52615     1  4  s    1.44052    1  5  s    2.74102    1  6  s    5.94186    1  7  s   -1.90199
                                    1  9  s    3.56928    1 10  s    0.57696    1  4  pz   1.34810    1  5  pz   4.94614
                                    1  7  pz   2.42715    1  9  pz  -0.30454    1 10  pz  -0.49958    1  3  d0   0.40555
                                    1  5  d0   2.04724    1  8  d0  -0.26427    1  2  f0   0.57329    2  1  s   -4.57904
                                    2  2  s    1.01107    2  3  s   -6.19902    2  2  pz   0.71460
   41.1     2.00000    -1.27344     1  5  py   0.98835
   42.1     2.00000    -1.27344     1  5  px   0.98835
   43.1     2.00000    -0.97157     1  2  s    0.49359    1  3  s   -0.43081    1  4  s    3.01302    1  5  s    5.73082
                                    1  6  s   12.44147    1  7  s   -4.06294    1  9  s    7.45951    1 10  s    1.28607
                                    1  3  pz   0.35721    1  4  pz   3.00409    1  5  pz   8.02736    1  7  pz   4.70173
                                    1  8  pz  -0.34302    1  9  pz  -0.40360    1 10  pz  -0.80723    1  3  d0   1.02795
                                    1  5  d0   3.92535    1  8  d0  -0.50890    1  2  f0   1.27101    1  4  f0   0.48227
                                    2  1  s   -8.38768    2  2  s    0.27814    2  3  s  -11.99340    2  2  pz   1.53376
   44.1     1.00000    -1.06561     1  2  f1+  0.56624    1  4  f1+ -0.82856    1  5  f1+  0.26562    1  6  f1+  0.61681
   45.1     1.00000    -1.06561     1  2  f1-  0.56624    1  4  f1- -0.82856    1  5  f1-  0.26562    1  6  f1-  0.61681


 HOMO     45.1    -1.065612 =     -28.9968eV
 LUMO     46.1    -0.611837 =     -16.6489eV
 LUMO-HOMO         0.453775 =      12.3478eV

 Orbitals saved in record  2101.2


 **********************************************************************************************************************************
 DATASETS  * FILE   NREC   LENGTH (MB)   RECORD NAMES
              1      18       30.31       500      610      700      900      950      970     1001      129      960     1100   
                                          VAR    BASINP    GEOM    SYMINP    ZMAT    AOBASIS   BASIS     P2S    ABASIS      S 
                                         1400     1410     1200     1210     1080     1600     1650     1700   
                                           T        V       H0       H01     AOSYM     SMH    MOLCAS    OPER   

              2       6        1.94       700     1000      520     2100     1001     2101   
                                         GEOM     BASIS   MCVARS     RHF     BASIS     RHF  

 PROGRAMS   *        TOTAL   RHF-SCF       INT  UCCSD(T)   RHF-SCF       INT
 CPU TIMES  *        35.67      3.29      7.50     15.67      2.58      4.66
 REAL TIME  *        42.28 SEC
 DISK USED  *        46.80 MB (local),        1.19 GB (total)
 SF USED    *        80.96 MB
 GA USED    *         0.00 MB       (max)       0.00 MB       (current)
 **********************************************************************************************************************************
 EREF(2)         =  -19465.46726686  AU                              


 PROGRAM * CCSD (Unrestricted open-shell coupled cluster)     Authors: C. Hampel, H.-J. Werner, 1991, M. Deegan, P.J. Knowles, 1992


 Convergence thresholds:  THRVAR = 1.00D-08  THRDEN = 1.00D-06

 CCSD(T)     terms to be evaluated (factor= 1.000)


 Number of core orbitals:          39 (  39 )
 Number of closed-shell orbitals:   4 (   4 )
 Number of active  orbitals:        2 (   2 )
 Number of external orbitals:     130 ( 130 )

 Memory could be reduced to 32.58 Mwords without degradation in triples

 Number of N-1 electron functions:              10
 Number of N-2 electron functions:              45
 Number of singly external CSFs:              1320
 Number of doubly external CSFs:            599742
 Total number of CSFs:                      601062

 Molecular orbitals read from record     2101.2  Type=RHF/CANONICAL (state 1.1)

 Integral transformation finished. Total CPU:   1.99 sec, npass=  1  Memory used:  20.59 MW

 Starting RMP2 calculation, locsing= 0

 ITER.      SQ.NORM     CORR.ENERGY   TOTAL ENERGY   ENERGY CHANGE        DEN1      VAR(S)    VAR(P)  DIIS     TIME
   1      1.11614124    -0.31531452-19465.78258139    -0.31531452    -0.00167746  0.52D-05  0.82D-03  1  1     2.14
   2      1.11818235    -0.31715082-19465.78441769    -0.00183630    -0.00000318  0.15D-06  0.20D-05  2  2     2.24
   3      1.11825259    -0.31718753-19465.78445440    -0.00003671    -0.00000002  0.66D-08  0.12D-07  3  3     2.35
   4      1.11825469    -0.31718789-19465.78445476    -0.00000036    -0.00000000  0.18D-09  0.55D-10  4  4     2.47

 Norm of t1 vector:      0.02038134      S-energy:    -0.00073418      T1 diagnostic:  0.00007847
 Norm of t2 vector:      0.34327728      P-energy:    -0.31645371
                                         Alpha-Beta:  -0.22829249
                                         Alpha-Alpha: -0.06255045
                                         Beta-Beta:   -0.02561078

 Spin contamination <S**2-Sz**2-Sz>     0.00012219
  Reference energy                   -19465.4672668689    
  RHF-RMP2 correlation energy          -0.317187891904
 !RHF-RMP2 energy                    -19465.7844547608    

 Starting UCCSD calculation

 ITER.      SQ.NORM     CORR.ENERGY   TOTAL ENERGY   ENERGY CHANGE        DEN1      VAR(S)    VAR(P)  DIIS     TIME
   1      1.12367437    -0.30920174-19465.77646861    -0.30920174    -0.01119022  0.50D-02  0.34D-02  1  1     3.21
   2      1.14968167    -0.32035400-19465.78762087    -0.01115226    -0.00302029  0.22D-02  0.94D-03  2  2     3.90
   3      1.18910050    -0.32694810-19465.79421497    -0.00659411    -0.00148355  0.20D-02  0.21D-03  3  3     5.29
   4      1.24012058    -0.33074027-19465.79800714    -0.00379217    -0.00099654  0.14D-02  0.14D-03  4  4     6.02
   5      1.39898868    -0.33630271-19465.80356958    -0.00556244    -0.00045329  0.55D-03  0.86D-04  5  5     6.75
   6      1.52709964    -0.33892569-19465.80619256    -0.00262298    -0.00022646  0.18D-03  0.79D-04  6  6     7.50
   7      1.65500839    -0.34117333-19465.80844020    -0.00224763    -0.00005674  0.35D-04  0.27D-04  6  1     8.26
   8      1.70196346    -0.34192926-19465.80919613    -0.00075594    -0.00002065  0.37D-05  0.16D-04  6  2     9.01
   9      1.70461636    -0.34204407-19465.80931094    -0.00011481    -0.00000747  0.26D-05  0.44D-05  6  6     9.76
  10      1.71492990    -0.34222579-19465.80949266    -0.00018172    -0.00000273  0.11D-05  0.14D-05  6  3    10.51
  11      1.71459288    -0.34223061-19465.80949748    -0.00000482    -0.00000140  0.10D-05  0.55D-06  6  4    11.26
  12      1.71479286    -0.34223661-19465.80950348    -0.00000599    -0.00000114  0.10D-05  0.40D-06  6  5    12.02
  13      1.71746621    -0.34228284-19465.80954971    -0.00004624    -0.00000084  0.88D-06  0.24D-06  6  1    12.76
  14      1.71979546    -0.34232207-19465.80958894    -0.00003922    -0.00000066  0.79D-06  0.15D-06  6  2    13.51
  15      1.71925493    -0.34231760-19465.80958447     0.00000447    -0.00000048  0.63D-06  0.78D-07  6  6    14.26
  16      1.71891330    -0.34231347-19465.80958034     0.00000413    -0.00000036  0.49D-06  0.51D-07  6  5    15.01
  17      1.71804274    -0.34229890-19465.80956577     0.00001457    -0.00000022  0.29D-06  0.31D-07  6  1    15.76
  18      1.71791107    -0.34229401-19465.80956088     0.00000488    -0.00000014  0.17D-06  0.25D-07  6  2    16.52
  19      1.71832343    -0.34229838-19465.80956525    -0.00000437    -0.00000007  0.73D-07  0.17D-07  6  3    17.27
  20      1.71915616    -0.34231413-19465.80958100    -0.00001575    -0.00000003  0.25D-07  0.10D-07  6  4    18.67
  21      1.71985429    -0.34232870-19465.80959557    -0.00001457    -0.00000001  0.74D-08  0.51D-08  6  6    19.42
  22      1.72042018    -0.34234178-19465.80960865    -0.00001308    -0.00000000  0.12D-08  0.15D-08  6  5    20.15
  23      1.72052566    -0.34234380-19465.80961067    -0.00000202    -0.00000000  0.41D-09  0.58D-09  6  2    20.90
  24      1.72061251    -0.34234577-19465.80961264    -0.00000196    -0.00000000  0.17D-09  0.19D-09  6  1    21.65
  25      1.72058255    -0.34234490-19465.80961176     0.00000087    -0.00000000  0.55D-10  0.92D-10  6  5    22.41

 Norm of t1 vector:      0.71306872      S-energy:    -0.00118750      T1 diagnostic:  0.15583485
                                                                       D1 diagnostic:  0.49000518
                                                                       D2 diagnostic:  0.25943951 (internal)
 Norm of t2 vector:      0.46056004      P-energy:    -0.34115739
                                         Alpha-Beta:  -0.25353244
                                         Alpha-Alpha: -0.06589788
                                         Beta-Beta:   -0.02172707

 Singles amplitudes (print threshold =  0.500E-01):

         I         SYM. A    A   T(IA) [Alpha-Alpha]

         4         1         3      0.58178419
         4         1        10     -0.10067822

         I         SYM. A    A   T(IA) [Beta-Beta]

         4         1         3      0.37713144
         4         1        10     -0.05788473

 Doubles amplitudes (print threshold =  0.500E-01):

         I         J         SYM. A    SYM. B    A         B      T(IJ, AB) [Alpha-Alpha]

         6         5         1         1        11        12      0.05511181
         6         5         1         1        12        11     -0.05511181

         I         J         SYM. A    SYM. B    A         B      T(IJ, AB) [Alpha-Beta]

         2         2         1         1         3         3     -0.06630402
         3         3         1         1         3         3     -0.06630400
         4         4         1         1         3         3     -0.11661221
         4         4         1         1         3        10      0.05372329
         4         4         1         1        10         3      0.05860208

 Spin contamination <S**2-Sz**2-Sz>     0.02578754

 Memory could be reduced to 34.46 Mwords without degradation in triples


 RESULTS
 =======

  Reference energy                   -19465.4672668689    
  UCCSD singles energy                 -0.001187503719
  UCCSD pair energy                    -0.341157392068
  UCCSD correlation energy             -0.342344895788
  Triples (T) contribution             -0.019965844190
  Total correlation energy             -0.362310739978

  RHF-UCCSD energy                   -19465.8096117646    
  RHF-UCCSD[T] energy                -19465.8386514469    
  RHF-UCCSD-T energy                 -19465.8243744285    
 !RHF-UCCSD(T) energy                -19465.8295776088    

 Program statistics:

 Available memory in ccsd:               499999607
 Min. memory needed in ccsd:               2360121
 Max. memory used in ccsd:                 2962035
 Max. memory used in cckext:               3282726 (25 integral passes)
 Max. memory used in cckint:              20590403 ( 1 integral passes)



 **********************************************************************************************************************************
 DATASETS  * FILE   NREC   LENGTH (MB)   RECORD NAMES
              1      18       30.31       500      610      700      900      950      970     1001      129      960     1100   
                                          VAR    BASINP    GEOM    SYMINP    ZMAT    AOBASIS   BASIS     P2S    ABASIS      S 
                                         1400     1410     1200     1210     1080     1600     1650     1700   
                                           T        V       H0       H01     AOSYM     SMH    MOLCAS    OPER   

              2       6        1.94       700     1000      520     2100     1001     2101   
                                         GEOM     BASIS   MCVARS     RHF     BASIS     RHF  

 PROGRAMS   *        TOTAL  UCCSD(T)   RHF-SCF       INT  UCCSD(T)   RHF-SCF       INT
 CPU TIMES  *        62.32     26.64      3.29      7.50     15.67      2.58      4.66
 REAL TIME  *        72.45 SEC
 DISK USED  *       104.30 MB (local),        2.26 GB (total)
 SF USED    *       441.72 MB
 GA USED    *         0.00 MB       (max)       0.00 MB       (current)
 **********************************************************************************************************************************
 ETOT(2)         =  -19465.82957761  AU                              
 ECORR(2)        =      -0.36231075  AU                              


           EREF       ECORR             ETOT
    -19440.12574   -0.29472551   -19440.42047
    -19465.46727   -0.36231075   -19465.82958
                                                  


 Extrapolating energy using  ECORR and basissets VDZ VTZ

 *** Long output written to logfile /home/charlie/input_examples/molpro/Ac-cbs.log ***


 Extrapolating correlation energy using function (n+ 0.5)^{-X} with X= 4.0

 L=2  E=    -0.29472551  EFIT=    -0.29472551
 L=3  E=    -0.36231075  EFIT=    -0.36231075

 E(CBS)=    -0.38609496  Coefficients:    3.5691

 BASIS           EREF            ECORR           ETOT
 VDZ      -19440.12574385     -0.29472551 -19440.42046936
 VTZ      -19465.46726686     -0.36231075 -19465.82957761
 CBS      -19465.46726686     -0.38609496 -19465.85336183



 **********************************************************************************************************************************
 DATASETS  * FILE   NREC   LENGTH (MB)   RECORD NAMES
              1      18       30.31       500      610      700      900      950      970     1001      129      960     1100   
                                          VAR    BASINP    GEOM    SYMINP    ZMAT    AOBASIS   BASIS     P2S    ABASIS      S 
                                         1400     1410     1200     1210     1080     1600     1650     1700   
                                           T        V       H0       H01     AOSYM     SMH    MOLCAS    OPER   

              2       6        1.94       700     1000      520     2100     1001     2101   
                                         GEOM     BASIS   MCVARS     RHF     BASIS     RHF  

 PROGRAMS   *        TOTAL  EXTRAPOL  UCCSD(T)   RHF-SCF       INT  UCCSD(T)   RHF-SCF       INT
 CPU TIMES  *        62.38      0.00     26.64      3.29      7.50     15.67      2.58      4.66
 REAL TIME  *        73.37 SEC
 DISK USED  *       104.30 MB (local),        2.26 GB (total)
 SF USED    *       441.72 MB
 GA USED    *         0.00 MB       (max)       0.00 MB       (current)
 **********************************************************************************************************************************

 UCCSD(T)/cc-pVDZ:cc-pVTZ energy= -19465.853361827256

        UCCSD(T)         RHF-SCF        UCCSD(T)         RHF-SCF
 -19465.82957761 -19465.46726686 -19440.42046936 -19440.12574385
 **********************************************************************************************************************************
 Molpro calculation terminated
