
 Working directory              : /tmp/charlie/molpro.SWV353ECQi/
 Global scratch directory       : /tmp/charlie/molpro.SWV353ECQi/
 Wavefunction directory         : /home/charlie/wfu/
 Main file repository           : /tmp/charlie/molpro.SWV353ECQi/

 id        : dap

 Nodes     nprocs
 charliebox   19
 Distribution of processes:   nprocs(total)=   20   nprocs(compute)=   19   nprocs(helper)=    1
 GA implementation: MPI file
 GA implementation (serial work in mppx): MPI file

 Using customized tuning parameters: mindgm=1; mindgv=20; mindgc=4; mindgr=1; noblas=0; minvec=7
 default implementation of scratch files=sf  


 Variables initialized (1059), CPU time= 0.00 sec
 ***,C2  ground state
 print,orbitals
 
  geometry={ang
 C
 C  1 b1
 }
 
 b1 = 1.0
 
  set,charge=0
 basis={
                                                                     !  cc-pVTZ  EMSL  Basis Set Exchange Library   5/26/09 9:20 AM
                                                                                 ! Elements                             References
                                                                        ! H     : T.H. Dunning, Jr. J. Chem. Phys. 90, 1007 (1989).
                                                         ! He    : D.E. Woon and T.H. Dunning, Jr. J. Chem. Phys. 100, 2975 (1994).
                                                                       ! Li - Ne: T.H. Dunning, Jr. J. Chem. Phys. 90, 1007 (1989).
                                                                      ! Na - Mg: D.E. Woon and T.H. Dunning, Jr.  (to be published)
                                                        ! Al - Ar: D.E. Woon and T.H. Dunning, Jr.  J. Chem. Phys. 98, 1358 (1993).
                                                         ! Ca     : J. Koput and K.A. Peterson, J. Phys. Chem. A, 106, 9595 (2002).
                                                     ! Sc - Zn: N.B. Balabanov and K.A. Peterson, J. Chem. Phys, 123, 064107 (2005)
                              ! Ga - Kr: A.K. Wilson, D.E. Woon, K.A. Peterson, T.H. Dunning, Jr., J. Chem. Phys., 110, 7667 (1999)
                                                                                 !
                                                                                 ! CARBON       (10s,5p,2d,1f) -&gt; [4s,3p,2d,1f]
                                                                                 ! CARBON       (10s,5p,2d,1f) -&gt; [4s,3p,2d,1f]
 s, C , 8236.0000000, 1235.0000000, 280.8000000, 79.2700000, 25.5900000, 8.9970000, 3.3190000, 0.9059000, 0.3643000, 0.1285000
 c, 1.10, 0.0005310, 0.0041080, 0.0210870, 0.0818530, 0.2348170, 0.4344010, 0.3461290, 0.0393780, -0.0089830, 0.0023850
 c, 1.10, -0.0001130, -0.0008780, -0.0045400, -0.0181330, -0.0557600, -0.1268950, -0.1703520, 0.1403820, 0.5986840, 0.3953890
 c, 8.8, 1.0000000
 c, 10.10, 1.0000000
 p, C , 18.7100000, 4.1330000, 1.2000000, 0.3827000, 0.1209000
 c, 1.5, 0.0140310, 0.0868660, 0.2902160, 0.5010080, 0.3434060
 c, 4.4, 1.0000000
 c, 5.5, 1.0000000
 d, C , 1.0970000, 0.3180000
 c, 1.1, 1.0000000
 c, 2.2, 1.0000000
 f, C , 0.7610000
 c, 1.1, 1.0000000
 }
 
  {hf;wf,12,1,0;orbprint,6}
 
  {multi,maxit=100;
  wf,12,1,0;
  expec2,lzz;orbprint,6;}
 
 {rs2c,maxit=100,g3;wf,12,1,0;print,ref=1}
 
 {optg,maxit=100}
 E_corr(1)=ENERGY
 theory(1)="CASPT2"
 b(1)="VTZ"
 {frequencies;thermo}
 E_ZPE(1)=ZPE
 E_Enth(1)=HTOTAL-ENERGY
 
 
 
 
 
 Commands initialized (838), CPU time= 0.01 sec, 726 directives.
 Default parameters read. Elapsed time= 0.09 sec

 Checking input...
 Passed
1


                                         ***  PROGRAM SYSTEM MOLPRO  ***
                                       Copyright, TTI GmbH Stuttgart, 2015
                                  Version 2025.2 linked Wed May 14 02:42:57 2025


 **********************************************************************************************************************************
 LABEL *   C2  ground state                                                                                                                                              
                                                                                         DATE: 03-Dec-25          TIME: 22:24:58  
 **********************************************************************************************************************************

 SHA1:             57ceb174f4fe6691bc75d8fe641d0297fc3c2b28
 **********************************************************************************************************************************

 Memory per process:        32 MW
 Total memory per node:    608 MW

 GA preallocation disabled
 GA check disabled

 Variable memory set to 32.0 MW


 B1              =       1.00000000                                  
 CHARGE          =    0.0000000D+00                                  
 SETTING BASIS          =    USERDEF


 Recomputing integrals since basis changed


 Using spherical harmonics



 PROGRAM * SEWARD (Integral evaluation for generally contracted gaussian basis sets)     Author: Roland Lindh, 1990

 Geometry written to block  1 of record 700

 Orientation using atomic masses  
 Molecule type: Linear
 Symmetry elements: X,Y,Z
 Rotational constants:      84.1526929     84.1526929      0.0000000 GHz  (calculated with average atomic masses)

 Point group  D2h 



 ATOMIC COORDINATES

 NR  ATOM    CHARGE       X              Y              Z

   1  C       6.00    0.000000000    0.000000000   -0.944863062
   2  C       6.00    0.000000000    0.000000000    0.944863062

 Bond lengths in Bohr (Angstrom)

 1-2  1.889726125
     ( 1.000000000)

 NUCLEAR CHARGE:                   12
 NUMBER OF PRIMITIVE AOS:          94
 NUMBER OF SYMMETRY AOS:           84
 NUMBER OF CONTRACTIONS:           60   (   13Ag  +    7B3u +    7B2u +    3B1g +   13B1u +    7B2g +    7B3g +    3Au  )
 NUMBER OF INNER CORE ORBITALS:     0   (    0Ag  +    0B3u +    0B2u +    0B1g +    0B1u +    0B2g +    0B3g +    0Au  )
 NUMBER OF OUTER CORE ORBITALS:     2   (    1Ag  +    0B3u +    0B2u +    0B1g +    1B1u +    0B2g +    0B3g +    0Au  )
 NUMBER OF VALENCE ORBITALS:        8   (    2Ag  +    1B3u +    1B2u +    0B1g +    2B1u +    1B2g +    1B3g +    0Au  )


 NUCLEAR REPULSION ENERGY 19.05037959

 EXTRA SYMMETRY OF AOS IN SYMMETRY 1:   1 1 1 1 1 1 1 1 2 1   2 1 2
 EXTRA SYMMETRY OF AOS IN SYMMETRY 2:   1 1 1 1 1 1 2
 EXTRA SYMMETRY OF AOS IN SYMMETRY 3:   1 1 1 1 1 1 2
 EXTRA SYMMETRY OF AOS IN SYMMETRY 5:   1 1 1 1 1 1 1 1 2 1   2 1 2
 EXTRA SYMMETRY OF AOS IN SYMMETRY 6:   1 1 1 1 1 1 2
 EXTRA SYMMETRY OF AOS IN SYMMETRY 7:   1 1 1 1 1 1 2

 Eigenvalues of metric

         1 0.708E-02 0.116E-01 0.743E-01 0.205E+00 0.545E+00 0.558E+00 0.764E+00 0.121E+01
         2 0.378E-01 0.215E+00 0.580E+00 0.101E+01 0.126E+01 0.179E+01 0.457E+01
         3 0.378E-01 0.215E+00 0.580E+00 0.101E+01 0.126E+01 0.179E+01 0.457E+01
         4 0.558E+00 0.121E+01 0.238E+01
         5 0.550E-03 0.998E-03 0.229E-01 0.620E-01 0.174E+00 0.227E+00 0.355E+00 0.449E+00
         6 0.700E-02 0.522E-01 0.687E-01 0.301E+00 0.743E+00 0.125E+01 0.211E+01
         7 0.700E-02 0.522E-01 0.687E-01 0.301E+00 0.743E+00 0.125E+01 0.211E+01
         8 0.174E+00 0.355E+00 0.132E+01


 Contracted 2-electron integrals neglected if value below      1.0D-11
 AO integral compression algorithm  1   Integral accuracy      1.0D-11

     4.981 MB (compressed) written to integral file (100.0%)

     Node minimum: 0.262 MB, node maximum: 0.262 MB


 NUMBER OF SORTED TWO-ELECTRON INTEGRALS:      11850.     BUFFER LENGTH:  32768
 NUMBER OF SEGMENTS:   1  SEGMENT LENGTH:      11850      RECORD LENGTH: 524288

 Memory used in sort:       0.57 MW

 SORT1 READ      450560. AND WROTE       10345. INTEGRALS IN      1 RECORDS. CPU TIME:     0.06 SEC, REAL TIME:     0.06 SEC
 SORT2 READ      192195. AND WROTE      230799. INTEGRALS IN     19 RECORDS. CPU TIME:     0.00 SEC, REAL TIME:     0.00 SEC

 Node minimum:        9396.  Node maximum:       15584. integrals

 OPERATOR DM      FOR CENTER  0  COORDINATES:    0.000000    0.000000    0.000000


 **********************************************************************************************************************************
 DATASETS  * FILE   NREC   LENGTH (MB)   RECORD NAMES
              1      18       29.06       500      610      700      900      950      970     1000      129      960     1100   
                                          VAR    BASINP    GEOM    SYMINP    ZMAT    AOBASIS   BASIS     P2S    ABASIS      S 
                                         1400     1410     1200     1210     1080     1600     1650     1700   
                                           T        V       H0       H01     AOSYM     SMH    MOLCAS    OPER   

 PROGRAMS   *        TOTAL       INT
 CPU TIMES  *         2.66      0.20
 REAL TIME  *         3.18 SEC
 DISK USED  *        29.39 MB (local),      636.79 MB (total)
 GA USED    *         0.00 MB       (max)       0.00 MB       (current)
 **********************************************************************************************************************************


 Program * Restricted Hartree-Fock


 Generating basis MINAO
  Atom=C        basis=MINAO
 Number of basis functions:      10

 Orbital guess generated from atomic densities.

 Initial occupancy:   2   1   1   0   2   0   0   0

 NELEC=   12   SYM=1   MS2= 0   THRE=1.0D-08   THRD=1.0D-06   THRG=1.0D-06  HFMA2=F  DIIS_START=2   DIIS_MAX=10   DIIS_INCORE=F

 Level shifts:    0.00 (CLOSED)    0.00 (OPEN)    0.30 (GAP_MIN)

 ITER           ETOT              DE          GRAD        DDIFF     DIIS  NEXP   TIME(IT)  TIME(TOT)  DIAG
   1      -75.24053973     -75.24053973     0.00D+00     0.28D+00     0     0       0.02      0.96    start
   2      -75.25479265      -0.01425292     0.19D-01     0.23D-01     1     0       0.22      1.18    diag
   3      -75.25628126      -0.00148861     0.49D-02     0.66D-02     2     0       0.22      1.40    diag
   4      -75.25654973      -0.00026847     0.14D-02     0.29D-02     3     0       0.23      1.63    diag
   5      -75.25657413      -0.00002440     0.47D-03     0.11D-02     4     0       0.05      1.68    diag
   6      -75.25657431      -0.00000019     0.44D-04     0.13D-03     5     0       0.00      1.68    diag
   7      -75.25657431      -0.00000000     0.28D-05     0.20D-04     6     0       0.00      1.68    diag
   8      -75.25657431      -0.00000000     0.50D-06     0.44D-05     7     0       0.00      1.68    fixocc
   9      -75.25657431      -0.00000000     0.55D-07     0.34D-06     8     0       0.00      1.68    diag
  10      -75.25657431      -0.00000000     0.49D-08     0.49D-08     0     0       0.01      1.69    diag/orth

 Final occupancy:   2   1   1   0   2   0   0   0

 !RHF STATE 1.1 Energy                -75.256574313467
  RHF One-electron energy            -138.124742004863
  RHF Two-electron energy              43.817788098888
  RHF Kinetic energy                   76.806980865460
  RHF Nuclear energy                   19.050379592508
  RHF Virial quotient                  -0.979814249505

 !RHF STATE 1.1 Dipole moment           0.00000000     0.00000000     0.00000000
 Dipole moment /Debye                   0.00000000     0.00000000     0.00000000

 ELECTRON ORBITALS
 =================

  Orbital  Occupation    Energy    Cen Mu Typ  Coefficients
    1.1     2.00000   -11.30370     1  1  s    0.99762
    2.1     2.00000    -1.13693     1  2  s    0.91577    1  4  s   -0.25929    1  1  pz   0.57729
    3.1     0.00000    -0.10186     1  4  s   -0.51300    1  1  pz   1.00491
    4.1     0.00000     0.38864     1  2  s   -0.39436    1  1  pz  -0.69449    1  3  pz   2.51605    1  2  d0   0.44434
    5.1     0.00000     0.53989     1  1  s   -0.42222    1  2  s   -2.12067    1  4  s    2.02415
    6.1     0.00000     0.76078     1  2  d2+  0.80410
    7.1     0.00000     1.30589     1  1  s   -0.84474    1  2  s   -3.17890    1  3  s   -0.76459    1  4  s    2.37190
                                    1  1  pz   0.60873    1  3  pz   2.10480    1  2  d0   2.33097
    8.1     0.00000     2.51658     1  1  s    0.25824    1  2  s    1.36582    1  3  s    0.70680    1  4  s   -1.12749
                                    1  1  pz   2.21321    1  2  pz  -2.56703    1  3  pz  -1.26068    1  1  d0   0.26372
                                    1  2  d0  -1.42779    1  1  f0   0.34114
    1.2     2.00000    -0.53039     1  1  px   0.99935
    2.2     0.00000     0.38875     1  1  px  -0.48871    1  2  px  -0.40262    1  3  px   1.14146
    3.2     0.00000     1.05962     1  2  px  -0.68302    1  3  px   0.27063    1  2  d1+  1.14115
    4.2     0.00000     2.18718     1  1  px  -3.05820    1  2  px   2.79412    1  3  px   0.55186
    5.2     0.00000     2.75734     1  1  f3+  0.89194
    6.2     0.00000     2.99878     1  1  px  -1.09241    1  2  px   1.02537    1  3  px   0.25361    1  1  d1+  1.04632
                                    1  2  d1+ -0.76802
    7.2     0.00000     4.10116     1  1  px  -2.09711    1  2  px   1.03336    1  3  px   0.76788    1  1  d1+ -0.43540
                                    1  2  d1+  0.64547    1  1  f1+  1.32901
    1.3     2.00000    -0.53039     1  1  py   0.99935
    2.3     0.00000     0.38875     1  1  py  -0.48871    1  2  py  -0.40262    1  3  py   1.14146
    3.3     0.00000     1.05962     1  2  py  -0.68302    1  3  py   0.27063    1  2  d1-  1.14115
    4.3     0.00000     2.18718     1  1  py  -3.05820    1  2  py   2.79412    1  3  py   0.55186
    5.3     0.00000     2.75734     1  1  f3-  0.89194
    6.3     0.00000     2.99878     1  1  py  -1.09241    1  2  py   1.02537    1  3  py   0.25361    1  1  d1-  1.04632
                                    1  2  d1- -0.76802
    7.3     0.00000     4.10116     1  1  py  -2.09711    1  2  py   1.03336    1  3  py   0.76788    1  1  d1- -0.43540
                                    1  2  d1-  0.64547    1  1  f1-  1.32901
    1.4     0.00000     0.76078     1  2  d2-  0.80410
    2.4     0.00000     2.79996     1  1  d2-  0.60792    1  2  d2- -0.40759    1  1  f2-  0.62902
    3.4     0.00000     3.35066     1  1  d2-  0.98554    1  2  d2- -0.35259    1  1  f2- -0.60293
    1.5     2.00000   -11.28917     1  1  s    0.99951
    2.5     2.00000    -0.45401     1  2  s   -0.83134    1  1  pz   0.46918
    3.5     0.00000     0.28060     1  2  s    0.67239    1  4  s   17.24847    1  2  pz   0.52609    1  3  pz   6.82040
                                    1  2  d0   0.36562
    4.5     0.00000     0.75573     1  4  s   24.41500    1  1  pz   0.37058    1  2  pz   2.40358    1  3  pz   7.14113
                                    1  2  d0   0.52386
    5.5     0.00000     1.05969     1  4  s   14.48323    1  1  pz  -0.35852    1  2  pz   0.70204    1  3  pz   4.95396
                                    1  2  d0   1.42113
    6.5     0.00000     1.12614     1  2  d2+  1.60172
    7.5     0.00000     2.22751     1  2  s   -1.20329    1  4  s   -2.85635    1  1  pz  -2.39355    1  2  pz   1.27855
                                    1  3  pz  -0.48436    1  1  d0   0.64547    1  2  d0  -0.82997
    8.5     0.00000     2.70659     1  1  s    0.80640    1  2  s    4.58365    1  3  s    1.75449    1  4  s   16.55466
                                    1  1  pz  -1.64323    1  2  pz   6.16807    1  3  pz   5.82389    1  2  d0   1.69910
    1.6     0.00000     0.22580     1  1  px   0.64829    1  3  px   1.68541
    2.6     0.00000     0.58964     1  1  px  -0.95430    1  2  px   0.35433    1  3  px   3.06066    1  2  d1+  1.06182
    3.6     0.00000     1.35061     1  1  px   0.78540    1  2  px   3.58986    1  3  px   2.01185    1  2  d1+  3.87363
                                    1  1  f1+  0.38068
    4.6     0.00000     2.69803     1  1  px  -3.73223    1  2  px   6.62138    1  3  px   1.50077    1  1  d1+  0.30112
                                    1  2  d1+  2.41399    1  1  f1+  0.37809
    5.6     0.00000     3.24268     1  2  px   3.90289    1  3  px   1.24679    1  2  d1+  2.97564    1  1  f1+  1.51290
    6.6     0.00000     3.33848     1  1  f3+  1.16010
    1.7     0.00000     0.22580     1  1  py   0.64829    1  3  py   1.68541
    2.7     0.00000     0.58964     1  1  py  -0.95430    1  2  py   0.35433    1  3  py   3.06066    1  2  d1-  1.06182
    3.7     0.00000     1.35061     1  1  py   0.78540    1  2  py   3.58986    1  3  py   2.01185    1  2  d1-  3.87363
                                    1  1  f1-  0.38068
    4.7     0.00000     2.69803     1  1  py  -3.73223    1  2  py   6.62138    1  3  py   1.50077    1  1  d1-  0.30112
                                    1  2  d1-  2.41399    1  1  f1-  0.37809
    5.7     0.00000     3.24268     1  2  py   3.90289    1  3  py   1.24679    1  2  d1-  2.97564    1  1  f1-  1.51290
    6.7     0.00000     3.33848     1  1  f3-  1.16010
    1.8     0.00000     1.12614     1  2  d2-  1.60172
    2.8     0.00000     3.31959     1  1  d2-  0.89233    1  2  d2- -1.19802    1  1  f2- -0.89464
    3.8     0.00000     4.27552     1  1  d2-  0.97177    1  2  d2-  0.45542    1  1  f2-  1.60198


 HOMO      2.5    -0.454005 =     -12.3541eV
 LUMO      3.1    -0.101861 =      -2.7718eV
 LUMO-HOMO         0.352144 =       9.5823eV

 Orbitals saved in record  2100.2


 **********************************************************************************************************************************
 DATASETS  * FILE   NREC   LENGTH (MB)   RECORD NAMES
              1      18       29.06       500      610      700      900      950      970     1000      129      960     1100   
                                          VAR    BASINP    GEOM    SYMINP    ZMAT    AOBASIS   BASIS     P2S    ABASIS      S 
                                         1400     1410     1200     1210     1080     1600     1650     1700   
                                           T        V       H0       H01     AOSYM     SMH    MOLCAS    OPER   

              2       4        0.40       700     1000      520     2100   
                                         GEOM     BASIS   MCVARS     RHF  

 PROGRAMS   *        TOTAL    HF-SCF       INT
 CPU TIMES  *         4.77      2.11      0.20
 REAL TIME  *         7.37 SEC
 DISK USED  *        29.57 MB (local),      640.24 MB (total)
 GA USED    *         0.00 MB       (max)       0.00 MB       (current)
 **********************************************************************************************************************************

 PROGRAM * MULTI (Direct Multiconfiguration SCF)       Authors: P.J. Knowles, H.-J. Werner (1984)
                                                                D.A. Kreplin, P.J. Knowles, H.-J. Werner (2019)


 Number of closed-shell orbitals:   2 (    1    0    0    0    1    0    0    0)
 Number of active  orbitals:        8 (    2    1    1    0    2    1    1    0)
 Number of external orbitals:      50 (   10    6    6    3   10    6    6    3)

 State symmetry 1

 Number of active electrons:   8    Spin symmetry=Singlet   Space symmetry=1
 Number of states:             1
 Number of CSFs:             264   (660 determinants, 4900 intermediate states)

 Molecular orbitals read from record     2100.2  Type=RHF/CANONICAL  

 EXTRA SYMMETRY OF MOS IN SYMMETRY 1:   1 1 1 1 1 2 1 1 2 1   2 1 1
 EXTRA SYMMETRY OF MOS IN SYMMETRY 2:   1 1 1 1 2 1 1
 EXTRA SYMMETRY OF MOS IN SYMMETRY 3:   1 1 1 1 2 1 1
 EXTRA SYMMETRY OF MOS IN SYMMETRY 5:   1 1 1 1 1 2 1 1 2 1   2 1 1
 EXTRA SYMMETRY OF MOS IN SYMMETRY 6:   1 1 1 1 1 2 1
 EXTRA SYMMETRY OF MOS IN SYMMETRY 7:   1 1 1 1 1 2 1

 Wavefunction dump at record             2140.2

 Convergence thresholds  0.10E-04 (gradient)  0.10E-05 (energy)
 
 Number of orbital rotations:  88  ( 4 closed/active, 20 closed/virtual, 0 active/active, 64 active/virtual )
 Total number of variables:    748
 
 Second-order MCSCF: L-BFGS accelerated
 
 ITER  MIC  NCI  NEG     ENERGY(VAR)    ENERGY(PROJ) ENERGY CHANGE       GRAD(0)  GRAD(ORB)   GRAD(CI)      STEP      TIME
   1   11   29    0    -75.38790722     -75.48343128   -0.09552406    0.15146912 0.00003964 0.00000806  0.13E+01      3.21
   2    9   24    0    -75.48158718     -75.48187586   -0.00028868    0.01481780 0.00000585 0.00000362  0.82E-01      7.66
   3    7   16    0    -75.48187592     -75.48187592   -0.00000000    0.00001723 0.00000000 0.00000001  0.40E-04     10.16

 CONVERGENCE REACHED!  Final gradient:    0.00000000 ( 0.29E-08)
                       Final energy:    -75.48187592
 
 First order charge density matrix for state 1.1 saved on record 2140.2 (density set 1)
 
 Results for state 1.1
 =====================
 !MCSCF STATE 1.1 Energy                       -75.481875915616
 Nuclear energy                                 19.05037959
 Kinetic energy                                 77.07501329
 One electron energy                          -138.59807820
 Two electron energy                            44.06582270
 Virial ratio                                    1.97933004
 
 !MCSCF STATE 1.1 Dipole moment                  0.00000000     0.00000000     0.00000000
 Dipole moment /Debye                            0.00000000     0.00000000     0.00000000
 
 No non-zero expectation values
 
 Expectation values for two-electron operators:
 
 !MCSCF expec                      <1.1|LZLZ|1.1>     0.000000000000
 
  NATURAL ORBITALS 
  ================

  Orbital  Occupation    Energy    Cen Mu Typ  Coefficients
    1.1     2.00000   -11.22161     1  1  s    0.99668
    2.1     1.98990    -1.08823     1  2  s    0.87882    1  4  s   -0.26985    1  1  pz   0.68465
    3.1     0.58487    -0.14722     1  2  s   -0.46718    1  1  pz   1.07621
    4.1     0.00000     0.38377     1  2  s   -0.29499    1  4  s   -0.30838    1  1  pz  -0.54850    1  3  pz   2.49699
                                    1  2  d0   0.45790
    5.1     0.00000     0.53853     1  1  s   -0.43349    1  2  s   -2.13556    1  4  s    2.07458    1  3  pz   0.26784
    6.1     0.00000     0.77089     1  2  d2+  0.80688
    7.1     0.00000     1.32124     1  1  s   -0.85154    1  2  s   -3.19536    1  3  s   -0.76698    1  4  s    2.39352
                                    1  1  pz   0.56604    1  3  pz   2.11570    1  2  d0   2.34864
    8.1     0.00000     2.54789     1  1  s    0.26160    1  2  s    1.36585    1  3  s    0.68442    1  4  s   -1.12652
                                    1  1  pz   2.22687    1  2  pz  -2.56736    1  3  pz  -1.25030    1  1  d0   0.25688
                                    1  2  d0  -1.40556    1  1  f0   0.34706
    9.1     0.00000     2.83173     1  1  d2+  0.59855    1  2  d2+ -0.40057    1  1  f2+  0.63463
    1.2     1.94101    -0.47994     1  1  px   0.99240
    2.2     0.00000     0.39877     1  1  px  -0.47649    1  2  px  -0.42468    1  3  px   1.14001
    3.2     0.00000     1.07115     1  2  px  -0.68214    1  3  px   0.26488    1  2  d1+  1.14578
    4.2     0.00000     2.22444     1  1  px  -3.06358    1  2  px   2.79212    1  3  px   0.55943
    5.2     0.00000     2.77375     1  1  f3+  0.89194
    6.2     0.00000     3.03761     1  1  px  -1.06565    1  2  px   1.00934    1  1  d1+  1.04922    1  2  d1+ -0.76642
    7.2     0.00000     4.13237     1  1  px  -2.10931    1  2  px   1.04680    1  3  px   0.77013    1  1  d1+ -0.43018
                                    1  2  d1+  0.64025    1  1  f1+  1.32767
    1.3     1.94101    -0.47994     1  1  py   0.99240
    2.3     0.00000     0.39877     1  1  py  -0.47649    1  2  py  -0.42468    1  3  py   1.14001
    3.3     0.00000     1.07115     1  2  py  -0.68214    1  3  py   0.26488    1  2  d1-  1.14578
    4.3     0.00000     2.22444     1  1  py  -3.06358    1  2  py   2.79212    1  3  py   0.55943
    5.3     0.00000     2.77375     1  1  f3-  0.89194
    6.3     0.00000     3.03761     1  1  py  -1.06565    1  2  py   1.00934    1  1  d1-  1.04922    1  2  d1- -0.76642
    7.3     0.00000     4.13237     1  1  py  -2.10931    1  2  py   1.04680    1  3  py   0.77013    1  1  d1- -0.43018
                                    1  2  d1-  0.64025    1  1  f1-  1.32767
    1.4     0.00000     0.77089     1  2  d2-  0.80688
    2.4     0.00000     2.83173     1  1  d2-  0.59855    1  2  d2- -0.40057    1  1  f2-  0.63463
    3.4     0.00000     3.37605     1  1  d2-  0.99121    1  2  d2- -0.35427    1  1  f2- -0.59700
    1.5     2.00000   -11.20624     1  1  s    0.99864
    2.5     1.41291    -0.34025     1  2  s   -0.84421    1  1  pz   0.54349
    3.5     0.00780     1.62820     1  2  s    1.78443    1  3  s    0.40534    1  4  s   -1.04086    1  1  pz   1.90805
                                    1  2  pz  -0.31588    1  3  pz  -0.59038
    4.5     0.00000     0.35779     1  2  s    0.38620    1  4  s   19.77389    1  1  pz  -0.50166    1  2  pz   0.68573
                                    1  3  pz   7.70121    1  2  d0   0.62905
    5.5     0.00000     0.76245     1  4  s   24.68199    1  1  pz   0.32707    1  2  pz   2.44247    1  3  pz   7.23473
                                    1  2  d0   0.54739
    6.5     0.00000     1.13396     1  2  d2+  1.60575
    7.5     0.00000     1.72034     1  1  s   -0.29298    1  2  s   -1.26483    1  3  s   -0.36077    1  4  s  -11.19131
                                    1  1  pz  -1.43896    1  3  pz  -3.36416    1  1  d0   0.42648    1  2  d0  -1.66617
    8.5     0.00000     2.71926     1  1  s    0.76733    1  2  s    4.27874    1  3  s    1.71217    1  4  s   16.05857
                                    1  1  pz  -2.05473    1  2  pz   6.30673    1  3  pz   5.73469    1  2  d0   1.56925
    9.5     0.00000     3.34582     1  1  d2+  0.88577    1  2  d2+ -1.19539    1  1  f2+ -0.90487
    1.6     0.06125     0.43281     1  1  px   1.46166    1  3  px  -0.31302
    2.6     0.00000     0.45466     1  1  px  -0.37845    1  2  px   0.26310    1  3  px   3.39335    1  2  d1+  0.83657
    3.6     0.00000     1.33634     1  1  px   0.58005    1  2  px   3.57374    1  3  px   2.17658    1  2  d1+  3.93596
                                    1  1  f1+  0.38866
    4.6     0.00000     2.71998     1  1  px  -3.63838    1  2  px   6.64739    1  3  px   1.47393    1  1  d1+  0.30617
                                    1  2  d1+  2.42102    1  1  f1+  0.38189
    5.6     0.00000     3.26884     1  2  px   3.91786    1  3  px   1.24224    1  2  d1+  2.97755    1  1  f1+  1.51868
    6.6     0.00000     3.35313     1  1  f3+  1.16010
    7.6     0.00000     5.59966     1  1  px   1.04873    1  2  px   4.60972    1  1  d1+  2.50015    1  2  d1+  2.62603
                                    1  1  f1+  1.90824
    1.7     0.06125     0.43281     1  1  py   1.46166    1  3  py  -0.31302
    2.7     0.00000     0.45466     1  1  py  -0.37845    1  2  py   0.26310    1  3  py   3.39335    1  2  d1-  0.83657
    3.7     0.00000     1.33634     1  1  py   0.58005    1  2  py   3.57374    1  3  py   2.17658    1  2  d1-  3.93596
                                    1  1  f1-  0.38866
    4.7     0.00000     2.71998     1  1  py  -3.63838    1  2  py   6.64739    1  3  py   1.47393    1  1  d1-  0.30617
                                    1  2  d1-  2.42102    1  1  f1-  0.38189
    5.7     0.00000     3.26884     1  2  py   3.91786    1  3  py   1.24224    1  2  d1-  2.97755    1  1  f1-  1.51868
    6.7     0.00000     3.35313     1  1  f3-  1.16010
    7.7     0.00000     5.59966     1  1  py   1.04873    1  2  py   4.60972    1  1  d1-  2.50015    1  2  d1-  2.62603
                                    1  1  f1-  1.90824
    1.8     0.00000     1.13396     1  2  d2-  1.60575
    2.8     0.00000     3.34582     1  1  d2-  0.88577    1  2  d2- -1.19539    1  1  f2- -0.90487
    3.8     0.00000     4.30163     1  1  d2-  0.97759    1  2  d2-  0.44805    1  1  f2-  1.59610
 
 Natural orbital dump at molpro section 2140.2 (Orbital set 2)


 **********************************************************************************************************************************
 DATASETS  * FILE   NREC   LENGTH (MB)   RECORD NAMES
              1      20       29.40       500      610      700      900      950      970     1000      129      960     1100   
                                          VAR    BASINP    GEOM    SYMINP    ZMAT    AOBASIS   BASIS     P2S    ABASIS      S 
                                         1400     1410     1200     1210     1080     1600     1650     1700     1380     1700(1)
                                           T        V       H0       H01     AOSYM     SMH    MOLCAS    OPER     JKOP     OPER   

              2       5        0.52       700     1000      520     2100     2140   
                                         GEOM     BASIS   MCVARS     RHF     MCSCF   

 PROGRAMS   *        TOTAL     MULTI    HF-SCF       INT
 CPU TIMES  *        16.28     11.51      2.11      0.20
 REAL TIME  *        21.80 SEC
 DISK USED  *        29.99 MB (local),      648.27 MB (total)
 SF USED    *         1.09 MB
 GA USED    *         0.00 MB       (max)       0.00 MB       (current)
 **********************************************************************************************************************************


 PROGRAM * RS2C (Multireference RS Perturbation Theory)     Authors: H.-J. Werner (1993), P. Celani (1998)


 Using G3 version of zeroth order Hamiltonian

 Convergence thresholds:  THRVAR = 1.00D-06  THRDEN = 1.00D-08

 Number of optimized states: 1  Roots:    1
 Number of reference states: 1  Roots:    1

 Using rs2c

 Reference symmetry:                   1   Singlet 
 Number of electrons:                 12

 Reference space
 ===============
 Sym  Shell      Conf.             CSFs
  1     1       1 -      70       1 -      70
  1     2      71 -     110      71 -     110
  1     3     111 -     170     111 -     230
  1     4     171 -     174     231 -     250
  1     5     175 -     175     251 -     264
 Maximum number of shells:             6
 Maximum number of spin couplings:    42

 Reference space:      175 conf      264 CSFs
 N elec internal:     1107 conf     1764 CSFs
 N-1 el internal:     1016 conf     2352 CSFs
 N-2 el internal:      784 conf     2688 CSFs

 Number of electrons in valence space:                      8
 Maximum number of open shell orbitals in reference space:  8
 Maximum number of open shell orbitals in internal spaces: 10


 Number of core orbitals:           2 (   1   0   0   0   1   0   0   0 )
 Number of active  orbitals:        8 (   2   1   1   0   2   1   1   0 )
 Number of external orbitals:      50 (  10   6   6   3  10   6   6   3 )

 Molecular orbitals read from record     2140.2  Type=MCSCF/NATURAL (state 1.1)

 Valence orbitals related to previous ones by unitary transformation. Operators transformed.

 Number of p-space configurations:   4

 Reference wavefunction optimized for reference space (refopt=1)

 State     Reference Energy 
     1       -75.48187592

 Reference CSFs
 ==============

 CSF  Conf  Shell  Occupation    Coefficients
   1    1     1     00002222     -0.000911
   2    2     1     00020222     -0.000126
   3    3     1     00022022      0.000717
   4    4     1     00022202      0.000296
   5    5     1     00022220      0.003127
   6    6     1     00200222     -0.000126
   7    7     1     00202022      0.000717
   8    8     1     00202202      0.003127
   9    9     1     00202220      0.000296
  10   10     1     00220022      0.001064
  11   11     1     00220202      0.000615
  12   12     1     00220220      0.000615
  13   13     1     00222002     -0.008026
  14   14     1     00222020     -0.008026
  15   15     1     00222200     -0.018962
  16   16     1     02000222      0.000817
  17   17     1     02002022      0.000349
  18   18     1     02002202     -0.000050
  19   19     1     02002220     -0.000050
  20   20     1     02020022     -0.000994
  21   21     1     02020202     -0.000214
  22   22     1     02020220     -0.002375
  23   23     1     02022002      0.000165
  24   24     1     02022020      0.000062
  25   25     1     02022200      0.000334
  26   26     1     02200022     -0.000994
  27   27     1     02200202     -0.002375
  28   28     1     02200220     -0.000214
  29   29     1     02202002      0.000062
  30   30     1     02202020      0.000165
  31   31     1     02202200      0.000334
  32   32     1     02220002      0.007486
  33   33     1     02220020      0.007486
  34   34     1     02220200      0.012314
  35   35     1     02222000     -0.014685
  36   36     1     20000222      0.000198
  37   37     1     20002022      0.014919
  38   38     1     20002202      0.001051
  39   39     1     20002220      0.001051
  40   40     1     20020022      0.003788
  41   41     1     20020202      0.000350
  42   42     1     20020220     -0.000081
  43   43     1     20022002     -0.008015
  44   44     1     20022020     -0.080397
  45   45     1     20022200     -0.009124
  46   46     1     20200022      0.003788
  47   47     1     20200202     -0.000081
  48   48     1     20200220      0.000350
  49   49     1     20202002     -0.080397
  50   50     1     20202020     -0.008015
  51   51     1     20202200     -0.009124
  52   52     1     20220002     -0.031997
  53   53     1     20220020     -0.031997
  54   54     1     20220200     -0.000201
  55   55     1     20222000      0.812334
  56   56     1     22000022     -0.013489
  57   57     1     22000202     -0.000730
  58   58     1     22000220     -0.000730
  59   59     1     22002002      0.000031
  60   60     1     22002020      0.000031
  61   61     1     22002200      0.000149
  62   62     1     22020002      0.005356
  63   63     1     22020020      0.060137
  64   64     1     22020200      0.005319
  65   65     1     22022000     -0.000367
  66   66     1     22200002      0.060137
  67   67     1     22200020      0.005356
  68   68     1     22200200      0.005319
  69   69     1     22202000     -0.000367
  70   70     1     22220000     -0.505219
  71   71     2     0002/\22      0.000256
  72   72     2     0020/\22      0.000256
  73   73     2     0022/\02     -0.000884
  74   74     2     0022/\20     -0.000884
  75   75     2     0200/\22     -0.000921
  76   76     2     0202/\02      0.000180
  77   77     2     0202/\20      0.002427
  78   78     2     0220/\02      0.002427
  79   79     2     0220/\20      0.000180
  80   80     2     0222/\00     -0.008926
  81   81     2     /\000222     -0.000626
  82   82     2     /\002022      0.001124
  83   83     2     /\002202     -0.000008
  84   84     2     /\002220     -0.000008
  85   85     2     /\020022     -0.001026
  86   86     2     /\020202     -0.000046
  87   87     2     /\020220      0.001420
  88   88     2     /\022002     -0.000221
  89   89     2     /\022020     -0.004113
  90   90     2     /\022200      0.000242
  91   91     2     /\200022     -0.001026
  92   92     2     /\200202      0.001420
  93   93     2     /\200220     -0.000046
  94   94     2     /\202002     -0.004113
  95   95     2     /\202020     -0.000221
  96   96     2     /\202200      0.000242
  97   97     2     /\220002      0.011273
  98   98     2     /\220020      0.011273
  99   99     2     /\220200     -0.006601
 100  100     2     /\222000     -0.000809
 101  101     2     2000/\22     -0.000559
 102  102     2     2002/\02     -0.000043
 103  103     2     2002/\20      0.001221
 104  104     2     2020/\02      0.001221
 105  105     2     2020/\20     -0.000043
 106  106     2     2022/\00      0.003811
 107  107     2     2200/\02      0.000963
 108  108     2     2200/\20      0.000963
 109  109     2     2202/\00     -0.007716
 110  110     2     2220/\00     -0.007716
 111  111     3     00/\22/\     -0.002831
 112  111     3     00//22\\     -0.002193
 113  112     3     0/0\/22\     -0.000471
 114  112     3     0/0/\22\      0.000632
 115  113     3     0/0\2/2\     -0.000594
 116  113     3     0/0/2\2\      0.000151
 117  114     3     0/\0/2\2     -0.000471
 118  114     3     0//0\2\2      0.000632
 119  115     3     0/\02/\2     -0.000594
 120  115     3     0//02\\2      0.000151
 121  116     3     0/\20/\2      0.000492
 122  116     3     0//20\\2      0.000442
 123  117     3     0/\2/0\2      0.000726
 124  117     3     0//2\0\2     -0.001250
 125  118     3     0/\2/2\0      0.002251
 126  118     3     0//2\2\0     -0.002694
 127  119     3     0/\22/\0      0.001770
 128  119     3     0//22\\0     -0.001440
 129  120     3     0/2\0/2\      0.000492
 130  120     3     0/2/0\2\      0.000442
 131  121     3     0/2\/02\      0.000726
 132  121     3     0/2/\02\     -0.001250
 133  122     3     0/2\/20\      0.002251
 134  122     3     0/2/\20\     -0.002694
 135  123     3     0/2\2/0\      0.001770
 136  123     3     0/2/2\0\     -0.001440
 137  124     3     02/\02/\      0.002160
 138  124     3     02//02\\      0.001804
 139  125     3     02/\20/\      0.000103
 140  125     3     02//20\\     -0.000113
 141  126     3     /00\/22\      0.000230
 142  126     3     /00/\22\     -0.000255
 143  127     3     /00\2/2\     -0.005996
 144  127     3     /00/2\2\     -0.005098
 145  128     3     /0\0/2\2      0.000230
 146  128     3     /0/0\2\2     -0.000255
 147  129     3     /0\02/\2     -0.005996
 148  129     3     /0/02\\2     -0.005098
 149  130     3     /0\20/\2     -0.001471
 150  130     3     /0/20\\2     -0.000600
 151  131     3     /0\2/0\2      0.002901
 152  131     3     /0/2\0\2      0.002013
 153  132     3     /0\2/2\0     -0.001268
 154  132     3     /0/2\2\0      0.000749
 155  133     3     /0\22/\0      0.034982
 156  133     3     /0/22\\0      0.017407
 157  134     3     /02\0/2\     -0.001471
 158  134     3     /02/0\2\     -0.000600
 159  135     3     /02\/02\      0.002901
 160  135     3     /02/\02\      0.002013
 161  136     3     /02\/20\     -0.001268
 162  136     3     /02/\20\      0.000749
 163  137     3     /02\2/0\      0.034982
 164  137     3     /02/2\0\      0.017407
 165  138     3     /\00/\22      0.000720
 166  138     3     //00\\22     -0.000629
 167  139     3     /\02/\02     -0.000041
 168  139     3     //02\\02      0.000030
 169  140     3     /\02/\20     -0.001175
 170  140     3     //02\\20      0.002491
 171  141     3     /\20/\02     -0.001175
 172  141     3     //20\\02      0.002491
 173  142     3     /\20/\20     -0.000041
 174  142     3     //20\\20      0.000030
 175  143     3     /\22/\00      0.011490
 176  143     3     //22\\00     -0.007723
 177  144     3     /20\0/2\      0.005043
 178  144     3     /20/0\2\      0.004346
 179  145     3     /20\/02\     -0.005985
 180  145     3     /20/\02\     -0.004354
 181  146     3     /20\/20\     -0.000035
 182  146     3     /20/\20\     -0.000056
 183  147     3     /20\2/0\     -0.000346
 184  147     3     /20/2\0\     -0.000160
 185  148     3     /2\00/\2      0.005043
 186  148     3     /2/00\\2      0.004346
 187  149     3     /2\0/0\2     -0.005985
 188  149     3     /2/0\0\2     -0.004354
 189  150     3     /2\0/2\0     -0.000035
 190  150     3     /2/0\2\0     -0.000056
 191  151     3     /2\02/\0     -0.000346
 192  151     3     /2/02\\0     -0.000160
 193  152     3     /2\20/\0     -0.023523
 194  152     3     /2/20\\0     -0.013328
 195  153     3     /2\2/0\0      0.028714
 196  153     3     /2/2\0\0      0.015277
 197  154     3     /22\0/0\     -0.023523
 198  154     3     /22/0\0\     -0.013328
 199  155     3     /22\/00\      0.028714
 200  155     3     /22/\00\      0.015277
 201  156     3     20/\02/\      0.000431
 202  156     3     20//02\\      0.000590
 203  157     3     20/\20/\      0.072382
 204  157     3     20//20\\      0.048595
 205  158     3     2/0\0/2\      0.002468
 206  158     3     2/0/0\2\      0.004294
 207  159     3     2/0\/02\      0.009574
 208  159     3     2/0/\02\     -0.017724
 209  160     3     2/0\/20\      0.001039
 210  160     3     2/0/\20\     -0.001078
 211  161     3     2/0\2/0\      0.001188
 212  161     3     2/0/2\0\     -0.000311
 213  162     3     2/\00/\2      0.002468
 214  162     3     2//00\\2      0.004294
 215  163     3     2/\0/0\2      0.009574
 216  163     3     2//0\0\2     -0.017724
 217  164     3     2/\0/2\0      0.001039
 218  164     3     2//0\2\0     -0.001078
 219  165     3     2/\02/\0      0.001188
 220  165     3     2//02\\0     -0.000311
 221  166     3     2/\20/\0     -0.009215
 222  166     3     2//20\\0     -0.014971
 223  167     3     2/\2/0\0     -0.087756
 224  167     3     2//2\0\0      0.109203
 225  168     3     2/2\0/0\     -0.009215
 226  168     3     2/2/0\0\     -0.014971
 227  169     3     2/2\/00\     -0.087756
 228  169     3     2/2/\00\      0.109203
 229  170     3     22/\00/\     -0.054782
 230  170     3     22//00\\     -0.037217
 231  171     4     02/\/\/\     -0.002248
 232  171     4     02/\//\\      0.000000
 233  171     4     02//\\/\      0.000000
 234  171     4     02//\/\\      0.000970
 235  171     4     02///\\\     -0.001739
 236  172     4     /\/\02/\     -0.001466
 237  172     4     /\//02\\     -0.001529
 238  172     4     //\\02/\      0.000000
 239  172     4     //\/02\\     -0.000402
 240  172     4     ///\02\\     -0.000285
 241  173     4     /\/\20/\      0.003892
 242  173     4     /\//20\\     -0.002920
 243  173     4     //\\20/\      0.000000
 244  173     4     //\/20\\     -0.005197
 245  173     4     ///\20\\     -0.003675
 246  174     4     20/\/\/\     -0.001264
 247  174     4     20/\//\\     -0.000000
 248  174     4     20//\\/\      0.000000
 249  174     4     20//\/\\      0.004520
 250  174     4     20///\\\      0.001650
 251  175     5     /\/\/\/\      0.001133
 252  175     5     /\/\//\\      0.000000
 253  175     5     /\//\\/\     -0.000000
 254  175     5     /\//\/\\     -0.006748
 255  175     5     /\///\\\      0.001328
 256  175     5     //\\/\/\     -0.000000
 257  175     5     //\\//\\      0.006434
 258  175     5     //\/\\/\      0.001421
 259  175     5     //\/\/\\     -0.003792
 260  175     5     //\//\\\      0.003493
 261  175     5     ///\\\/\     -0.002009
 262  175     5     ///\\/\\     -0.002681
 263  175     5     ///\/\\\      0.002470
 264  175     5     ////\\\\     -0.003419
  20022020                               -0.08040
  20202002                               -0.08040
  20222000                                0.81233
  22020020                                0.06014
  22200002                                0.06014
  22220000                               -0.50522
  21121010                               -0.08776   0.10920
  21211001                               -0.08776   0.10920

 Number of blocks in overlap matrix:    16   Smallest eigenvalue:  0.47D-04
 Number of N-2 electron functions:      64
 Number of N-1 electron functions:    2352

 Number of internal configurations:                  264
 Number of singly external configurations:         14896
 Number of doubly external configurations:         10592
 Total number of contracted configurations:        25752
 Total number of uncontracted configurations:     436144

 Weight factors for SA-density in H0:    1.000000

 Using g3 option

 FIMAX=  0.40D-01  FXMAX=  0.16D-07  DIAG=  F  F  NOREF=1  NOINT=0  IHPPD=2

 Nuclear energy:                      19.05037959
 Core energy:                        -75.30239029
 Zeroth-order valence energy:         -4.93562034
 Zeroth-order total energy:          -61.18763105
 First-order energy:                 -14.29424487


 Using contracted singles

 Number of contracted N-1 electron functions:          0
 Number of contracted internal configurations:        64


 noint is 2

 Diagonal Coupling coefficients finished.               Storage:    209068 words, CPU-Time:      0.00 seconds.
 Energy denominators for pairs finished in 0 passes.    Storage:    210885 words, CPU-time:      0.00 seconds.

  ITER. STATE  ROOT     SQ.NORM     CORR.ENERGY   TOTAL ENERGY   ENERGY CHANGE       DEN1      VAR(S)    VAR(P)      TIME
    1     1     1     1.01857433     0.00000000   -75.48187592     0.00000000    -0.13675617  0.19D-01  0.23D-01     0.81
    2     1     1     1.04224429    -0.13670162   -75.61857754    -0.13670162    -0.00061963  0.18D-03  0.17D-03     1.54
    3     1     1     1.04297461    -0.13752959   -75.61940551    -0.00082797    -0.00060150  0.62D-05  0.27D-05     1.55
    4     1     1     1.04316619    -0.13755376   -75.61942968    -0.00002417    -0.00000628  0.15D-06  0.23D-06     1.58
    5     1     1     1.04319598    -0.13755488   -75.61943080    -0.00000112    -0.00001624  0.13D-07  0.80D-08     1.59
    6     1     1     1.04320304    -0.13755495   -75.61943086    -0.00000007    -0.00000057  0.52D-09  0.90D-09     1.59
    7     1     1     1.04320460    -0.13755495   -75.61943087    -0.00000000    -0.00000070  0.63D-10  0.39D-10     1.60

 Energy contributions for state 1.1:
 ===================================

            Energy contr.      SQ.Norm of FOWF
 Space I0     0.00000000          0.00000000
 Space I1     0.00000000          0.00000000
 Space I2     0.00000000          0.00000000
 Space S0    -0.04819749          0.01986309
 Space S1     0.00000000          0.00000000
 Space S2     0.00000000          0.00000000
 Space P0    -0.08935746          0.02334151
 Space P1     0.00000000          0.00000000
 Space P2     0.00000000          0.00000000


 RESULTS FOR STATE 1.1
 =====================


 Reference energy                     -75.48187592
 Nuclear energy                        19.05037959
 Correlation energy                    -0.13755495
 !RSPT2 STATE 1.1 Energy              -75.619430869372
 !RS2C STATE 1.1 Dipole moment          0.00000000     0.00000000     0.00000000
 Dipole moment /Debye                   0.00000000     0.00000000     0.00000000


 **********************************************************************************************************************************
 DATASETS  * FILE   NREC   LENGTH (MB)   RECORD NAMES
              1      20       29.40       500      610      700      900      950      970     1000      129      960     1100   
                                          VAR    BASINP    GEOM    SYMINP    ZMAT    AOBASIS   BASIS     P2S    ABASIS      S 
                                         1400     1410     1200     1210     1080     1600     1650     1700     1380     1700(1)
                                           T        V       H0       H01     AOSYM     SMH    MOLCAS    OPER     JKOP     OPER   

              2       5        0.52       700     1000      520     2100     2140   
                                         GEOM     BASIS   MCVARS     RHF     MCSCF   

 PROGRAMS   *        TOTAL      RS2C     MULTI    HF-SCF       INT
 CPU TIMES  *        19.28      3.00     11.51      2.11      0.20
 REAL TIME  *        25.46 SEC
 DISK USED  *        29.99 MB (local),      648.27 MB (total)
 SF USED    *         2.12 MB
 GA USED    *         0.00 MB       (max)       0.00 MB       (current)
 **********************************************************************************************************************************


 PROGRAM * OPT (Geometry optimization)     Authors: F. Eckert and H.-J. Werner


 BFGS update of hessian

 *** Long output written to logfile /home/charlie/input_examples/molpro/C2_caspt2_opt.log ***


 Geometry optimization using default procedure for command RS2C

 Geometry written to block  1 of record 700

 Making model hessian for Z-matrix coordinates

 Entering Rational Function Geometry Optimization
  20022020                               -0.10398
  20202002                               -0.10398
  20222000                                0.83697
  22020020                                0.06886
  22200002                                0.06886
  22220000                               -0.41591
  21121010                               -0.09520   0.14169
  21211001                               -0.09520   0.14169

 ITER.   ENERGY(OLD)    ENERGY(NEW)      DE          GRADMAX     GRADNORM    GRADRMS     STEPMAX     STEPLEN     STEPRMS   CPU-time
   1   -75.61943087   -75.75814214    -0.13871127  0.83215566  0.83215566  0.83215566  0.30000000  0.30000000  0.30000000      6.36
  20022020                               -0.10314
  20202002                               -0.10314
  20222000                                0.83648
  22020020                                0.06859
  22200002                                0.06859
  22220000                               -0.41867
  21121010                               -0.09504   0.14076
  21211001                               -0.09504   0.14076
  20022020                               -0.11123
  20202002                               -0.11123
  20222000                                0.84034
  22020020                                0.07118
  22200002                                0.07118
  22220000                               -0.39317
  21121010                               -0.09642   0.14921
  21211001                               -0.09642   0.14921
   2   -75.75814214   -75.76936552    -0.01122338  0.18477622  0.18477622  0.18477622  0.08500778  0.08500778  0.08500778     12.10
  20022020                               -0.11744
  20202002                               -0.11744
  20222000                                0.84212
  22020020                                0.07303
  22200002                                0.07303
  22220000                               -0.37519
  21121010                               -0.09718   0.15480
  21211001                               -0.09718   0.15480
   3   -75.76936552   -75.77286857    -0.00350305  0.08380639  0.08380639  0.08380639  0.07020986  0.07020986  0.07020986     19.78
  20022020                               -0.11924
  20202002                               -0.11924
  20222000                                0.84248
  22020020                                0.07354
  22200002                                0.07354
  22220000                               -0.37021
  21121010                               -0.09735   0.15629
  21211001                               -0.09735   0.15629
   4   -75.77286857   -75.77307633    -0.00020776  0.01853837  0.01853837  0.01853837  0.01993410  0.01993410  0.01993410     26.50
  20022020                               -0.11953
  20202002                               -0.11953
  20222000                                0.84253
  22020020                                0.07362
  22200002                                0.07362
  22220000                               -0.36942
  21121010                               -0.09738   0.15652
  21211001                               -0.09738   0.15652
   5   -75.77307633   -75.77308047    -0.00000414  0.00257167  0.00257167  0.00257167  0.00321064  0.00321064  0.00321064     31.90
  20022020                               -0.11954
  20202002                               -0.11954
  20222000                                0.84253
  22020020                                0.07363
  22200002                                0.07363
  22220000                               -0.36938
  21121010                               -0.09738   0.15653
  21211001                               -0.09738   0.15653
   6   -75.77308047   -75.77308047    -0.00000000  0.00009778  0.00009778  0.00009778  0.00012690  0.00012690  0.00012690     35.06

 END OF GEOMETRY OPTIMIZATION.

 Optimized variables
 B1=                  1.25320562 ANGSTROM

 **********************************************************************************************************************************

 Geometry written to block  1 of record 700

 Recomputing wavefunction for reoriented structure
  20022020                               -0.11954
  20202002                               -0.11954
  20222000                                0.84253
  22020020                                0.07363
  22200002                                0.07363
  22220000                               -0.36938
  21121010                               -0.09738   0.15653
  21211001                               -0.09738   0.15653

 Current geometry (xyz format, in Angstrom)

    2
 RS2C/USERDEF  ENERGY=-75.77308047
 C           0.0000000000        0.0000000000       -0.6266028124
 C           0.0000000000        0.0000000000        0.6266028124

 **********************************************************************************************************************************


 **********************************************************************************************************************************
 DATASETS  * FILE   NREC   LENGTH (MB)   RECORD NAMES
              1      19       29.41       500      610      700      900      950      970     1000      129      960     1100   
                                          VAR    BASINP    GEOM    SYMINP    ZMAT    AOBASIS   BASIS     P2S    ABASIS      S 
                                         1400     1410     1200     1210     1080     1600     1650     1700     1380   
                                           T        V       H0       H01     AOSYM     SMH    MOLCAS    OPER     JKOP   

              2       6        0.53       700     1000      520     2100     2140     5600   
                                         GEOM     BASIS   MCVARS     RHF     MCSCF    GINFO   

 PROGRAMS   *        TOTAL      OPTG      RS2C     MULTI    HF-SCF       INT
 CPU TIMES  *        56.78     37.33      3.00     11.51      2.11      0.20
 REAL TIME  *        71.08 SEC
 DISK USED  *        35.80 MB (local),      700.69 MB (total)
 SF USED    *         2.14 MB
 GA USED    *         0.00 MB       (max)       0.00 MB       (current)
 **********************************************************************************************************************************
 E_CORR(1)       =     -75.77308047  AU                              
 THEORY(1)       =  '"CASPT2"'
 B(1)            =  '"VTZ"'


 PROGRAM * HESSIAN

 Computing numerical hessian using default procedure for command RS2C

 Symmetry elements for unique displacements: X  Y  Z  

 Disabling AUTO symmetry option for MR methods

 Using no symmetry in wavefunction calculations

 Running default procedure: MULTI000  RS2C


 Recomputing wavefunction at reference geometry
  20202200                                0.07363
  20220200                               -0.11954
  22002020                                0.07363
  22020020                               -0.11954
  22202000                               -0.36938
  22220000                                0.84253

 Numerically approximating hessian using central energy differences

 Task list generated. Total number of displacements:      8


 Switching to mppx mode, nproc= 19

 All   8 tasks completed.  CPU=      1.66 sec, Elapsed=      1.67 sec.

 Switching back to mpp mode, nproc= 19


 RS2C hessian saved to record  5300.2

 PROGRAM * FREQUENCIES (Calculation of harmonic vibrational spectra for RS2C)


 Permanent Dipole Moment [debye]
     1-   3    0.000000    0.000000    0.000000

 Dipole Moment Norm    0.0000000 [debye]

 Dipole Moment Derivatives [debye/ang]
              1             2             3             4             5             6
    1    0.00000000    0.00000000    0.00000000    0.00000000    0.00000000    0.00000000
    2    0.00000000    0.00000000    0.00000000    0.00000000    0.00000000    0.00000000
    3    0.00000000    0.00000000    0.00000000    0.00000000    0.00000000    0.00000000

 Projecting out rotations and translations

   Low Vibration      Wavenumber
        Nr             [1/cm] 
        1                0.00
        2                0.00
        3                0.00
        4                0.00
        5                0.00

     Vibration        Wavenumber
        Nr             [1/cm] 
        1             1835.89

 FREQUENCIES * CALCULATION OF NORMAL MODES FOR RS2C


 Atomic Coordinates

  Nr  Atom  Charge       X              Y              Z

   1   C     6.00    0.000000000    0.000000000   -1.184107704
   2   C     6.00    0.000000000    0.000000000    1.184107704

 Gradient norm at reference geometry: 0.76043D-06

 Normal Modes

                              1 Ag 
 Wavenumbers [cm-1]         1835.89
 Intensities [km/mol]          0.00
 Intensities [relative]        0.00
           CX1             -0.00000
           CY1             -0.00000
           CZ1              0.20403
           CX2             -0.00000
           CY2             -0.00000
           CZ2             -0.20403


 Normal Modes of low/zero frequencies

                                  1           2           3           4           5
 Wavenumbers [cm-1]            0.00        0.00        0.00        0.00        0.00
 Intensities [km/mol]          0.00        0.00        0.00        0.00        0.00
 Intensities [relative]        0.00        0.00        0.00        0.00        0.00
           CX1              0.00000     0.00000     0.20403    -0.00000     0.20403
           CY1              0.24629     0.00000    -0.00000    -0.15033    -0.00000
           CZ1              0.00000     0.20403    -0.00000    -0.00000    -0.00000
           CX2             -0.00000    -0.00000     0.20403    -0.00000    -0.20403
           CY2              0.15033    -0.00000    -0.00000     0.24629    -0.00000
           CZ2             -0.00000     0.20403    -0.00000    -0.00000    -0.00000


 Frequencies dumped to record   5400.2
 Frequency information read from record  5400.2

 FREQUENCIES * CALCULATION OF THERMODYNAMICAL PROPERTIES

 Temperature   298.150 [K]  Pressure   1.00000 [atm]
 Atom  1: C         Mass  12.01100
 Atom  2: C         Mass  12.01100

 Molecular Mass:    24.02200 [a.u.]
 Moments of Inertia          33.68151    33.68151     0.00000 [a.u.]
 Point Group D2h   Order of principal axis 0
 Rotational Symmetry factor  2.0
 Rotational Temperature      2.571503 [K]
 Rotational Constant        53.581735 [GHz]

 Vibrational Temperatures [K]   2641.42

 Zero-Point vibrational Energy       10.981 [kJ/Mol]
                                      2.625 [kcal/Mol]

 Electronic Energy at 0 [K]:                       -75.773080 [H]
 Electronic Energy + Zero-Point correction:        -75.768898 [H]
 Electronic Energy at     298.150 [K]:             -75.766536 [H]
 Enthalpy H at            298.150 [K]:             -75.765592 [H]
 Free Enthalpy G at       298.150 [K]:             -75.787223 [H]

 Partition Function  Z                 log10(Z)          ln(Z)
 Electronic      0.100000D+01          0.000000          0.000000
 Translation     0.462790D+07          6.665384         15.347614
 Rotation        0.579719D+02          1.763218          4.059959
 Vibration       0.100014D+01          0.000062          0.000142
 Total           0.268327D+09          8.428664         19.407573

                       H(T)-H(0)              Cv                 S
                       [kJ/Mol]          [J/Mol K]          [J/Mol K] 
 Electronic               0.000              0.000              0.000
 Translation              3.718             12.472            148.394
 Rotation                 2.479              8.315             42.071
 Vibration                0.003              0.093              0.012
 Volume (RT)              2.479              0.000              0.000
 Total                    8.680             20.879            190.477

 Thermal energies including ZPE:

 H(T)-E(0)               19.661 kJ/Mol
 U(T)-E(0)               17.182 kJ/Mol

                       H(T)-H(0)              Cv                 S
                       [kcal/Mol]        [cal/Mol K]        [cal/Mol K] 
 Electronic               0.000              0.000              0.000
 Translation              0.889              2.981             35.467
 Rotation                 0.592              1.987             10.055
 Vibration                0.001              0.022              0.003
 Volume (RT)              0.592              0.000              0.000
 Total                    2.074              4.990             45.525

 Thermal energies including ZPE:

 H(T)-E(0)                4.699 kcal/Mol
 U(T)-E(0)                4.106 kcal/Mol

 Recomputing wavefunction at initial geometry
  20022020                               -0.11954
  20202002                               -0.11954
  20222000                                0.84253
  22020020                                0.07363
  22200002                                0.07363
  22220000                               -0.36938
  21121010                               -0.09738   0.15653
  21211001                               -0.09738   0.15653


 **********************************************************************************************************************************
 DATASETS  * FILE   NREC   LENGTH (MB)   RECORD NAMES
              1      20       29.40       500      610      700      900      950      970     1000      129      960     1100   
                                          VAR    BASINP    GEOM    SYMINP    ZMAT    AOBASIS   BASIS     P2S    ABASIS      S 
                                         1400     1410     1200     1210     1080     1600     1650     1700     1380     1700(1)
                                           T        V       H0       H01     AOSYM     SMH    MOLCAS    OPER     JKOP     OPER   

              2      13        1.19       700     1000      520     2100     2140     5600      701      702     1001     2141   
                                         GEOM     BASIS   MCVARS     RHF     MCSCF    GINFO    GEOM     GEOM     BASIS    MCSCF   
                                         5300     5450     5400   
                                         HESS     NMOD     FREQ   

 PROGRAMS   *        TOTAL      FREQ      OPTG      RS2C     MULTI    HF-SCF       INT
 CPU TIMES  *        68.80     11.67     37.33      3.00     11.51      2.11      0.20
 REAL TIME  *        85.51 SEC
 DISK USED  *        35.80 MB (local),      849.54 MB (total)
 SF USED    *        15.14 MB
 GA USED    *         0.00 MB       (max)       0.00 MB       (current)
 **********************************************************************************************************************************
 E_ZPE(1)        =       0.00418246  HARTREE                         
 E_ENTH(1)       =       0.00748830  AU                              

 RS2C/USERDEF//RS2C/USERDEF energy=    -75.773080473000

      OPTG(RS2C)            RS2C           MULTI          HF-SCF
    -75.77308047    -75.61943087    -75.48187592    -75.25657431
 **********************************************************************************************************************************
 Molpro calculation terminated
