
 Working directory              : /tmp/charlie/molpro.eGlmoMITYv/
 Global scratch directory       : /tmp/charlie/molpro.eGlmoMITYv/
 Wavefunction directory         : /home/charlie/wfu/
 Main file repository           : /tmp/charlie/molpro.eGlmoMITYv/

 id        : dap

 Nodes     nprocs
 charliebox   19
 Distribution of processes:   nprocs(total)=   20   nprocs(compute)=   19   nprocs(helper)=    1
 GA implementation: MPI file
 GA implementation (serial work in mppx): MPI file

 Using customized tuning parameters: mindgm=1; mindgv=20; mindgc=4; mindgr=1; noblas=0; minvec=7
 default implementation of scratch files=sf  


 Variables initialized (1059), CPU time= 1.28 sec
 ***,example for merge
 print,orbitals,basis
 rh2=1.4
 rhf=300.
 basis=vdz
 symmetry,x,y                                                                    !use C2v symmetry
 geometry={F}
 
 text,F
 {rhf;wf,9,1,1;occ,3,1,1;orbital,2130.2}                                         !rhf for f-atom
 
 text,H2
 symmetry,x,y                                                                    !use C2v symmetry
 geometry={
          H1,
          H2,H1,rh2}
 
 {hf;orbital,2100.2}                                                             !scf for h2
 {multi;occ,2;orbital,2101.2}                                                    !mcscf for h2
 
 text,FH2
 geometry={F;                                                                    !linear geometry for F+H2
          H1,F,rhf
          H2,H1,rh2,F,180}
 
 int
 {merge
 orbital,2130.2                                                                  !rhf orbitals for F-atom
 move,1.1,2.1,1.1                                                                !move orbitals 1.1, 2.1
 move,3.1,0.4,4.1;                                                               !move all remaining, starting at 4.1
 orbital,2100.2                                                                  !hf orbitals for H2
 move,1.1,0.4                                                                    !move these to free positions
 save,2131.2}                                                                    !save merged orbitals
 
 {rhf;occ,4,1,1;start,2131.2                                                     !rhf for F+H2
 orbital,2132.2}
 
 {merge
 orbital,2130.2                                                                  !rhf orbitals for F-atom
 move,1.1,2.1,1.1                                                                !move orbitals 1.1, 2.1
 move,3.1,3.1,4.1;                                                               !move orbital 3.1 to 4.1
 move,4.1,0.4,6.1                                                                !move all remaining, starting at 6.1
 orbital,2101.2                                                                  !mcscf orbitals for H2
 move,1.1,0.4                                                                    !move these to free positions
 save,2141.2}                                                                    !save merged orbitals
 
 {multi;occ,5,1,1;start,2141.2}                                                  !casscf for F+H2 using valence space
 Commands initialized (838), CPU time= 0.01 sec, 726 directives.
 Default parameters read. Elapsed time= 0.08 sec

 Checking input...
 Passed
1


                                         ***  PROGRAM SYSTEM MOLPRO  ***
                                       Copyright, TTI GmbH Stuttgart, 2015
                                  Version 2025.2 linked Wed May 14 02:42:57 2025


 **********************************************************************************************************************************
 LABEL *   example for merge                                                                                                                                             
                                                                                         DATE: 05-Dec-25          TIME: 22:35:40  
 **********************************************************************************************************************************

 SHA1:             57ceb174f4fe6691bc75d8fe641d0297fc3c2b28
 **********************************************************************************************************************************

 Memory per process:        32 MW
 Total memory per node:    608 MW

 GA preallocation disabled
 GA check disabled

 Variable memory set to 32.0 MW


 RH2             =       1.40000000                                  
 RHF             =     300.00000000                                  
 SETTING BASIS          =    VDZ

 ZSYMEL=X  Y  


 *** F


 Recomputing integrals since basis changed


 Using spherical harmonics

 Library entry F      S cc-pVDZ              selected for orbital group  1
 Library entry F      P cc-pVDZ              selected for orbital group  1
 Library entry F      D cc-pVDZ              selected for orbital group  1


 PROGRAM * SEWARD (Integral evaluation for generally contracted gaussian basis sets)     Author: Roland Lindh, 1990

 Geometry written to block  1 of record 700

 Orientation using atomic masses  
 Molecule type: Atom
 User-specified symmetry elements: X,Y
 Symmetry elements: X,Y
 Rotational constants:       0.0000000      0.0000000      0.0000000 GHz  (calculated with average atomic masses)

 Point group  C2v 



 ATOMIC COORDINATES

 NR  ATOM    CHARGE       X              Y              Z

   1  F       9.00    0.000000000    0.000000000    0.000000000


 BASIS DATA

   Nr Sym  Nuc  Type         Exponents   Contraction coefficients

    1.1 A1    1  1s       14710.000000     0.000721   -0.000165    0.000000
    2.1 A1                 2207.000000     0.005553   -0.001308    0.000000
    3.1 A1                  502.800000     0.028267   -0.006495    0.000000
                            142.600000     0.106444   -0.026691    0.000000
                             46.470000     0.286814   -0.073690    0.000000
                             16.700000     0.448641   -0.170776    0.000000
                              6.356000     0.264761   -0.112327    0.000000
                              1.316000     0.015333    0.562814    0.000000
                              0.389700    -0.002332    0.568778    1.000000
    4.1 A1    1  2pz         22.670000     0.044878    0.000000
    5.1 A1                    4.977000     0.235718    0.000000
                              1.347000     0.508521    0.000000
                              0.347100     0.458120    1.000000
    6.1 A1    1  3d0          1.640000     1.000000
    7.1 A1    1  3d2+         1.640000     1.000000
    1.2 B1    1  2px         22.670000     0.044878    0.000000
    2.2 B1                    4.977000     0.235718    0.000000
                              1.347000     0.508521    0.000000
                              0.347100     0.458120    1.000000
    3.2 B1    1  3d1+         1.640000     1.000000
    1.3 B2    1  2py         22.670000     0.044878    0.000000
    2.3 B2                    4.977000     0.235718    0.000000
                              1.347000     0.508521    0.000000
                              0.347100     0.458120    1.000000
    3.3 B2    1  3d1-         1.640000     1.000000
    1.4 A2    1  3d2-         1.640000     1.000000

 NUCLEAR CHARGE:                    9
 NUMBER OF PRIMITIVE AOS:          27
 NUMBER OF SYMMETRY AOS:           26
 NUMBER OF CONTRACTIONS:           14   (    7A1  +    3B1  +    3B2  +    1A2  )
 NUMBER OF INNER CORE ORBITALS:     0   (    0A1  +    0B1  +    0B2  +    0A2  )
 NUMBER OF OUTER CORE ORBITALS:     1   (    1A1  +    0B1  +    0B2  +    0A2  )
 NUMBER OF VALENCE ORBITALS:        4   (    2A1  +    1B1  +    1B2  +    0A2  )


 NUCLEAR REPULSION ENERGY .00000000

 EXTRA SYMMETRY OF AOS IN SYMMETRY 1:   1 1 1 2 2 3 4
 EXTRA SYMMETRY OF AOS IN SYMMETRY 2:   1 1 2
 EXTRA SYMMETRY OF AOS IN SYMMETRY 3:   1 1 2

 Eigenvalues of metric

         1 0.487E-01 0.202E+00 0.100E+01 0.100E+01 0.100E+01 0.180E+01 0.195E+01
         2 0.202E+00 0.100E+01 0.180E+01
         3 0.202E+00 0.100E+01 0.180E+01
         4 0.100E+01


 Contracted 2-electron integrals neglected if value below      1.0D-11
 AO integral compression algorithm  1   Integral accuracy      1.0D-11

     4.981 MB (compressed) written to integral file (100.0%)

     Node minimum: 0.262 MB, node maximum: 0.262 MB


 NUMBER OF SORTED TWO-ELECTRON INTEGRALS:         82.     BUFFER LENGTH:  32768
 NUMBER OF SEGMENTS:   1  SEGMENT LENGTH:         82      RECORD LENGTH: 524288

 Memory used in sort:       0.56 MW

 SORT1 READ        1852. AND WROTE          41. INTEGRALS IN      1 RECORDS. CPU TIME:     0.02 SEC, REAL TIME:     0.02 SEC
 SORT2 READ         935. AND WROTE        1874. INTEGRALS IN     19 RECORDS. CPU TIME:     0.00 SEC, REAL TIME:     0.01 SEC

 Node minimum:          10.  Node maximum:         393. integrals

 OPERATOR DM      FOR CENTER  0  COORDINATES:    0.000000    0.000000    0.000000


 **********************************************************************************************************************************
 DATASETS  * FILE   NREC   LENGTH (MB)   RECORD NAMES
              1      18       29.01       500      610      700      900      950      970     1000      129      960     1100   
                                          VAR    BASINP    GEOM    SYMINP    ZMAT    AOBASIS   BASIS     P2S    ABASIS      S 
                                         1400     1410     1200     1210     1080     1600     1650     1700   
                                           T        V       H0       H01     AOSYM     SMH    MOLCAS    OPER   

 PROGRAMS   *        TOTAL       INT
 CPU TIMES  *         1.11      0.97
 REAL TIME  *         2.70 SEC
 DISK USED  *        29.31 MB (local),      632.96 MB (total)
 GA USED    *         0.00 MB       (max)       0.00 MB       (current)
 **********************************************************************************************************************************


 Program * Restricted Hartree-Fock

 Orbital guess generated from atomic densities. Full valence occupancy:    3   1   1   0

 Initial alpha occupancy:   3   1   1   0
 Initial beta  occupancy:   2   1   1   0

 NELEC=    9   SYM=1   MS2= 1   THRE=1.0D-08   THRD=3.2D-06   THRG=3.2D-06  HFMA2=F  DIIS_START=2   DIIS_MAX=10   DIIS_INCORE=F

 Level shifts:    0.00 (CLOSED)    0.00 (OPEN)    0.30 (GAP_MIN)

 ITER           ETOT              DE          GRAD        DDIFF     DIIS  NEXP   TIME(IT)  TIME(TOT)  DIAG
   1      -99.36695436     -99.36695436     0.00D+00     0.63D+00     0     0       0.00      0.00    start
   2      -99.37126612      -0.00431175     0.17D-01     0.34D-01     1     0       0.12      0.12    diag2
   3      -99.37182368      -0.00055756     0.71D-02     0.11D-01     2     0       0.00      0.12    diag2
   4      -99.37186117      -0.00003749     0.10D-02     0.28D-02     3     0       0.00      0.12    diag2
   5      -99.37186194      -0.00000077     0.14D-03     0.38D-03     4     0       0.00      0.12    diag2
   6      -99.37186194      -0.00000000     0.14D-04     0.45D-04     5     0       0.15      0.27    diag2
   7      -99.37186194      -0.00000000     0.40D-06     0.75D-06     6     0       0.18      0.45    diag2
   8      -99.37186194       0.00000000     0.85D-08     0.17D-07     0     0       0.02      0.47    diag

 Final alpha occupancy:   3   1   1   0
 Final beta  occupancy:   2   1   1   0

 !RHF STATE 1.1 Energy                -99.371861940098
  RHF One-electron energy            -139.273944125894
  RHF Two-electron energy              39.902082185796
  RHF Kinetic energy                   99.373981148133
  RHF Nuclear energy                    0.000000000000
  RHF Virial quotient                  -0.999978674417

 !RHF STATE 1.1 Dipole moment           0.00000000     0.00000000    -0.00000000
 Dipole moment /Debye                   0.00000000     0.00000000    -0.00000000

 ELECTRON ORBITALS
 =================

  Orbital  Occupation    Energy    Cen Mu Typ  Coefficients
    1.1     2.00000   -26.37779     1  1  s    1.00000
    2.1     2.00000    -1.56416     1  2  s    0.99993
    3.1     1.00000    -0.81850     1  1  pz   1.02813
    1.2     2.00000    -0.69184     1  1  px   0.99306
    1.3     2.00000    -0.69184     1  1  py   0.99306


 HOMO      1.3    -0.691842 =     -18.8260eV
 LUMO      4.1     1.318595 =      35.8808eV
 LUMO-HOMO         2.010437 =      54.7068eV

 Orbitals saved in record  2130.2


 **********************************************************************************************************************************
 DATASETS  * FILE   NREC   LENGTH (MB)   RECORD NAMES
              1      18       29.01       500      610      700      900      950      970     1000      129      960     1100   
                                          VAR    BASINP    GEOM    SYMINP    ZMAT    AOBASIS   BASIS     P2S    ABASIS      S 
                                         1400     1410     1200     1210     1080     1600     1650     1700   
                                           T        V       H0       H01     AOSYM     SMH    MOLCAS    OPER   

              2       4        0.37       700     1000      520     2130   
                                         GEOM     BASIS   MCVARS     RHF  

 PROGRAMS   *        TOTAL   RHF-SCF       INT
 CPU TIMES  *         1.82      0.71      0.97
 REAL TIME  *         4.55 SEC
 DISK USED  *        29.46 MB (local),      635.73 MB (total)
 GA USED    *         0.00 MB       (max)       0.00 MB       (current)
 **********************************************************************************************************************************

 *** H2

 ZSYMEL=X  Y  



 Recomputing integrals since geometry and symmetry changed


 Using spherical harmonics

 Library entry H      S cc-pVDZ              selected for orbital group  1
 Library entry H      P cc-pVDZ              selected for orbital group  1


 PROGRAM * SEWARD (Integral evaluation for generally contracted gaussian basis sets)     Author: Roland Lindh, 1990

 Geometry written to block  1 of record 701

 Orientation using atomic masses  
 Molecule type: Linear
 User-specified symmetry elements: X,Y
 Symmetry elements: X,Y
 Rotational constants:    1827.0657105   1827.0657105      0.0000000 GHz  (calculated with average atomic masses)

 Point group  C2v 



 ATOMIC COORDINATES

 NR  ATOM    CHARGE       X              Y              Z

   1  H1      1.00    0.000000000    0.000000000   -0.700000000
   2  H2      1.00    0.000000000    0.000000000    0.700000000

 Bond lengths in Bohr (Angstrom)

 1-2  1.400000000
     ( 0.740848095)


 BASIS DATA

   Nr Sym  Nuc  Type         Exponents   Contraction coefficients

    1.1 A1    1  1s          13.010000     0.019685    0.000000
    2.1 A1                    1.962000     0.137977    0.000000
                              0.444600     0.478148    0.000000
                              0.122000     0.501240    1.000000
    3.1 A1    1  2pz          0.727000     1.000000
    4.1 A1    2  1s          13.010000     0.019685    0.000000
    5.1 A1                    1.962000     0.137977    0.000000
                              0.444600     0.478148    0.000000
                              0.122000     0.501240    1.000000
    6.1 A1    2  2pz          0.727000     1.000000
    1.2 B1    1  2px          0.727000     1.000000
    2.2 B1    2  2px          0.727000     1.000000
    1.3 B2    1  2py          0.727000     1.000000
    2.3 B2    2  2py          0.727000     1.000000

 NUCLEAR CHARGE:                    2
 NUMBER OF PRIMITIVE AOS:          14
 NUMBER OF SYMMETRY AOS:           14
 NUMBER OF CONTRACTIONS:           10   (    6A1  +    2B1  +    2B2  +    0A2  )
 NUMBER OF INNER CORE ORBITALS:     0   (    0A1  +    0B1  +    0B2  +    0A2  )
 NUMBER OF OUTER CORE ORBITALS:     0   (    0A1  +    0B1  +    0B2  +    0A2  )
 NUMBER OF VALENCE ORBITALS:        2   (    2A1  +    0B1  +    0B2  +    0A2  )

 MOLECULE CHANGED: INITIALIZING OCCUPATION AND DUMP RECORDS


 NUCLEAR REPULSION ENERGY .71428571

 Eigenvalues of metric

         1 0.146E-01 0.904E-01 0.110E+00 0.105E+01 0.117E+01 0.357E+01
         2 0.510E+00 0.149E+01
         3 0.510E+00 0.149E+01


 Contracted 2-electron integrals neglected if value below      1.0D-11
 AO integral compression algorithm  1   Integral accuracy      1.0D-11

     4.981 MB (compressed) written to integral file (100.0%)

     Node minimum: 0.262 MB, node maximum: 0.262 MB


 NUMBER OF SORTED TWO-ELECTRON INTEGRALS:         19.     BUFFER LENGTH:  32768
 NUMBER OF SEGMENTS:   1  SEGMENT LENGTH:         19      RECORD LENGTH: 524288

 Memory used in sort:       0.56 MW

 SORT1 READ         777. AND WROTE          16. INTEGRALS IN      1 RECORDS. CPU TIME:     0.32 SEC, REAL TIME:     0.41 SEC
 SORT2 READ         608. AND WROTE         648. INTEGRALS IN     19 RECORDS. CPU TIME:     0.00 SEC, REAL TIME:     0.00 SEC

 Node minimum:           4.  Node maximum:         162. integrals

 OPERATOR DM      FOR CENTER  0  COORDINATES:    0.000000    0.000000    0.000000


 **********************************************************************************************************************************
 DATASETS  * FILE   NREC   LENGTH (MB)   RECORD NAMES
              1      19       29.18       500      610      700      701      900      950      970     1001      129      960   
                                          VAR    BASINP    GEOM     GEOM    SYMINP    ZMAT    AOBASIS   BASIS     P2S    ABASIS    
                                         1100     1400     1410     1200     1210     1080     1600     1650     1700   
                                           S        T        V       H0       H01     AOSYM     SMH    MOLCAS    OPER   

              2       6        0.56       700     1000      520     2130      701     1001   
                                         GEOM     BASIS   MCVARS     RHF     GEOM     BASIS   

 PROGRAMS   *        TOTAL       INT   RHF-SCF       INT
 CPU TIMES  *         4.84      3.02      0.71      0.97
 REAL TIME  *         7.97 SEC
 DISK USED  *        29.80 MB (local),      642.34 MB (total)
 GA USED    *         0.00 MB       (max)       0.00 MB       (current)
 **********************************************************************************************************************************


 Program * Restricted Hartree-Fock

 Orbital guess generated from atomic densities. Full valence occupancy:    2   0   0   0

 Initial occupancy:   1   0   0

 NELEC=    2   SYM=1   MS2= 0   THRE=1.0D-08   THRD=3.2D-06   THRG=3.2D-06  HFMA2=F  DIIS_START=2   DIIS_MAX=10   DIIS_INCORE=F

 Level shifts:    0.00 (CLOSED)    0.00 (OPEN)    0.30 (GAP_MIN)

 ITER           ETOT              DE          GRAD        DDIFF     DIIS  NEXP   TIME(IT)  TIME(TOT)  DIAG
   1       -1.12727115      -1.12727115     0.00D+00     0.29D+00     0     0       0.00      0.00    start
   2       -1.12866592      -0.00139477     0.12D-01     0.29D-01     1     0       0.00      0.00    diag
   3       -1.12870938      -0.00004346     0.20D-02     0.67D-02     2     0       0.00      0.00    diag
   4       -1.12870945      -0.00000007     0.10D-03     0.27D-03     3     0       0.00      0.00    diag
   5       -1.12870945      -0.00000000     0.11D-05     0.39D-05     4     0       0.00      0.00    diag
   6       -1.12870945       0.00000000     0.59D-09     0.10D-08     5     0       0.00      0.00    diag
   7       -1.12870945       0.00000000     0.29D-09     0.84D-09     0     0       0.00      0.00    diag

 Final occupancy:   1   0   0

 !RHF STATE 1.1 Energy                 -1.128709448980
  RHF One-electron energy              -2.501680929366
  RHF Two-electron energy               0.658685766101
  RHF Kinetic energy                    1.096416471813
  RHF Nuclear energy                    0.714285714286
  RHF Virial quotient                  -1.029453203228

 !RHF STATE 1.1 Dipole moment           0.00000000     0.00000000    -0.00000000
 Dipole moment /Debye                   0.00000000     0.00000000    -0.00000000

 ELECTRON ORBITALS
 =================

  Orbital  Occupation    Energy    Cen Mu Typ  Coefficients
    1.1     2.00000    -0.59215     1  1  s    0.68676    2  1  s    0.68676


 HOMO      1.1    -0.592155 =     -16.1134eV
 LUMO      2.1     0.197277 =       5.3682eV
 LUMO-HOMO         0.789432 =      21.4815eV

 Orbitals saved in record  2100.2


 **********************************************************************************************************************************
 DATASETS  * FILE   NREC   LENGTH (MB)   RECORD NAMES
              1      19       29.18       500      610      700      701      900      950      970     1001      129      960   
                                          VAR    BASINP    GEOM     GEOM    SYMINP    ZMAT    AOBASIS   BASIS     P2S    ABASIS    
                                         1100     1400     1410     1200     1210     1080     1600     1650     1700   
                                           S        T        V       H0       H01     AOSYM     SMH    MOLCAS    OPER   

              2       7        0.66       700     1000      520     2130      701     1001     2100   
                                         GEOM     BASIS   MCVARS     RHF     GEOM     BASIS     RHF  

 PROGRAMS   *        TOTAL    HF-SCF       INT   RHF-SCF       INT
 CPU TIMES  *         5.07      0.10      3.02      0.71      0.97
 REAL TIME  *         9.27 SEC
 DISK USED  *        29.91 MB (local),      644.31 MB (total)
 GA USED    *         0.00 MB       (max)       0.00 MB       (current)
 **********************************************************************************************************************************

 PROGRAM * MULTI (Direct Multiconfiguration SCF)       Authors: P.J. Knowles, H.-J. Werner (1984)
                                                                D.A. Kreplin, P.J. Knowles, H.-J. Werner (2019)

 Number of active  orbitals:        2 (    2    0    0    0)
 Number of external orbitals:       8 (    4    2    2    0)

 State symmetry 1

 Number of active electrons:   2    Spin symmetry=Singlet   Space symmetry=1
 Number of states:             1
 Number of CSFs:               3   (4 determinants, 4 intermediate states)

 Molecular orbitals read from record     2100.2  Type=RHF/CANONICAL  

 Wavefunction dump at record             2101.2

 Convergence thresholds  0.10E-04 (gradient)  0.10E-05 (energy)
 
 Number of orbital rotations:  8  ( 0 closed/active, 0 closed/virtual, 0 active/active, 8 active/virtual )
 Total number of variables:    12
 
 Second-order MCSCF: L-BFGS accelerated
 
 ITER  MIC  NCI  NEG     ENERGY(VAR)    ENERGY(PROJ) ENERGY CHANGE       GRAD(0)  GRAD(ORB)   GRAD(CI)      STEP      TIME
   1    5    5    2     -1.13144718      -1.14746671   -0.01601953    0.00914913 0.00004398 0.00000000  0.70E+00      2.62
   2    3    3    0     -1.14683897      -1.14690818   -0.00006921    0.00717457 0.00001417 0.00000000  0.33E-01      2.92
   3    4    4    0     -1.14690814      -1.14690814   -0.00000000    0.00000845 0.00000000 0.00000000  0.30E-04      4.43

 CONVERGENCE REACHED!  Final gradient:    0.00000000 ( 0.13E-10)
                       Final energy:     -1.14690814
 
 First order charge density matrix for state 1.1 saved on record 2101.2 (density set 1)
 
 Results for state 1.1
 =====================
 !MCSCF STATE 1.1 Energy                        -1.146908137506
 Nuclear energy                                  0.71428571
 Kinetic energy                                  1.13306964
 One electron energy                            -2.48740828
 Two electron energy                             0.62621443
 Virial ratio                                    2.01221328
 
 !MCSCF STATE 1.1 Dipole moment                  0.00000000     0.00000000     0.00000000
 Dipole moment /Debye                            0.00000000     0.00000000     0.00000000
 
 No non-zero expectation values
 
  NATURAL ORBITALS 
  ================

  Orbital  Occupation    Energy    Cen Mu Typ  Coefficients
    1.1     1.97628    -0.58465     1  1  s    0.70057    2  1  s    0.70057
    2.1     0.02372     0.61803     1  1  s    1.66238    1  2  s   -0.61164    2  1  s   -1.66238    2  2  s    0.61164
 
 Natural orbital dump at molpro section 2101.2 (Orbital set 2)


 **********************************************************************************************************************************
 DATASETS  * FILE   NREC   LENGTH (MB)   RECORD NAMES
              1      20       29.18       500      610      700      701      900      950      970     1001      129      960   
                                          VAR    BASINP    GEOM     GEOM    SYMINP    ZMAT    AOBASIS   BASIS     P2S    ABASIS    
                                         1100     1400     1410     1200     1210     1080     1600     1650     1700     1380   
                                           S        T        V       H0       H01     AOSYM     SMH    MOLCAS    OPER     JKOP   

              2       8        0.76       700     1000      520     2130      701     1001     2100     2101   
                                         GEOM     BASIS   MCVARS     RHF     GEOM     BASIS     RHF     MCSCF   

 PROGRAMS   *        TOTAL     MULTI    HF-SCF       INT   RHF-SCF       INT
 CPU TIMES  *        10.69      5.38      0.10      3.02      0.71      0.97
 REAL TIME  *        16.07 SEC
 DISK USED  *        30.01 MB (local),      646.31 MB (total)
 SF USED    *         0.04 MB
 GA USED    *         0.00 MB       (max)       0.00 MB       (current)
 **********************************************************************************************************************************

 *** FH2


 Using spherical harmonics

 Library entry F      S cc-pVDZ              selected for orbital group  1
 Library entry F      P cc-pVDZ              selected for orbital group  1
 Library entry F      D cc-pVDZ              selected for orbital group  1
 Library entry H      S cc-pVDZ              selected for orbital group  2
 Library entry H      P cc-pVDZ              selected for orbital group  2


 PROGRAM * SEWARD (Integral evaluation for generally contracted gaussian basis sets)     Author: Roland Lindh, 1990

 Geometry written to block  1 of record 702

 Orientation using atomic masses  
 Molecule type: Linear
 Symmetry elements: X,Y
 Rotational constants:       0.0109516      0.0109516      0.0000000 GHz  (calculated with average atomic masses)

 Point group  C2v 



 ATOMIC COORDINATES

 NR  ATOM    CHARGE       X              Y              Z

   1  F       9.00    0.000000000    0.000000000  -28.845862407
   2  H1      1.00    0.000000000    0.000000000  271.154137593
   3  H2      1.00    0.000000000    0.000000000  272.554137593

 Bond lengths in Bohr (Angstrom)

 2-3  1.400000000
     ( 0.740848095)


 BASIS DATA

   Nr Sym  Nuc  Type         Exponents   Contraction coefficients

    1.1 A1    1  1s       14710.000000     0.000721   -0.000165    0.000000
    2.1 A1                 2207.000000     0.005553   -0.001308    0.000000
    3.1 A1                  502.800000     0.028267   -0.006495    0.000000
                            142.600000     0.106444   -0.026691    0.000000
                             46.470000     0.286814   -0.073690    0.000000
                             16.700000     0.448641   -0.170776    0.000000
                              6.356000     0.264761   -0.112327    0.000000
                              1.316000     0.015333    0.562814    0.000000
                              0.389700    -0.002332    0.568778    1.000000
    4.1 A1    1  2pz         22.670000     0.044878    0.000000
    5.1 A1                    4.977000     0.235718    0.000000
                              1.347000     0.508521    0.000000
                              0.347100     0.458120    1.000000
    6.1 A1    1  3d0          1.640000     1.000000
    7.1 A1    1  3d2+         1.640000     1.000000
    8.1 A1    2  1s          13.010000     0.019685    0.000000
    9.1 A1                    1.962000     0.137977    0.000000
                              0.444600     0.478148    0.000000
                              0.122000     0.501240    1.000000
   10.1 A1    2  2pz          0.727000     1.000000
   11.1 A1    3  1s          13.010000     0.019685    0.000000
   12.1 A1                    1.962000     0.137977    0.000000
                              0.444600     0.478148    0.000000
                              0.122000     0.501240    1.000000
   13.1 A1    3  2pz          0.727000     1.000000
    1.2 B1    1  2px         22.670000     0.044878    0.000000
    2.2 B1                    4.977000     0.235718    0.000000
                              1.347000     0.508521    0.000000
                              0.347100     0.458120    1.000000
    3.2 B1    1  3d1+         1.640000     1.000000
    4.2 B1    2  2px          0.727000     1.000000
    5.2 B1    3  2px          0.727000     1.000000
    1.3 B2    1  2py         22.670000     0.044878    0.000000
    2.3 B2                    4.977000     0.235718    0.000000
                              1.347000     0.508521    0.000000
                              0.347100     0.458120    1.000000
    3.3 B2    1  3d1-         1.640000     1.000000
    4.3 B2    2  2py          0.727000     1.000000
    5.3 B2    3  2py          0.727000     1.000000
    1.4 A2    1  3d2-         1.640000     1.000000

 NUCLEAR CHARGE:                   11
 NUMBER OF PRIMITIVE AOS:          41
 NUMBER OF SYMMETRY AOS:           40
 NUMBER OF CONTRACTIONS:           24   (   13A1  +    5B1  +    5B2  +    1A2  )
 NUMBER OF INNER CORE ORBITALS:     0   (    0A1  +    0B1  +    0B2  +    0A2  )
 NUMBER OF OUTER CORE ORBITALS:     1   (    1A1  +    0B1  +    0B2  +    0A2  )
 NUMBER OF VALENCE ORBITALS:        6   (    4A1  +    1B1  +    1B2  +    0A2  )

 MOLECULE CHANGED: INITIALIZING OCCUPATION AND DUMP RECORDS


 NUCLEAR REPULSION ENERGY .77414636

 EXTRA SYMMETRY OF AOS IN SYMMETRY 1:   1 1 1 1 1 1 2 3 3 3   3 3 3
 EXTRA SYMMETRY OF AOS IN SYMMETRY 2:   1 1 1 2 2
 EXTRA SYMMETRY OF AOS IN SYMMETRY 3:   1 1 1 2 2

 Eigenvalues of metric

         1 0.146E-01 0.487E-01 0.904E-01 0.110E+00 0.202E+00 0.100E+01 0.100E+01 0.100E+01
         2 0.202E+00 0.510E+00 0.100E+01 0.149E+01 0.180E+01
         3 0.202E+00 0.510E+00 0.100E+01 0.149E+01 0.180E+01
         4 0.100E+01


 Contracted 2-electron integrals neglected if value below      1.0D-11
 AO integral compression algorithm  1   Integral accuracy      1.0D-11

     4.981 MB (compressed) written to integral file (100.0%)

     Node minimum: 0.262 MB, node maximum: 0.262 MB


 NUMBER OF SORTED TWO-ELECTRON INTEGRALS:        385.     BUFFER LENGTH:  32768
 NUMBER OF SEGMENTS:   1  SEGMENT LENGTH:        385      RECORD LENGTH: 524288

 Memory used in sort:       0.56 MW

 SORT1 READ        5027. AND WROTE          88. INTEGRALS IN      1 RECORDS. CPU TIME:     0.93 SEC, REAL TIME:     0.96 SEC
 SORT2 READ        2988. AND WROTE       14630. INTEGRALS IN     19 RECORDS. CPU TIME:     0.13 SEC, REAL TIME:     0.14 SEC

 Node minimum:         178.  Node maximum:        1347. integrals

 OPERATOR DM      FOR CENTER  0  COORDINATES:    0.000000    0.000000    0.000000


 **********************************************************************************************************************************
 DATASETS  * FILE   NREC   LENGTH (MB)   RECORD NAMES
              1      19       29.21       500      610      700      702      900      950      970     1002      129      960   
                                          VAR    BASINP    GEOM     GEOM    SYMINP    ZMAT    AOBASIS   BASIS     P2S    ABASIS    
                                         1100     1400     1410     1200     1210     1080     1600     1650     1700   
                                           S        T        V       H0       H01     AOSYM     SMH    MOLCAS    OPER   

              2      10        0.97       700     1000      520     2130      701     1001     2100     2101      702     1002   
                                         GEOM     BASIS   MCVARS     RHF     GEOM     BASIS     RHF     MCSCF    GEOM     BASIS   

 PROGRAMS   *        TOTAL       INT     MULTI    HF-SCF       INT   RHF-SCF       INT
 CPU TIMES  *        13.60      2.90      5.38      0.10      3.02      0.71      0.97
 REAL TIME  *        19.72 SEC
 DISK USED  *        30.24 MB (local),      650.80 MB (total)
 SF USED    *         0.04 MB
 GA USED    *         0.00 MB       (max)       0.00 MB       (current)
 **********************************************************************************************************************************


 PROGRAM * MERGE   Author: H.-J. Werner


 Molecular orbitals read from record     2130.2  Type=RHF/CANONICAL  

 Orbitals   1 -   2 in symmetry 1 from record   2130.2 added. Offset   0 factor     1.000 starting at orbital    1.1
 Orbitals   3 -   7 in symmetry 1 from record   2130.2 added. Offset   0 factor     1.000 starting at orbital    4.1
 Orbitals   1 -   3 in symmetry 2 from record   2130.2 added. Offset   0 factor     1.000 starting at orbital    1.2
 Orbitals   1 -   3 in symmetry 3 from record   2130.2 added. Offset   0 factor     1.000 starting at orbital    1.3
 Orbitals   1 -   1 in symmetry 4 from record   2130.2 added. Offset   0 factor     1.000 starting at orbital    1.4

 Molecular orbitals read from record     2100.2  Type=RHF/CANONICAL  

 Orbitals   1 -   6 in symmetry 1 from record   2100.2 added. Offset   7 factor     1.000 starting at orbital    3.1
 Orbitals   1 -   2 in symmetry 2 from record   2100.2 added. Offset   3 factor     1.000 starting at orbital    4.2
 Orbitals   1 -   2 in symmetry 3 from record   2100.2 added. Offset   3 factor     1.000 starting at orbital    4.3

 Merged orbitals written to record       2131.2


 **********************************************************************************************************************************
 DATASETS  * FILE   NREC   LENGTH (MB)   RECORD NAMES
              1      19       29.21       500      610      700      702      900      950      970     1002      129      960   
                                          VAR    BASINP    GEOM     GEOM    SYMINP    ZMAT    AOBASIS   BASIS     P2S    ABASIS    
                                         1100     1400     1410     1200     1210     1080     1600     1650     1700   
                                           S        T        V       H0       H01     AOSYM     SMH    MOLCAS    OPER   

              2      11        1.06       700     1000      520     2130      701     1001     2100     2101      702     1002   
                                         GEOM     BASIS   MCVARS     RHF     GEOM     BASIS     RHF     MCSCF    GEOM     BASIS   
                                         2131   
                                         MERGE   

 PROGRAMS   *        TOTAL     MERGE       INT     MULTI    HF-SCF       INT   RHF-SCF       INT
 CPU TIMES  *        13.86      0.25      2.90      5.38      0.10      3.02      0.71      0.97
 REAL TIME  *        20.00 SEC
 DISK USED  *        30.34 MB (local),      652.66 MB (total)
 SF USED    *         0.04 MB
 GA USED    *         0.00 MB       (max)       0.00 MB       (current)
 **********************************************************************************************************************************


 Program * Restricted Hartree-Fock

 Molecular orbitals read from record     2131.2  Type=MERGE/CANONICAL (state 1.1)

 Initial alpha occupancy:   4   1   1   0
 Initial beta  occupancy:   3   1   1   0

 NELEC=   11   SYM=1   MS2= 1   THRE=1.0D-08   THRD=3.2D-06   THRG=3.2D-06  HFMA2=F  DIIS_START=2   DIIS_MAX=10   DIIS_INCORE=F

 Level shifts:    0.00 (CLOSED)    0.00 (OPEN)    0.30 (GAP_MIN)

 ITER           ETOT              DE          GRAD        DDIFF     DIIS  NEXP   TIME(IT)  TIME(TOT)  DIAG
   1     -100.50057139    -100.50057139     0.00D+00     0.40D+00     0     0       0.00      0.00    start
   2     -100.50057139      -0.00000000     0.19D-08     0.38D-08     0     0       0.00      0.00    diag

 Final alpha occupancy:   4   1   1   0
 Final beta  occupancy:   3   1   1   0

 !RHF STATE 1.1 Energy               -100.500571389779
  RHF One-electron energy            -141.895346258445
  RHF Two-electron energy              40.620628504082
  RHF Kinetic energy                  100.470397750801
  RHF Nuclear energy                    0.774146364584
  RHF Virial quotient                  -1.000300323674

 !RHF STATE 1.1 Dipole moment           0.00000000     0.00000000     0.00000000
 Dipole moment /Debye                   0.00000000     0.00000000     0.00000000

 ELECTRON ORBITALS
 =================

  Orbital  Occupation    Energy    Cen Mu Typ  Coefficients
    1.1     2.00000   -26.37779     1  1  s    1.00000
    2.1     2.00000    -1.56416     1  2  s    0.99993
    3.1     2.00000    -0.59215     2  1  s    0.68676    3  1  s    0.68676
    4.1     1.00000    -0.81850     1  1  pz   1.02813
    1.2     2.00000    -0.69184     1  1  px   0.99306
    1.3     2.00000    -0.69184     1  1  py   0.99306


 HOMO      1.3    -0.691842 =     -18.8260eV
 LUMO      5.1     0.197277 =       5.3682eV
 LUMO-HOMO         0.889120 =      24.1942eV

 Orbitals saved in record  2132.2


 **********************************************************************************************************************************
 DATASETS  * FILE   NREC   LENGTH (MB)   RECORD NAMES
              1      19       29.21       500      610      700      702      900      950      970     1002      129      960   
                                          VAR    BASINP    GEOM     GEOM    SYMINP    ZMAT    AOBASIS   BASIS     P2S    ABASIS    
                                         1100     1400     1410     1200     1210     1080     1600     1650     1700   
                                           S        T        V       H0       H01     AOSYM     SMH    MOLCAS    OPER   

              2      12        1.17       700     1000      520     2130      701     1001     2100     2101      702     1002   
                                         GEOM     BASIS   MCVARS     RHF     GEOM     BASIS     RHF     MCSCF    GEOM     BASIS   
                                         2131     2132   
                                         MERGE     RHF  

 PROGRAMS   *        TOTAL   RHF-SCF     MERGE       INT     MULTI    HF-SCF       INT   RHF-SCF       INT
 CPU TIMES  *        15.38      1.51      0.25      2.90      5.38      0.10      3.02      0.71      0.97
 REAL TIME  *        22.58 SEC
 DISK USED  *        30.45 MB (local),      654.70 MB (total)
 SF USED    *         0.04 MB
 GA USED    *         0.00 MB       (max)       0.00 MB       (current)
 **********************************************************************************************************************************


 PROGRAM * MERGE   Author: H.-J. Werner


 Molecular orbitals read from record     2130.2  Type=RHF/CANONICAL  

 Orbitals   1 -   2 in symmetry 1 from record   2130.2 added. Offset   0 factor     1.000 starting at orbital    1.1
 Orbitals   3 -   3 in symmetry 1 from record   2130.2 added. Offset   0 factor     1.000 starting at orbital    4.1
 Orbitals   4 -   7 in symmetry 1 from record   2130.2 added. Offset   0 factor     1.000 starting at orbital    6.1
 Orbitals   1 -   3 in symmetry 2 from record   2130.2 added. Offset   0 factor     1.000 starting at orbital    1.2
 Orbitals   1 -   3 in symmetry 3 from record   2130.2 added. Offset   0 factor     1.000 starting at orbital    1.3
 Orbitals   1 -   1 in symmetry 4 from record   2130.2 added. Offset   0 factor     1.000 starting at orbital    1.4

 Molecular orbitals read from record     2101.2  Type=MCSCF/NATURAL (state 1.1)

 Orbitals   1 -   6 in symmetry 1 from record   2101.2 added. Offset   7 factor     1.000 starting at orbital    3.1
 Orbitals   1 -   2 in symmetry 2 from record   2101.2 added. Offset   3 factor     1.000 starting at orbital    4.2
 Orbitals   1 -   2 in symmetry 3 from record   2101.2 added. Offset   3 factor     1.000 starting at orbital    4.3

 Merged orbitals written to record       2141.2


 **********************************************************************************************************************************
 DATASETS  * FILE   NREC   LENGTH (MB)   RECORD NAMES
              1      19       29.21       500      610      700      702      900      950      970     1002      129      960   
                                          VAR    BASINP    GEOM     GEOM    SYMINP    ZMAT    AOBASIS   BASIS     P2S    ABASIS    
                                         1100     1400     1410     1200     1210     1080     1600     1650     1700   
                                           S        T        V       H0       H01     AOSYM     SMH    MOLCAS    OPER   

              2      13        1.27       700     1000      520     2130      701     1001     2100     2101      702     1002   
                                         GEOM     BASIS   MCVARS     RHF     GEOM     BASIS     RHF     MCSCF    GEOM     BASIS   
                                         2131     2132     2141   
                                         MERGE     RHF     MERGE   

 PROGRAMS   *        TOTAL     MERGE   RHF-SCF     MERGE       INT     MULTI    HF-SCF       INT   RHF-SCF       INT
 CPU TIMES  *        15.51      0.12      1.51      0.25      2.90      5.38      0.10      3.02      0.71      0.97
 REAL TIME  *        22.72 SEC
 DISK USED  *        30.54 MB (local),      656.56 MB (total)
 SF USED    *         0.04 MB
 GA USED    *         0.00 MB       (max)       0.00 MB       (current)
 **********************************************************************************************************************************

 PROGRAM * MULTI (Direct Multiconfiguration SCF)       Authors: P.J. Knowles, H.-J. Werner (1984)
                                                                D.A. Kreplin, P.J. Knowles, H.-J. Werner (2019)

 Number of closed-shell orbitals:   1 (    1    0    0    0)
 Number of active  orbitals:        6 (    4    1    1    0)
 Number of external orbitals:      17 (    8    4    4    1)

 State symmetry 1

 Number of active electrons:   9    Spin symmetry=Doublet   Space symmetry=1
 Number of states:             1
 Number of CSFs:              28   (32 determinants, 90 intermediate states)

 Molecular orbitals read from record     2141.2  Type=MERGE/NATURAL (state 1.1)

 EXTRA SYMMETRY OF MOS IN SYMMETRY 1:   1 1 3 1 3 1 1 1 2 3   3 3 3
 EXTRA SYMMETRY OF MOS IN SYMMETRY 2:   1 1 1 2 2
 EXTRA SYMMETRY OF MOS IN SYMMETRY 3:   1 1 1 2 2

 Wavefunction dump at record             2141.2

 Convergence thresholds  0.10E-04 (gradient)  0.10E-05 (energy)
 
 Number of orbital rotations:  52  ( 4 closed/active, 8 closed/virtual, 0 active/active, 40 active/virtual )
 Total number of variables:    84
 
 Second-order MCSCF: L-BFGS accelerated
 
 ITER  MIC  NCI  NEG     ENERGY(VAR)    ENERGY(PROJ) ENERGY CHANGE       GRAD(0)  GRAD(ORB)   GRAD(CI)      STEP      TIME
   1    2    2    0   -100.51877008    -100.51877008    0.00000000    0.00000003 0.00000000 0.00000000  0.47E-08      0.04

 CONVERGENCE REACHED!  Final gradient:    0.00000000 ( 0.23E-10)
                       Final energy:   -100.51877008
 
 First order charge density matrix for state 1.1 saved on record 2141.2 (density set 1)
 
 Results for state 1.1
 =====================
 !MCSCF STATE 1.1 Energy                      -100.518770078319
 Nuclear energy                                  0.77414636
 Kinetic energy                                100.50705089
 One electron energy                          -141.88107360
 Two electron energy                            40.58815716
 Virial ratio                                    2.00011660
 
 !MCSCF STATE 1.1 Dipole moment                  0.00000000     0.00000000     0.00000000
 Dipole moment /Debye                            0.00000000     0.00000000     0.00000000
 
 No non-zero expectation values
 
 EXTRA SYMMETRY OF MOS IN SYMMETRY 1:   1 1 3 1 3 3 3 1 1 3   3 1 2
 EXTRA SYMMETRY OF MOS IN SYMMETRY 2:   1 2 1 2 1
 EXTRA SYMMETRY OF MOS IN SYMMETRY 3:   1 2 1 2 1
 
  NATURAL ORBITALS 
  ================

  Orbital  Occupation    Energy    Cen Mu Typ  Coefficients
    1.1     2.00000   -26.37779     1  1  s    1.00000
    2.1     2.00000    -1.56416     1  2  s    0.99993
    3.1     1.97628    -0.58465     2  1  s    0.70057    3  1  s    0.70057
    4.1     1.00000    -0.34545     1  1  pz   1.02813
    5.1     0.02372     0.61803     2  1  s    1.66238    2  2  s   -0.61164    3  1  s   -1.66238    3  2  s    0.61164
    1.2     2.00000    -0.69184     1  1  px   0.99306
    1.3     2.00000    -0.69184     1  1  py   0.99306
 
 Natural orbital dump at molpro section 2141.2 (Orbital set 2)


 **********************************************************************************************************************************
 DATASETS  * FILE   NREC   LENGTH (MB)   RECORD NAMES
              1      20       29.27       500      610      700      702      900      950      970     1002      129      960   
                                          VAR    BASINP    GEOM     GEOM    SYMINP    ZMAT    AOBASIS   BASIS     P2S    ABASIS    
                                         1100     1400     1410     1200     1210     1080     1600     1650     1700     1380   
                                           S        T        V       H0       H01     AOSYM     SMH    MOLCAS    OPER     JKOP   

              2      13        1.28       700     1000      520     2130      701     1001     2100     2101      702     1002   
                                         GEOM     BASIS   MCVARS     RHF     GEOM     BASIS     RHF     MCSCF    GEOM     BASIS   
                                         2131     2132     2141   
                                         MERGE     RHF     MCSCF   

 PROGRAMS   *        TOTAL     MULTI     MERGE   RHF-SCF     MERGE       INT     MULTI    HF-SCF       INT   RHF-SCF       INT
 CPU TIMES  *        17.42      1.80      0.12      1.51      0.25      2.90      5.38      0.10      3.02      0.71      0.97
 REAL TIME  *        25.53 SEC
 DISK USED  *        30.62 MB (local),      658.02 MB (total)
 SF USED    *         0.24 MB
 GA USED    *         0.00 MB       (max)       0.00 MB       (current)
 **********************************************************************************************************************************

 MULTI/cc-pVDZ energy=   -100.518770078319

           MULTI         RHF-SCF           MULTI          HF-SCF         RHF-SCF
   -100.51877008   -100.50057139     -1.14690814     -1.12870945    -99.37186194
 **********************************************************************************************************************************
 Molpro calculation terminated
