
 Working directory              : /tmp/charlie/molpro.8LqXy40Fi2/
 Global scratch directory       : /tmp/charlie/molpro.8LqXy40Fi2/
 Wavefunction directory         : /home/charlie/wfu/
 Main file repository           : /tmp/charlie/molpro.8LqXy40Fi2/

 id        : dap

 Nodes     nprocs
 charliebox   19
 Distribution of processes:   nprocs(total)=   20   nprocs(compute)=   19   nprocs(helper)=    1
 GA implementation: MPI file
 GA implementation (serial work in mppx): MPI file

 Using customized tuning parameters: mindgm=1; mindgv=20; mindgc=4; mindgr=1; noblas=0; minvec=7
 default implementation of scratch files=sf  


 Variables initialized (1059), CPU time= 0.00 sec
 ***,H2O properties
 r=1.85                                                                          !define initial bond distance
 theta=104                                                                       !define initial bond angle (=2 theta)
 geometry={o;h1,o,r;h2,o,r,h1,theta}                                             !geometry input
 Basis={
 s,1,v;c,1.6;                                                                    !van Duijneveld 13s, first 6 contracted
 p,1,v;c,1.4;                                                                    !van Duijneveld 8p, first 4 contracted
 d,1,3d;f,1,2f                                                                   !Dunning optimized 3d, 2f
 s,2,v;c,1.4;p,2,3p}                                                             !8s3p basis for H
 
 gexpec,qm,ef1,ef2,fg,,0,0,0.5                                                   !Field gradient at (0,0,0.5)
 
 hf                                                                              !closed-shell SCF
 
 pop                                                                             !Mulliken population analysis using scf density
 
 {dma                                                                            !distributed multipole analysis using scf density
 limit,,3};                                                                      !limit to rank 3
 
 multi                                                                           !full valence CASSCF
 
 {pop;                                                                           !Mulliken population analysis using mcscf density
 individual}                                                                     !give occupations of individual basis functions
 
 {dma;                                                                          !distributed multipole analysis using mcscf density
 limit,,3}                                                                       !limit to rank 3
 
 {ci                                                                             !MRCI with casscf reference
 natorb,2350.2
 dm,2350.2}                                                                      !save MRCI density matrix on record 2350, file 2
 
 {pop;density,2350.2;                                                            !Mulliken population analysis using MRCI density
 individual}                                                                     !give occupations of individual basis functions
 
 {property;
 density,2350.2;                                                                !use property program to compute expectation values
 orbital,2350.2;
 qm;ef,1;ef,2;fg,,,,0.5}                                                         !same operators as before
 Commands initialized (838), CPU time= 1.06 sec, 726 directives.
 Default parameters read. Elapsed time= 0.09 sec

 Checking input...
 Passed
1


                                         ***  PROGRAM SYSTEM MOLPRO  ***
                                       Copyright, TTI GmbH Stuttgart, 2015
                                  Version 2025.2 linked Wed May 14 02:42:57 2025


 **********************************************************************************************************************************
 LABEL *   H2O properties                                                                                                                                                
                                                                                         DATE: 03-Dec-25          TIME: 22:55:24  
 **********************************************************************************************************************************

 SHA1:             57ceb174f4fe6691bc75d8fe641d0297fc3c2b28
 **********************************************************************************************************************************

 Memory per process:        32 MW
 Total memory per node:    608 MW

 GA preallocation disabled
 GA check disabled
 R               =       1.85000000                                  
 THETA           =     104.00000000                                  

 Variable memory set to 32.0 MW

 SETTING BASIS          =    USERDEF


 Recomputing integrals since basis changed


 Using spherical harmonics

 Library entry O      S V                    selected for orbital group  1
 Library entry O      P V                    selected for orbital group  1
 Library entry O      D 3D                   selected for orbital group  1
 Library entry O      F 2F                   selected for orbital group  1
 Library entry H1     S V                    selected for orbital group  2
 Library entry H1     P 3P                   selected for orbital group  2


 PROGRAM * SEWARD (Integral evaluation for generally contracted gaussian basis sets)     Author: Roland Lindh, 1990

 Geometry written to block  1 of record 700

 Orientation using atomic masses  
 Molecule type: Asymmetric top,     Order of principal axis = 2
 Symmetry elements: X,Y
 Rotational constants:     273.1674388    777.0700186    421.2525104 GHz  (calculated with average atomic masses)

 Point group  C2v 



 ATOMIC COORDINATES

 NR  ATOM    CHARGE       X              Y              Z

   1  O       8.00    0.000000000    0.000000000   -0.127449274
   2  H1      1.00    0.000000000    1.457819894    1.011524455
   3  H2      1.00    0.000000000   -1.457819894    1.011524455

 Bond lengths in Bohr (Angstrom)

 1-2  1.850000000  1-3  1.850000000
     ( 0.978977840)     ( 0.978977840)

 Bond angles

  2-1-3  104.00000000

 NUCLEAR CHARGE:                   10
 NUMBER OF PRIMITIVE AOS:         109
 NUMBER OF SYMMETRY AOS:          100
 NUMBER OF CONTRACTIONS:           80   (   34A1  +   15B1  +   23B2  +    8A2  )
 NUMBER OF INNER CORE ORBITALS:     0   (    0A1  +    0B1  +    0B2  +    0A2  )
 NUMBER OF OUTER CORE ORBITALS:     1   (    1A1  +    0B1  +    0B2  +    0A2  )
 NUMBER OF VALENCE ORBITALS:        6   (    3A1  +    1B1  +    2B2  +    0A2  )


 NUCLEAR REPULSION ENERGY 8.99162654

 Eigenvalues of metric

         1 0.103E-02 0.213E-02 0.512E-02 0.123E-01 0.247E-01 0.335E-01 0.548E-01 0.638E-01
         2 0.322E-01 0.711E-01 0.126E+00 0.175E+00 0.280E+00 0.429E+00 0.496E+00 0.583E+00
         3 0.140E-02 0.517E-02 0.213E-01 0.242E-01 0.495E-01 0.615E-01 0.893E-01 0.142E+00
         4 0.876E-01 0.132E+00 0.338E+00 0.445E+00 0.762E+00 0.123E+01 0.174E+01 0.296E+01


 Contracted 2-electron integrals neglected if value below      1.0D-11
 AO integral compression algorithm  1   Integral accuracy      1.0D-11

     12.321 MB (compressed) written to integral file ( 72.2%)

     Node minimum: 0.524 MB, node maximum: 0.786 MB


 NUMBER OF SORTED TWO-ELECTRON INTEGRALS:      70850.     BUFFER LENGTH:  32768
 NUMBER OF SEGMENTS:   1  SEGMENT LENGTH:      70850      RECORD LENGTH: 524288

 Memory used in sort:       0.63 MW

 SORT1 READ     2042610. AND WROTE       62033. INTEGRALS IN      1 RECORDS. CPU TIME:     0.03 SEC, REAL TIME:     0.03 SEC
 SORT2 READ     1250355. AND WROTE     1418230. INTEGRALS IN     57 RECORDS. CPU TIME:     0.01 SEC, REAL TIME:     0.01 SEC

 Node minimum:       69268.  Node maximum:       78089. integrals

 OPERATOR DM      FOR CENTER  0  COORDINATES:    0.000000    0.000000    0.000000
 OPERATOR QM      FOR CENTER  0  COORDINATES:    0.000000    0.000000    0.000000
 OPERATOR EF(1)   FOR CENTER  1  COORDINATES:    0.000000    0.000000   -0.127449
 OPERATOR EF(2)   FOR CENTER  2  COORDINATES:    0.000000    1.457820    1.011524
 OPERATOR FG(0)   FOR CENTER  0  COORDINATES:    0.000000    0.000000    0.500000


 **********************************************************************************************************************************
 DATASETS  * FILE   NREC   LENGTH (MB)   RECORD NAMES
              1      18       29.27       500      610      700      900      950      970     1000      129      960     1100   
                                          VAR    BASINP    GEOM    SYMINP    ZMAT    AOBASIS   BASIS     P2S    ABASIS      S 
                                         1400     1410     1200     1210     1080     1600     1650     1700   
                                           T        V       H0       H01     AOSYM     SMH    MOLCAS    OPER   

 PROGRAMS   *        TOTAL       INT
 CPU TIMES  *         5.15      3.85
 REAL TIME  *         6.08 SEC
 DISK USED  *        29.61 MB (local),      646.37 MB (total)
 GA USED    *         0.00 MB       (max)       0.00 MB       (current)
 **********************************************************************************************************************************


 Program * Restricted Hartree-Fock


 Generating basis MINAO
  Atom=O        basis=MINAO
  Atom=H        basis=MINAO
 Number of basis functions:       7

 Orbital guess generated from atomic densities.

 Initial occupancy:   3   1   1   0

 NELEC=   10   SYM=1   MS2= 0   THRE=1.0D-08   THRD=3.2D-06   THRG=3.2D-06  HFMA2=F  DIIS_START=2   DIIS_MAX=10   DIIS_INCORE=F

 Level shifts:    0.00 (CLOSED)    0.00 (OPEN)    0.30 (GAP_MIN)

 ITER           ETOT              DE          GRAD        DDIFF     DIIS  NEXP   TIME(IT)  TIME(TOT)  DIAG
   1      -76.02472891     -76.02472891     0.00D+00     0.41D-01     0     0       0.01      1.01    start
   2      -76.05201314      -0.02728423     0.19D-01     0.71D-02     1     0       0.00      1.01    diag
   3      -76.06365472      -0.01164158     0.12D-01     0.22D-02     2     0       0.00      1.01    diag
   4      -76.06384967      -0.00019495     0.11D-02     0.43D-03     3     0       0.00      1.01    diag
   5      -76.06387136      -0.00002170     0.32D-03     0.18D-03     4     0       0.00      1.01    diag
   6      -76.06387273      -0.00000136     0.64D-04     0.53D-04     5     0       0.00      1.01    diag
   7      -76.06387279      -0.00000006     0.13D-04     0.10D-04     6     0       0.00      1.01    diag
   8      -76.06387279      -0.00000000     0.23D-05     0.21D-05     7     0       0.00      1.01    fixocc
   9      -76.06387279      -0.00000000     0.27D-06     0.28D-06     0     0       0.00      1.01    diag

 Final occupancy:   3   1   1   0

 !RHF STATE 1.1 Energy                -76.063872792088
  RHF One-electron energy            -122.708028619162
  RHF Two-electron energy              37.652529282460
  RHF Kinetic energy                   75.921156273312
  RHF Nuclear energy                    8.991626544614
  RHF Virial quotient                  -1.001879799068

 !RHF STATE 1.1 Dipole moment           0.00000000     0.00000000     0.80537442
 Dipole moment /Debye                   0.00000000     0.00000000     2.04705760


 !RHF expec          <0.1|QMXX|0.1>    -1.833703493559
 !RHF expec          <0.1|QMYY|0.1>     1.912916956289
 !RHF expec          <0.1|QMZZ|0.1>    -0.079213462731
 !RHF expec          <0.1|QMRR|0.1>   -13.181333560189

 Operator origin     0.00000000    0.00000000   -0.12744927
 !RHF expec        <0.1|EFZ(1)|0.1>     0.001141688394

 Operator origin     0.00000000    1.45781989    1.01152446
 !RHF expec        <0.1|EFY(2)|0.1>    -0.026310516406
 !RHF expec        <0.1|EFZ(2)|0.1>    -0.022755348977

 Operator origin     0.00000000    0.00000000    0.50000000
 !RHF expec       <0.1|FGXX(0)|0.1>    24.390695706571
 !RHF expec       <0.1|FGYY(0)|0.1>    23.482812150226
 !RHF expec       <0.1|FGZZ(0)|0.1>   -47.873507856797

 Orbital energies:

           1.1          2.1          3.1          4.1          5.1
    -20.566778    -1.341233    -0.580961     0.091298     0.339310

           1.2          2.2          3.2
     -0.508241     0.378217     0.722105

           1.3          2.3          3.3
     -0.704269     0.134981     0.361914

           1.4          2.4
      0.660534     1.528565


 HOMO      1.2    -0.508241 =     -13.8299eV
 LUMO      4.1     0.091298 =       2.4843eV
 LUMO-HOMO         0.599539 =      16.3143eV

 Orbitals saved in record  2100.2


 **********************************************************************************************************************************
 DATASETS  * FILE   NREC   LENGTH (MB)   RECORD NAMES
              1      18       29.28       500      610      700      900      950      970     1000      129      960     1100   
                                          VAR    BASINP    GEOM    SYMINP    ZMAT    AOBASIS   BASIS     P2S    ABASIS      S 
                                         1400     1410     1200     1210     1080     1600     1650     1700   
                                           T        V       H0       H01     AOSYM     SMH    MOLCAS    OPER   

              2       4        0.43       700     1000      520     2100   
                                         GEOM     BASIS   MCVARS     RHF  

 PROGRAMS   *        TOTAL    HF-SCF       INT
 CPU TIMES  *         6.20      1.05      3.85
 REAL TIME  *         8.38 SEC
 DISK USED  *        29.91 MB (local),      651.97 MB (total)
 GA USED    *         0.00 MB       (max)       0.00 MB       (current)
 **********************************************************************************************************************************


 PROGRAM * POP (Mulliken population analysis)


 Density matrix read from record         2100.2  Type=RHF/CHARGE  

 Population analysis by basis function type

 Unique atom        s        p        d        f        g        h        i    Total    Charge
   1  O       3.86536  4.80602  0.02981  0.00198  0.00000  0.00000  0.00000  8.70317  - 0.70317
   2  H1      0.59183  0.05659  0.00000  0.00000  0.00000  0.00000  0.00000  0.64841  + 0.35159


 **********************************************************************************************************************************
 DATASETS  * FILE   NREC   LENGTH (MB)   RECORD NAMES
              1      18       29.28       500      610      700      900      950      970     1000      129      960     1100   
                                          VAR    BASINP    GEOM    SYMINP    ZMAT    AOBASIS   BASIS     P2S    ABASIS      S 
                                         1400     1410     1200     1210     1080     1600     1650     1700   
                                           T        V       H0       H01     AOSYM     SMH    MOLCAS    OPER   

              2       4        0.43       700     1000      520     2100   
                                         GEOM     BASIS   MCVARS     RHF  

 PROGRAMS   *        TOTAL       POP    HF-SCF       INT
 CPU TIMES  *         6.20      0.00      1.05      3.85
 REAL TIME  *         8.38 SEC
 DISK USED  *        29.91 MB (local),      651.97 MB (total)
 GA USED    *         0.00 MB       (max)       0.00 MB       (current)
 **********************************************************************************************************************************


 PROGRAM * DMA (Distributed multipole analysis)     Author: A.J. Stone

 Density matrix read from record         2100.2  Type=RHF/CHARGE  



 Site  1     1         x =  0.000000  y =  0.000000  z = -0.127449   Maximum rank =  3   Relative radius =  1.000


                    Q00  =  -0.623062

 |Q1| =   0.067067  Q10  =   0.067067

 |Q2| =   0.519594  Q20  =   0.071598  Q22c =  -0.514638

 |Q3| =   0.376463  Q30  =   0.215447  Q32c =   0.308718



 Site  2     2         x =  0.000000  y =  1.457820  z =  1.011524   Maximum rank =  3   Relative radius =  1.000


                    Q00  =   0.311531

 |Q1| =   0.080152  Q10  =   0.014328  Q11s =   0.078861

 |Q2| =   0.111144  Q20  =   0.036467  Q21s =   0.091359  Q22c =  -0.051736

 |Q3| =   0.177949  Q30  =   0.044732  Q31s =  -0.086934  Q32c =   0.133071  Q33s =   0.066328



 Site  3     3         x =  0.000000  y = -1.457820  z =  1.011524   Maximum rank =  3   Relative radius =  1.000


                    Q00  =   0.311531

 |Q1| =   0.080152  Q10  =   0.014328  Q11s =  -0.078861

 |Q2| =   0.111144  Q20  =   0.036467  Q21s =  -0.091359  Q22c =  -0.051736

 |Q3| =   0.177949  Q30  =   0.044732  Q31s =   0.086934  Q32c =   0.133071  Q33s =  -0.066328



 Total multipoles referred to origin at x =   0.000000,  y =    0.000000,  z =    0.000000

                    Q00  =  -0.000000

 |Q1| =   0.805374  Q10  =   0.805374

 |Q2| =   2.164562  Q20  =  -0.079213  Q22c =  -2.163112

 |Q3| =   4.235197  Q30  =  -2.023348  Q32c =  -3.720612


 **********************************************************************************************************************************
 DATASETS  * FILE   NREC   LENGTH (MB)   RECORD NAMES
              1      18       29.28       500      610      700      900      950      970     1000      129      960     1100   
                                          VAR    BASINP    GEOM    SYMINP    ZMAT    AOBASIS   BASIS     P2S    ABASIS      S 
                                         1400     1410     1200     1210     1080     1600     1650     1700   
                                           T        V       H0       H01     AOSYM     SMH    MOLCAS    OPER   

              2       4        0.43       700     1000      520     2100   
                                         GEOM     BASIS   MCVARS     RHF  

 PROGRAMS   *        TOTAL       DMA       POP    HF-SCF       INT
 CPU TIMES  *         6.21      0.00      0.00      1.05      3.85
 REAL TIME  *         8.40 SEC
 DISK USED  *        29.91 MB (local),      651.97 MB (total)
 SF USED    *         0.05 MB
 GA USED    *         0.00 MB       (max)       0.00 MB       (current)
 **********************************************************************************************************************************

 PROGRAM * MULTI (Direct Multiconfiguration SCF)       Authors: P.J. Knowles, H.-J. Werner (1984)
                                                                D.A. Kreplin, P.J. Knowles, H.-J. Werner (2019)


 Number of closed-shell orbitals:   1 (    1    0    0    0)
 Number of active  orbitals:        6 (    3    1    2    0)
 Number of external orbitals:      73 (   30   14   21    8)

 State symmetry 1

 Number of active electrons:   8    Spin symmetry=Singlet   Space symmetry=1
 Number of states:             1
 Number of CSFs:              37   (65 determinants, 225 intermediate states)

 Molecular orbitals read from record     2100.2  Type=RHF/CANONICAL  

 Wavefunction dump at record             2140.2

 Convergence thresholds  0.10E-04 (gradient)  0.10E-05 (energy)
 
 Number of orbital rotations:  179  ( 3 closed/active, 30 closed/virtual, 0 active/active, 146 active/virtual )
 Total number of variables:    244
 
 Second-order MCSCF: L-BFGS accelerated
 
 ITER  MIC  NCI  NEG     ENERGY(VAR)    ENERGY(PROJ) ENERGY CHANGE       GRAD(0)  GRAD(ORB)   GRAD(CI)      STEP      TIME
   1   19   18    3    -76.06486660     -76.12106985   -0.05620324    0.00513644 0.00008367 0.00000000  0.13E+01      5.84
   2   10    9    0    -76.11842410     -76.11948820   -0.00106410    0.03717999 0.00008427 0.00000000  0.13E+00      8.44
   3   11   10    0    -76.11948949     -76.11948950   -0.00000001    0.00011480 0.00000004 0.00000000  0.41E-03     10.03

 CONVERGENCE REACHED!  Final gradient:    0.00000000 ( 0.39E-08)
                       Final energy:    -76.11948950
 
 First order charge density matrix for state 1.1 saved on record 2140.2 (density set 1)
 
 Results for state 1.1
 =====================
 !MCSCF STATE 1.1 Energy                       -76.119489498593
 Nuclear energy                                  8.99162654
 Kinetic energy                                 76.06476653
 One electron energy                          -122.66242670
 Two electron energy                            37.55131066
 Virial ratio                                    2.00071943
 
 !MCSCF STATE 1.1 Dipole moment                  0.00000000     0.00000000     0.74069448
 Dipole moment /Debye                            0.00000000     0.00000000     1.88265757
 
 Expectation values: (only non-zero values are shown)
 
 !MCSCF expec                      <1.1|QMXX|1.1>    -1.751390456303
 
 !MCSCF expec                      <1.1|QMYY|1.1>     1.853219238882
 
 !MCSCF expec                      <1.1|QMZZ|1.1>    -0.101828782579
 
 !MCSCF expec                      <1.1|QMRR|1.1>   -13.303777263271
 
 Operator origin     0.00000000    0.00000000   -0.12744927
 !MCSCF expec                    <1.1|EFZ(1)|1.1>    -0.003217264319
 
 Operator origin     0.00000000    1.45781989    1.01152446
 !MCSCF expec                    <1.1|EFY(2)|1.1>    -0.010329401199
 
 !MCSCF expec                    <1.1|EFZ(2)|1.1>    -0.005002184110
 
 Operator origin     0.00000000    0.00000000    0.50000000
 !MCSCF expec                   <1.1|FGXX(0)|1.1>    24.365870301126
 
 !MCSCF expec                   <1.1|FGYY(0)|1.1>    23.478225349658
 
 !MCSCF expec                   <1.1|FGZZ(0)|1.1>   -47.844095650785
 
 
 Natural orbital dump at molpro section 2140.2 (Orbital set 2)


 **********************************************************************************************************************************
 DATASETS  * FILE   NREC   LENGTH (MB)   RECORD NAMES
              1      19       29.88       500      610      700      900      950      970     1000      129      960     1100   
                                          VAR    BASINP    GEOM    SYMINP    ZMAT    AOBASIS   BASIS     P2S    ABASIS      S 
                                         1400     1410     1200     1210     1080     1600     1650     1700     1380   
                                           T        V       H0       H01     AOSYM     SMH    MOLCAS    OPER     JKOP   

              2       5        0.61       700     1000      520     2100     2140   
                                         GEOM     BASIS   MCVARS     RHF     MCSCF   

 PROGRAMS   *        TOTAL     MULTI       DMA       POP    HF-SCF       INT
 CPU TIMES  *        14.49      8.16      0.00      0.00      1.05      3.85
 REAL TIME  *        20.39 SEC
 DISK USED  *        30.57 MB (local),      664.55 MB (total)
 SF USED    *         2.09 MB
 GA USED    *         0.00 MB       (max)       0.00 MB       (current)
 **********************************************************************************************************************************


 PROGRAM * POP (Mulliken population analysis)


 Density matrix read from record         2140.2  Type=MCSCF/CHARGE (state 1.1)

  Individual basis function populations

 Symmetry no. 1

     1 1s     1 1s     1 1s     1 1s     1 1s     1 1s     1 1s     1 1s     1 2pz    1 2pz  
   0.15019  0.39295  0.73554  0.58616  0.11418  0.49073  0.99613  0.39628  0.10251  0.28965

     1 2pz    1 2pz    1 2pz    1 3d0    1 3d2+   1 3d0    1 3d2+   1 3d0    1 3d2+   1 4f0  
   0.54603  0.44281  0.15135  0.00006  0.00006  0.00077  0.00127  0.00288  0.00112  0.00001

     1 4f2+   1 4f0    1 4f2+   2 1s     2 1s     2 1s     2 1s     2 1s     2 2pz    2 2py  
   0.00011 -0.00011  0.00080  0.02891  0.14562  0.25392  0.12584  0.00370  0.00154  0.00471

     2 2pz    2 2py    2 2pz    2 2py  
   0.00218  0.00762  0.01366  0.01085
  

 Symmetry no. 2

     1 2px    1 2px    1 2px    1 2px    1 2px    1 3d1+   1 3d1+   1 3d1+   1 4f1+   1 4f3+ 
   0.12736  0.35255  0.64277  0.58640  0.23018  0.00004  0.00059  0.00211  0.00000  0.00001

     1 4f1+   1 4f3+   2 2px    2 2px    2 2px  
   0.00005  0.00029  0.00235  0.01013  0.04465
  

 Symmetry no. 3

     1 2py    1 2py    1 2py    1 2py    1 2py    1 3d1-   1 3d1-   1 3d1-   1 4f1-   1 4f3- 
   0.08572  0.24769  0.48607  0.38325  0.06644  0.00039  0.00679  0.01210  0.00003  0.00006

     1 4f1-   1 4f3-   2 1s     2 1s     2 1s     2 1s     2 1s     2 2py    2 2pz    2 2py  
  -0.00004  0.00058  0.03593  0.17463  0.29723  0.18495  0.00853  0.00111  0.00246  0.00028

     2 2pz    2 2py    2 2pz  
   0.00525 -0.00324  0.00423
  

 Symmetry no. 4

     1 3d2-   1 3d2-   1 3d2-   1 4f2-   1 4f2-   2 2px    2 2px    2 2px  
   0.00000  0.00000  0.00000  0.00000  0.00000  0.00000  0.00000  0.00000
  
 Population analysis by basis function type

 Unique atom        s        p        d        f        g        h        i    Total    Charge
   1  O       3.86218  4.74080  0.02817  0.00180  0.00000  0.00000  0.00000  8.63295  - 0.63295
   2  H1      0.62964  0.05389  0.00000  0.00000  0.00000  0.00000  0.00000  0.68352  + 0.31648


 **********************************************************************************************************************************
 DATASETS  * FILE   NREC   LENGTH (MB)   RECORD NAMES
              1      19       29.88       500      610      700      900      950      970     1000      129      960     1100   
                                          VAR    BASINP    GEOM    SYMINP    ZMAT    AOBASIS   BASIS     P2S    ABASIS      S 
                                         1400     1410     1200     1210     1080     1600     1650     1700     1380   
                                           T        V       H0       H01     AOSYM     SMH    MOLCAS    OPER     JKOP   

              2       5        0.61       700     1000      520     2100     2140   
                                         GEOM     BASIS   MCVARS     RHF     MCSCF   

 PROGRAMS   *        TOTAL       POP     MULTI       DMA       POP    HF-SCF       INT
 CPU TIMES  *        14.98      0.20      8.16      0.00      0.00      1.05      3.85
 REAL TIME  *        21.08 SEC
 DISK USED  *        30.57 MB (local),      664.55 MB (total)
 SF USED    *         2.09 MB
 GA USED    *         0.00 MB       (max)       0.00 MB       (current)
 **********************************************************************************************************************************


 PROGRAM * DMA (Distributed multipole analysis)     Author: A.J. Stone

 Density matrix read from record         2140.2  Type=MCSCF/CHARGE (state 1.1)



 Site  1     1         x =  0.000000  y =  0.000000  z = -0.127449   Maximum rank =  3   Relative radius =  1.000


                    Q00  =  -0.547215

 |Q1| =   0.115748  Q10  =   0.115748

 |Q2| =   0.587641  Q20  =   0.101685  Q22c =  -0.578776

 |Q3| =   0.342825  Q30  =   0.194248  Q32c =   0.282483



 Site  2     2         x =  0.000000  y =  1.457820  z =  1.011524   Maximum rank =  3   Relative radius =  1.000


                    Q00  =   0.273607

 |Q1| =   0.078260  Q10  =   0.000842  Q11s =   0.078255

 |Q2| =   0.117199  Q20  =   0.040609  Q21s =   0.097910  Q22c =  -0.050000

 |Q3| =   0.181433  Q30  =   0.045740  Q31s =  -0.092283  Q32c =   0.135327  Q33s =   0.063216



 Site  3     3         x =  0.000000  y = -1.457820  z =  1.011524   Maximum rank =  3   Relative radius =  1.000


                    Q00  =   0.273607

 |Q1| =   0.078260  Q10  =   0.000842  Q11s =  -0.078255

 |Q2| =   0.117199  Q20  =   0.040609  Q21s =  -0.097910  Q22c =  -0.050000

 |Q3| =   0.181433  Q30  =   0.045740  Q31s =   0.092283  Q32c =   0.135327  Q33s =  -0.063216



 Total multipoles referred to origin at x =   0.000000,  y =    0.000000,  z =    0.000000

                    Q00  =  -0.000000

 |Q1| =   0.740694  Q10  =   0.740694

 |Q2| =   2.083612  Q20  =  -0.101829  Q22c =  -2.081122

 |Q3| =   3.822434  Q30  =  -1.885139  Q32c =  -3.325245


 **********************************************************************************************************************************
 DATASETS  * FILE   NREC   LENGTH (MB)   RECORD NAMES
              1      19       29.88       500      610      700      900      950      970     1000      129      960     1100   
                                          VAR    BASINP    GEOM    SYMINP    ZMAT    AOBASIS   BASIS     P2S    ABASIS      S 
                                         1400     1410     1200     1210     1080     1600     1650     1700     1380   
                                           T        V       H0       H01     AOSYM     SMH    MOLCAS    OPER     JKOP   

              2       5        0.61       700     1000      520     2100     2140   
                                         GEOM     BASIS   MCVARS     RHF     MCSCF   

 PROGRAMS   *        TOTAL       DMA       POP     MULTI       DMA       POP    HF-SCF       INT
 CPU TIMES  *        14.98      0.00      0.20      8.16      0.00      0.00      1.05      3.85
 REAL TIME  *        21.09 SEC
 DISK USED  *        30.57 MB (local),      664.55 MB (total)
 SF USED    *         2.09 MB
 GA USED    *         0.00 MB       (max)       0.00 MB       (current)
 **********************************************************************************************************************************


 PROGRAM * CI (Multireference internally contracted CI)     Authors: H.-J. Werner, P.J. Knowles, 1987


 Convergence thresholds:  THRVAR = 1.00D-08  THRDEN = 1.00D-06

 Number of optimized states: 1  Roots:    1
 Number of reference states: 1  Roots:    1

 Reference symmetry:                   1   Singlet 
 Number of electrons:                 10
 Maximum number of shells:             5
 Maximum number of spin couplings:    14

 Reference space:       34 conf       37 CSFs
 N elec internal:       90 conf      105 CSFs
 N-1 el internal:      126 conf      210 CSFs
 N-2 el internal:      141 conf      364 CSFs

 Number of electrons in valence space:                      8
 Maximum number of open shell orbitals in reference space:  4
 Maximum number of open shell orbitals in internal spaces:  8


 Number of core orbitals:           1 (   1   0   0   0 )
 Number of active  orbitals:        6 (   3   1   2   0 )
 Number of external orbitals:      73 (  30  14  21   8 )

 Molecular orbitals read from record     2140.2  Type=MCSCF/NATURAL (state 1.1)

 Valence orbitals related to previous ones by unitary transformation. Operators transformed.


 Number of p-space configurations:   1

 Reference wavefunction optimized for reference space (refopt=1)

 State     Reference Energy 
     1       -76.11948950

 Number of blocks in overlap matrix:     8   Smallest eigenvalue:  0.14D-02
 Number of N-2 electron functions:      36
 Number of N-1 electron functions:     210

 Number of internal configurations:                   37
 Number of singly external configurations:          4000
 Number of doubly external configurations:         25994
 Total number of contracted configurations:        30031
 Total number of uncontracted configurations:     249037

 Diagonal Coupling coefficients finished.               Storage:    186691 words, CPU-Time:      0.00 seconds.
 Energy denominators for pairs finished in 1 passes.    Storage:    198002 words, CPU-time:      0.00 seconds.

  ITER. STATE  ROOT     SQ.NORM     CORR.ENERGY   TOTAL ENERGY   ENERGY CHANGE       DEN1      VAR(S)    VAR(P)      TIME
    1     1     1     1.00000000     0.00000000   -76.11948950    -0.00000000    -0.22802322  0.23D-01  0.28D-01     0.67
    2     1     1     1.04355784    -0.21140402   -76.33089352    -0.21140402    -0.00798058  0.11D-02  0.92D-03     0.68
    3     1     1     1.04554474    -0.21903214   -76.33852164    -0.00762812    -0.00052892  0.74D-04  0.62D-04     0.69
    4     1     1     1.04733605    -0.21961909   -76.33910859    -0.00058695    -0.00005123  0.12D-04  0.48D-05     0.70
    5     1     1     1.04772755    -0.21967277   -76.33916227    -0.00005368    -0.00000464  0.85D-06  0.44D-06     0.72
    6     1     1     1.04776867    -0.21967791   -76.33916741    -0.00000513    -0.00000038  0.58D-07  0.40D-07     0.73
    7     1     1     1.04776849    -0.21967835   -76.33916785    -0.00000045    -0.00000004  0.77D-08  0.37D-08     0.74
    8     1     1     1.04777152    -0.21967840   -76.33916790    -0.00000004    -0.00000000  0.11D-08  0.39D-09     0.75


 =====================================
 Analysis of CPU times by interactions
 =====================================

       I      S      P

 I   0.0%
 S   1.3%   1.3%
 P   0.0%   2.7%   2.7%

 Initialization:  88.0%
 Other:            4.0%

 Total CPU:        0.8 seconds
 =====================================



 Reference coefficients greater than 0.0500000
 =============================================
 220220           0.9674769
 2/\2/\          -0.0709450
 220202          -0.0666805
 202220          -0.0658828


 RESULTS FOR STATE 1.1
 =====================

 Coefficient of reference function:   C(0) = 0.97670860 (fixed)   0.97693733 (relaxed)

 Energy contributions of configuration classes

 CLASS          SQ.NORM        ECORR1        ECORR2
 +++++++++++++++++++++++++++++++++++++++++++++++++++
 Internals    0.00046843   -0.00000000   -0.00009819
 Singles      0.01884234   -0.06466197   -0.06563356
 Pairs        0.02895156   -0.15501640   -0.15394664
 Total        1.04826233   -0.21967837   -0.21967840
 +++++++++++++++++++++++++++++++++++++++++++++++++++


 Reference energy                     -76.11948950
 Nuclear energy                         8.99162654
 Kinetic energy                        76.28362621
 One electron energy                 -122.49360906
 Two electron energy                   37.16281462
 Virial quotient                       -1.00072809
 Correlation energy                    -0.21967840
 !MRCI STATE 1.1 Energy               -76.339167895580

 Properties without orbital relaxation:

 !MRCI STATE 1.1 Dipole moment          0.00000000     0.00000000     0.75156583
 Dipole moment /Debye                   0.00000000     0.00000000     1.91028981

 Cluster corrected energies           -76.34977009 (Davidson, fixed reference)
 Cluster corrected energies           -76.34966227 (Davidson, relaxed reference)

 Cluster corrected energies           -76.34731243 (Pople, fixed reference)
 Cluster corrected energies           -76.34722766 (Pople, relaxed reference)



 !MRCI expec         <1.1|QMXX|1.1>    -1.804701721735
 !MRCI expec         <1.1|QMYY|1.1>     1.888359035333
 !MRCI expec         <1.1|QMZZ|1.1>    -0.083657313598
 !MRCI expec         <1.1|QMRR|1.1>   -13.486240596196

 Operator origin     0.00000000    0.00000000   -0.12744927
 !MRCI expec       <1.1|EFZ(1)|1.1>     0.002355066284

 Operator origin     0.00000000    1.45781989    1.01152446
 !MRCI expec       <1.1|EFY(2)|1.1>    -0.008640780197
 !MRCI expec       <1.1|EFZ(2)|1.1>    -0.006246656650

 Operator origin     0.00000000    0.00000000    0.50000000
 !MRCI expec      <1.1|FGXX(0)|1.1>    24.354631330468
 !MRCI expec      <1.1|FGYY(0)|1.1>    23.459936460882
 !MRCI expec      <1.1|FGZZ(0)|1.1>   -47.814567791351

 MRCI density matrix saved on record      2350.2 (density set 1)

 Natural orbitals
 ================

   Orb     Occ           Coefficients

                         1 1s      1 1s      1 1s      1 1s      1 1s      1 1s      1 1s      1 1s      1 2pz     1 2pz  
                         1 2pz     1 2pz     1 2pz     1 3d0     1 3d2+    1 3d0     1 3d2+    1 3d0     1 3d2+    1 4f0  
                         1 4f2+    1 4f0     1 4f2+    2 1s      2 1s      2 1s      2 1s      2 1s      2 2pz     2 2py  
                         2 2pz     2 2py     2 2pz     2 2py  

   1.1    2.0000000   -0.123268  0.220740  0.375335  0.347268  0.099317 -0.021132 -0.037850 -0.022032 -0.005281  0.006262
                       0.009356  0.008102  0.004581  0.000072 -0.000102  0.000255  0.000510  0.000715  0.000375 -0.000004
                      -0.000029  0.000205  0.000135  0.000660 -0.001448  0.000309  0.004559 -0.000063  0.000340  0.000160
                       0.000340  0.000110  0.000564 -0.000702

   2.1    1.9827219    0.017970 -0.038130 -0.078795 -0.126915 -0.024560  0.324148  0.517063  0.262517  0.019219 -0.033335
                      -0.037610 -0.036221 -0.034816 -0.000316 -0.000016 -0.000828 -0.007313 -0.003577 -0.008340 -0.000402
                      -0.000764 -0.002392 -0.003741 -0.018937  0.048605  0.031062 -0.023246  0.001804 -0.005552 -0.005594
                      -0.003233 -0.001907 -0.004392  0.005005

   3.1    1.9609387    0.002144 -0.003572 -0.006201 -0.002340 -0.005415 -0.010462 -0.030167 -0.168774 -0.118827  0.203718
                       0.307205  0.247054  0.119156  0.001739 -0.001421  0.010166 -0.006699  0.022267 -0.001364 -0.000676
                      -0.002146  0.003054 -0.003482 -0.035361  0.097494  0.158017  0.142538  0.002972 -0.000497 -0.008930
                       0.000340 -0.009231  0.014643 -0.022667

   4.1    0.0276386   -0.012341  0.024751  0.050630  0.072377  0.026034 -0.276597 -0.298056 -0.297357  0.159029 -0.343637
                      -0.384277 -0.015875  0.124924  0.004494 -0.007921  0.006495 -0.023679  0.035400 -0.020103  0.000867
                       0.003084  0.010143  0.008434 -0.054169  0.190195  0.465719  0.335564  0.000200  0.005654  0.002978
                      -0.011328 -0.030404  0.022009 -0.070412

   5.1    0.0106883    0.027221 -0.056913 -0.109601 -0.198808  0.028192  0.965017 -0.031313 -0.778043  0.099503 -0.240487
                      -0.089578  0.285871  0.231699  0.008160  0.024952  0.047187  0.104633  0.102016  0.079707 -0.002116
                      -0.002338  0.017849  0.013104  0.029999 -0.129483 -0.148139  0.197445 -0.002553  0.018364 -0.001558
                       0.046468  0.015933  0.068483 -0.048284

   6.1    0.0064183   -0.014427  0.029567  0.060965  0.100578 -0.006573 -0.608205  0.088489  0.644892 -0.008979  0.012736
                      -0.042229  0.082971  0.042086  0.022434  0.065159  0.137443  0.369136  0.165325  0.365548  0.004096
                       0.008925  0.036466  0.040143  0.026255 -0.142540 -0.028601 -0.101154  0.029572  0.041283  0.007238
                       0.042904 -0.024404  0.027989 -0.048513

                         1 2px     1 2px     1 2px     1 2px     1 2px     1 3d1+    1 3d1+    1 3d1+    1 4f1+    1 4f3+ 
                         1 4f1+    1 4f3+    2 2px     2 2px     2 2px  

   1.2    1.9677145   -0.135834  0.233366  0.344191  0.321200  0.193303  0.001695  0.009184  0.022784  0.000323 -0.000912
                       0.003298 -0.007774  0.007013  0.011684  0.037002

   2.2    0.0177140    0.197909 -0.459773 -0.317271  0.389444  0.440680  0.008297  0.022982  0.088742 -0.000500 -0.000183
                       0.008787 -0.005301  0.012911  0.030269  0.120654

   3.2    0.0055741   -0.034730  0.066998  0.032818 -0.136968 -0.130975  0.108336  0.500252  0.489091 -0.002080 -0.002685
                       0.060986 -0.016836  0.026092  0.031054  0.061501

                         1 2py     1 2py     1 2py     1 2py     1 2py     1 3d1-    1 3d1-    1 3d1-    1 4f1-    1 4f3- 
                         1 4f1-    1 4f3-    2 1s      2 1s      2 1s      2 1s      2 1s      2 2py     2 2pz     2 2py  
                         2 2pz     2 2py     2 2pz  

   1.3    1.9595886   -0.109116  0.187727  0.284436  0.221629  0.054173  0.003892  0.022971  0.022750  0.001026 -0.001642
                      -0.000364 -0.005211 -0.045524  0.126266  0.188104  0.171514  0.019164 -0.006064 -0.007770 -0.002940
                      -0.009134 -0.003660 -0.009511

   2.3    0.0292071    0.166317 -0.354330 -0.430525 -0.042480  0.033413  0.008666  0.030174  0.057477 -0.002691  0.000762
                       0.003550  0.005667 -0.058606  0.210228  0.434836  0.323573  0.026793 -0.000151  0.002988 -0.018720
                      -0.006288 -0.017998 -0.003671

   3.3    0.0060734    0.076746 -0.186228 -0.103928  0.257220  0.141440 -0.080381 -0.433246 -0.352214 -0.004914  0.004490
                      -0.060285  0.006871  0.032570 -0.201074  0.116536  0.249339  0.039238  0.049960  0.021540  0.057825
                      -0.022791 -0.024694 -0.073731

   4.3    0.0013340    0.187690 -0.552107  0.403388  0.871625  0.125257  0.165652  0.504511  0.170573 -0.014122 -0.019137
                      -0.108653 -0.027225  0.036236 -0.186298 -0.827407 -0.361921 -0.005161 -0.009959 -0.051763  0.097017
                      -0.115606  0.093006 -0.038294

                         1 3d2-    1 3d2-    1 3d2-    1 4f2-    1 4f2-    2 2px     2 2px     2 2px  

   1.4    0.0062311    0.093283  0.466682  0.479750 -0.000331  0.068073  0.034578  0.068083  0.109400

   2.4    0.0009265    0.270637  0.573393 -0.242709 -0.057576 -0.308942 -0.073014 -0.277918 -0.331629

 Electronic charge:   10.000000

 Natural orbitals saved on record    2350.2 (orbital set 1)


 **********************************************************************************************************************************
 DATASETS  * FILE   NREC   LENGTH (MB)   RECORD NAMES
              1      19       29.88       500      610      700      900      950      970     1000      129      960     1100   
                                          VAR    BASINP    GEOM    SYMINP    ZMAT    AOBASIS   BASIS     P2S    ABASIS      S 
                                         1400     1410     1200     1210     1080     1600     1650     1700     1380   
                                           T        V       H0       H01     AOSYM     SMH    MOLCAS    OPER     JKOP   

              2       6        0.77       700     1000      520     2100     2140     2350   
                                         GEOM     BASIS   MCVARS     RHF     MCSCF    MRCI   

 PROGRAMS   *        TOTAL        CI       DMA       POP     MULTI       DMA       POP    HF-SCF       INT
 CPU TIMES  *        16.08      1.10      0.00      0.20      8.16      0.00      0.00      1.05      3.85
 REAL TIME  *        22.40 SEC
 DISK USED  *        30.73 MB (local),      667.53 MB (total)
 SF USED    *         5.87 MB
 GA USED    *         0.00 MB       (max)       0.00 MB       (current)
 **********************************************************************************************************************************


 PROGRAM * POP (Mulliken population analysis)


 Density matrix read from record         2350.2  Type=MRCI/CHARGE (state 1.1)

  Individual basis function populations

 Symmetry no. 1

     1 1s     1 1s     1 1s     1 1s     1 1s     1 1s     1 1s     1 1s     1 2pz    1 2pz  
   0.15025  0.39309  0.73567  0.58566  0.11618  0.49796  0.97298  0.41033  0.10355  0.29169

     1 2pz    1 2pz    1 2pz    1 3d0    1 3d2+   1 3d0    1 3d2+   1 3d0    1 3d2+   1 4f0  
   0.54101  0.43730  0.16140  0.00052  0.00054  0.00345  0.00403  0.00557  0.00359  0.00015

     1 4f2+   1 4f0    1 4f2+   2 1s     2 1s     2 1s     2 1s     2 1s     2 2pz    2 2py  
   0.00025  0.00034  0.00116  0.02864  0.14484  0.24446  0.11553  0.00445  0.00172  0.00491

     2 2pz    2 2py    2 2pz    2 2py  
   0.00256  0.00770  0.01741  0.01025
  

 Symmetry no. 2

     1 2px    1 2px    1 2px    1 2px    1 2px    1 3d1+   1 3d1+   1 3d1+   1 4f1+   1 4f3+ 
   0.12857  0.35512  0.62245  0.55999  0.24996  0.00056  0.00333  0.00517  0.00015  0.00015

     1 4f1+   1 4f3+   2 2px    2 2px    2 2px  
   0.00046  0.00070  0.00254  0.01064  0.05418
  

 Symmetry no. 3

     1 2py    1 2py    1 2py    1 2py    1 2py    1 3d1-   1 3d1-   1 3d1-   1 4f1-   1 4f3- 
   0.08722  0.25152  0.48479  0.38613  0.07052  0.00079  0.00917  0.01387  0.00016  0.00020

     1 4f1-   1 4f3-   2 1s     2 1s     2 1s     2 1s     2 1s     2 2py    2 2pz    2 2py  
   0.00044  0.00096  0.03543  0.17309  0.28567  0.17765  0.00882  0.00126  0.00263  0.00046

     2 2pz    2 2py    2 2pz  
   0.00571 -0.00230  0.00483
  

 Symmetry no. 4

     1 3d2-   1 3d2-   1 3d2-   1 4f2-   1 4f2-   2 2px    2 2px    2 2px  
   0.00049  0.00279  0.00284  0.00014  0.00046  0.00014  0.00048  0.00055
  
 Population analysis by basis function type

 Unique atom        s        p        d        f        g        h        i    Total    Charge
   1  O       3.86211  4.73122  0.05668  0.00572  0.00000  0.00000  0.00000  8.65573  - 0.65573
   2  H1      0.60930  0.06284  0.00000  0.00000  0.00000  0.00000  0.00000  0.67214  + 0.32786


 **********************************************************************************************************************************
 DATASETS  * FILE   NREC   LENGTH (MB)   RECORD NAMES
              1      19       29.88       500      610      700      900      950      970     1000      129      960     1100   
                                          VAR    BASINP    GEOM    SYMINP    ZMAT    AOBASIS   BASIS     P2S    ABASIS      S 
                                         1400     1410     1200     1210     1080     1600     1650     1700     1380   
                                           T        V       H0       H01     AOSYM     SMH    MOLCAS    OPER     JKOP   

              2       6        0.77       700     1000      520     2100     2140     2350   
                                         GEOM     BASIS   MCVARS     RHF     MCSCF    MRCI   

 PROGRAMS   *        TOTAL       POP        CI       DMA       POP     MULTI       DMA       POP    HF-SCF       INT
 CPU TIMES  *        16.08      0.00      1.10      0.00      0.20      8.16      0.00      0.00      1.05      3.85
 REAL TIME  *        22.41 SEC
 DISK USED  *        30.73 MB (local),      667.53 MB (total)
 SF USED    *         5.87 MB
 GA USED    *         0.00 MB       (max)       0.00 MB       (current)
 **********************************************************************************************************************************


 THE PROPERTY PROGRAM

 OPERATOR QM    FOR CENTRE  0 COORDINATES:    0.000000    0.000000    0.000000  FACTOR:   0.100000E+01

 Molecular orbitals read from record     2350.2  Type=MRCI/NATURAL (state 1.1)
 Density matrix read from record         2350.2  Type=MRCI/CHARGE (state 1.1)

 ORBITAL CONTRIBUTIONS TO EXPECTATION VALUE FOR OPERATOR QMXX            

        1.1        0.01679097
        2.1        0.20963151
        3.1        1.36236129
        4.1        0.03233708
        5.1        0.00791072
        6.1       -0.00176902
        7.1       -0.00048129
        8.1        0.00076682
        9.1        0.00132255
       10.1        0.00042470
       11.1        0.00037181
       12.1       -0.00011303
       13.1       -0.00013202
       14.1        0.00015490
       15.1        0.00012295
       16.1        0.00012537
       17.1        0.00004206
       18.1        0.00006844
       19.1       -0.00000293
       20.1        0.00001869
       21.1        0.00000340
       22.1        0.00002385
       23.1        0.00000990
       24.1        0.00002058
       25.1        0.00000381
       26.1        0.00000924
       27.1       -0.00000047
       28.1        0.00000399
       29.1        0.00000773
       30.1        0.00000360
       31.1        0.00000144
       32.1        0.00000082
       33.1        0.00000000
       34.1        0.00000000
        1.2       -1.77747239
        2.2       -0.02826427
        3.2       -0.00214868
        4.2       -0.00083011
        5.2       -0.00063731
        6.2       -0.00012673
        7.2       -0.00017005
        8.2        0.00004308
        9.2       -0.00014647
       10.2       -0.00005184
       11.2       -0.00000896
       12.2       -0.00000554
       13.2       -0.00000852
       14.2       -0.00002510
       15.2       -0.00000034
        1.3        1.54615625
        2.3        0.03430978
        3.3        0.00541006
        4.3        0.00135559
        5.3        0.00127475
        6.3        0.00044098
        7.3        0.00015040
        8.3        0.00022885
        9.3        0.00007429
       10.3        0.00015888
       11.3        0.00008732
       12.3        0.00001286
       13.3        0.00003515
       14.3        0.00002684
       15.3        0.00001177
       16.3        0.00002720
       17.3        0.00001072
       18.3        0.00001453
       19.3        0.00000698
       20.3        0.00000811
       21.3        0.00000597
       22.3        0.00000407
       23.3        0.00000140
        1.4       -0.00153821
        2.4        0.00022302
        3.4       -0.00006693
        4.4        0.00005469
        5.4        0.00000779
        6.4        0.00000392
        7.4        0.00000567
        8.4        0.00000319

 SUM OF ORBITAL CONTRIBUTIONS:        1.40869212

 ORBITAL CONTRIBUTIONS TO EXPECTATION VALUE FOR OPERATOR QMYY            

        1.1        0.01639133
        2.1       -0.10882025
        3.1        0.38179941
        4.1       -0.01315995
        5.1       -0.00168900
        6.1        0.00194644
        7.1        0.00288672
        8.1       -0.00006679
        9.1       -0.00017371
       10.1       -0.00032362
       11.1       -0.00019185
       12.1        0.00031851
       13.1        0.00023458
       14.1       -0.00007175
       15.1       -0.00004226
       16.1       -0.00004503
       17.1        0.00001532
       18.1       -0.00005504
       19.1        0.00002438
       20.1       -0.00000686
       21.1        0.00000046
       22.1       -0.00002438
       23.1       -0.00000862
       24.1       -0.00001604
       25.1        0.00000951
       26.1       -0.00000326
       27.1        0.00000294
       28.1       -0.00000401
       29.1       -0.00000727
       30.1       -0.00000426
       31.1       -0.00000131
       32.1       -0.00000062
       33.1        0.00000000
       34.1        0.00000000
        1.2        0.86104100
        2.2        0.01294244
        3.2        0.00372191
        4.2        0.00037055
        5.2        0.00032079
        6.2       -0.00002948
        7.2        0.00035018
        8.2       -0.00008554
        9.2        0.00005137
       10.2        0.00004702
       11.2        0.00001270
       12.2       -0.00000756
       13.2       -0.00000038
       14.2        0.00001069
       15.2       -0.00000184
        1.3       -2.37913806
        2.3       -0.03734835
        3.3       -0.00694570
        4.3       -0.00110969
        5.3       -0.00184841
        6.3       -0.00054158
        7.3       -0.00027729
        8.3       -0.00015019
        9.3       -0.00008075
       10.3       -0.00017109
       11.3       -0.00016198
       12.3       -0.00002946
       13.3       -0.00001200
       14.3       -0.00001715
       15.3       -0.00001477
       16.3       -0.00002934
       17.3       -0.00001312
       18.3       -0.00001899
       19.3       -0.00000484
       20.3       -0.00000928
       21.3       -0.00000669
       22.3       -0.00000355
       23.3       -0.00000217
        1.4       -0.00276175
        2.4       -0.00063203
        3.4       -0.00010529
        4.4       -0.00009562
        5.4       -0.00006471
        6.4       -0.00000616
        7.4       -0.00001426
        8.4       -0.00000694

 SUM OF ORBITAL CONTRIBUTIONS:       -1.27396366

 ORBITAL CONTRIBUTIONS TO EXPECTATION VALUE FOR OPERATOR QMZZ            

        1.1       -0.03318230
        2.1       -0.10081126
        3.1       -1.74416070
        4.1       -0.01917714
        5.1       -0.00622172
        6.1       -0.00017742
        7.1       -0.00240543
        8.1       -0.00070003
        9.1       -0.00114884
       10.1       -0.00010107
       11.1       -0.00017996
       12.1       -0.00020548
       13.1       -0.00010256
       14.1       -0.00008315
       15.1       -0.00008069
       16.1       -0.00008033
       17.1       -0.00005737
       18.1       -0.00001340
       19.1       -0.00002145
       20.1       -0.00001183
       21.1       -0.00000386
       22.1        0.00000053
       23.1       -0.00000128
       24.1       -0.00000454
       25.1       -0.00001332
       26.1       -0.00000598
       27.1       -0.00000246
       28.1        0.00000002
       29.1       -0.00000046
       30.1        0.00000067
       31.1       -0.00000013
       32.1       -0.00000019
       33.1       -0.00000000
       34.1       -0.00000000
        1.2        0.91643139
        2.2        0.01532183
        3.2       -0.00157323
        4.2        0.00045956
        5.2        0.00031652
        6.2        0.00015621
        7.2       -0.00018013
        8.2        0.00004246
        9.2        0.00009509
       10.2        0.00000482
       11.2       -0.00000375
       12.2        0.00001310
       13.2        0.00000890
       14.2        0.00001440
       15.2        0.00000219
        1.3        0.83298181
        2.3        0.00303857
        3.3        0.00153564
        4.3       -0.00024590
        5.3        0.00057366
        6.3        0.00010060
        7.3        0.00012688
        8.3       -0.00007866
        9.3        0.00000646
       10.3        0.00001221
       11.3        0.00007466
       12.3        0.00001660
       13.3       -0.00002315
       14.3       -0.00000969
       15.3        0.00000300
       16.3        0.00000214
       17.3        0.00000240
       18.3        0.00000446
       19.3       -0.00000214
       20.3        0.00000118
       21.3        0.00000072
       22.3       -0.00000051
       23.3        0.00000076
        1.4        0.00429996
        2.4        0.00040901
        3.4        0.00017222
        4.4        0.00004093
        5.4        0.00005692
        6.4        0.00000224
        7.4        0.00000858
        8.4        0.00000376

 SUM OF ORBITAL CONTRIBUTIONS:       -0.13472846

 ORBITAL CONTRIBUTIONS TO EXPECTATION VALUE FOR OPERATOR QMRR            

        1.1       -0.14536918
        2.1       -3.51329147
        3.1       -5.37893761
        4.1       -0.10457073
        5.1       -0.04437752
        6.1       -0.01905349
        7.1       -0.01411302
        8.1       -0.00468482
        9.1       -0.00481515
       10.1       -0.00255060
       11.1       -0.00201871
       12.1       -0.00112423
       13.1       -0.00154103
       14.1       -0.00071412
       15.1       -0.00054423
       16.1       -0.00041502
       17.1       -0.00034857
       18.1       -0.00030462
       19.1       -0.00010144
       20.1       -0.00014174
       21.1       -0.00011009
       22.1       -0.00008873
       23.1       -0.00007044
       24.1       -0.00006560
       25.1       -0.00007501
       26.1       -0.00005493
       27.1       -0.00004194
       28.1       -0.00003145
       29.1       -0.00002773
       30.1       -0.00001138
       31.1       -0.00000475
       32.1       -0.00000666
       33.1       -0.00000001
       34.1       -0.00000000
        1.2       -4.79822043
        2.2       -0.08378785
        3.2       -0.01391042
        4.2       -0.00389497
        5.2       -0.00286931
        6.2       -0.00127779
        7.2       -0.00112101
        8.2       -0.00055047
        9.2       -0.00057995
       10.2       -0.00024989
       11.2       -0.00010024
       12.2       -0.00007638
       13.2       -0.00006746
       14.2       -0.00009687
       15.2       -0.00003021
        1.3       -5.60498139
        2.3       -0.10275643
        3.3       -0.02106706
        4.3       -0.00434142
        5.3       -0.00498840
        6.3       -0.00222400
        7.3       -0.00149197
        8.3       -0.00070930
        9.3       -0.00047971
       10.3       -0.00050963
       11.3       -0.00039999
       12.3       -0.00016150
       13.3       -0.00011353
       14.3       -0.00009204
       15.3       -0.00007144
       16.3       -0.00008181
       17.3       -0.00005184
       18.3       -0.00006842
       19.3       -0.00002397
       20.3       -0.00002641
       21.3       -0.00002851
       22.3       -0.00001173
       23.3       -0.00000598
        1.4       -0.01628447
        2.4       -0.00321043
        3.4       -0.00139258
        4.4       -0.00048726
        5.4       -0.00034624
        6.4       -0.00006784
        7.4       -0.00008275
        8.4       -0.00003099

 SUM OF ORBITAL CONTRIBUTIONS:      -19.91302827

 EXPECTATION VALUES IN ATOMIC UNITS AND FOR GLOBAL COORDINATES

                     QMXX            QMYY            QMZZ            QMXY            QMXZ            QMYZ            QMRR    



 NUCLEAR          -3.21339384      3.16232269      0.05107114      0.00000000      0.00000000      0.00000000      6.42678767

 ELECTRONIC        1.40869212     -1.27396366     -0.13472846      0.00000000      0.00000000      0.00000000    -19.91302827


 !TOTAL QM        -1.80470172      1.88835904     -0.08365731      0.00000000      0.00000000      0.00000000    -13.48624060


 ************************************************************************************************************************************

 OPERATOR EF    FOR CENTRE  1 COORDINATES:    0.000000    0.000000   -0.127449  FACTOR:   0.100000E+01

 Molecular orbitals read from record     2350.2  Type=MRCI/NATURAL (state 1.1)
 Density matrix read from record         2350.2  Type=MRCI/CHARGE (state 1.1)

 ORBITAL CONTRIBUTIONS TO EXPECTATION VALUE FOR OPERATOR EFZ             

        1.1        0.36048874
        2.1       -0.20907769
        3.1       -0.04310503
        4.1        0.00272362
        5.1       -0.00040069
        6.1        0.00043930
        7.1        0.00055893
        8.1       -0.00003759
        9.1       -0.00029405
       10.1       -0.00002343
       11.1        0.00010660
       12.1        0.00009211
       13.1        0.00012869
       14.1       -0.00000557
       15.1       -0.00008928
       16.1       -0.00001418
       17.1        0.00001105
       18.1       -0.00000208
       19.1        0.00002033
       20.1        0.00002146
       21.1        0.00001546
       22.1        0.00000128
       23.1       -0.00002331
       24.1       -0.00000210
       25.1        0.00000229
       26.1        0.00000008
       27.1        0.00000091
       28.1        0.00000136
       29.1        0.00000034
       30.1       -0.00000002
       31.1       -0.00000023
       32.1        0.00000001
       33.1       -0.00000000
       34.1        0.00000000
        1.2        0.05299698
        2.2       -0.00056744
        3.2        0.00050016
        4.2       -0.00031772
        5.2        0.00013441
        6.2        0.00000470
        7.2        0.00010402
        8.2        0.00000454
        9.2       -0.00002501
       10.2       -0.00000372
       11.2        0.00001335
       12.2        0.00000225
       13.2       -0.00000412
       14.2        0.00000240
       15.2        0.00000040
        1.3        0.19770776
        2.3       -0.00124398
        3.3        0.00117037
        4.3       -0.00051527
        5.3        0.00020453
        6.3        0.00005501
        7.3        0.00009619
        8.3        0.00001344
        9.3       -0.00005704
       10.3        0.00000503
       11.3        0.00002280
       12.3        0.00000234
       13.3        0.00000205
       14.3       -0.00000215
       15.3       -0.00000031
       16.3        0.00000031
       17.3       -0.00000006
       18.3        0.00000052
       19.3        0.00000023
       20.3        0.00000022
       21.3       -0.00000004
       22.3        0.00000010
       23.3        0.00000000
        1.4        0.00028032
        2.4       -0.00006526
        3.4        0.00008114
        4.4       -0.00002393
        5.4        0.00000776
        6.4        0.00000480
        7.4       -0.00000183
        8.4        0.00000049

 SUM OF ORBITAL CONTRIBUTIONS:        0.36212802

 EXPECTATION VALUES IN ATOMIC UNITS AND FOR GLOBAL COORDINATES

                     EFX             EFY             EFZ     


 NUCLEAR          -0.00000000     -0.00000000     -0.35977296
 ELECTRONIC        0.00000000      0.00000000      0.36212802

 !TOTAL EF         0.00000000      0.00000000      0.00235507

 ************************************************************************************************************************************

 OPERATOR EF    FOR CENTRE  2 COORDINATES:    0.000000    1.457820    1.011524  FACTOR:   0.100000E+01

 Molecular orbitals read from record     2350.2  Type=MRCI/NATURAL (state 1.1)
 Density matrix read from record         2350.2  Type=MRCI/CHARGE (state 1.1)

 ORBITAL CONTRIBUTIONS TO EXPECTATION VALUE FOR OPERATOR EFY             

        1.1       -0.46100434
        2.1       -0.36989288
        3.1       -0.48371520
        4.1       -0.00302130
        5.1       -0.00069549
        6.1       -0.00096374
        7.1       -0.00111523
        8.1       -0.00012625
        9.1       -0.00025430
       10.1       -0.00014215
       11.1       -0.00010980
       12.1       -0.00007762
       13.1       -0.00003908
       14.1       -0.00003006
       15.1       -0.00002068
       16.1       -0.00001454
       17.1       -0.00000473
       18.1       -0.00000302
       19.1       -0.00000743
       20.1       -0.00000338
       21.1       -0.00000478
       22.1       -0.00000220
       23.1       -0.00000131
       24.1       -0.00000066
       25.1        0.00000197
       26.1       -0.00000044
       27.1       -0.00000055
       28.1        0.00000041
       29.1        0.00000093
       30.1       -0.00000049
       31.1       -0.00000015
       32.1       -0.00000001
       33.1       -0.00000001
       34.1       -0.00000000
        1.2       -0.30763539
        2.2       -0.00204114
        3.2       -0.00100045
        4.2       -0.00010440
        5.2       -0.00009231
        6.2       -0.00007143
        7.2       -0.00007766
        8.2       -0.00000543
        9.2       -0.00001198
       10.2       -0.00000687
       11.2       -0.00000795
       12.2       -0.00000385
       13.2       -0.00000195
       14.2       -0.00000115
       15.2       -0.00000020
        1.3       -0.33097061
        2.3       -0.00163223
        3.3       -0.00165356
        4.3       -0.00013283
        5.3       -0.00026325
        6.3       -0.00003748
        7.3       -0.00007869
        8.3        0.00000127
        9.3       -0.00000901
       10.3       -0.00002139
       11.3       -0.00002100
       12.3       -0.00000514
       13.3       -0.00000318
       14.3       -0.00000070
       15.3       -0.00000420
       16.3       -0.00000067
       17.3        0.00000254
       18.3       -0.00000032
       19.3       -0.00000008
       20.3        0.00000114
       21.3        0.00000019
       22.3       -0.00000034
       23.3        0.00000000
        1.4       -0.00089292
        2.4       -0.00009092
        3.4       -0.00008583
        4.4       -0.00000735
        5.4       -0.00000603
        6.4       -0.00000316
        7.4       -0.00000146
        8.4       -0.00000026

 SUM OF ORBITAL CONTRIBUTIONS:       -1.96822817

 ORBITAL CONTRIBUTIONS TO EXPECTATION VALUE FOR OPERATOR EFZ             

        1.1       -0.35971341
        2.1       -0.33928384
        3.1       -0.11295890
        4.1        0.00052036
        5.1       -0.00175251
        6.1       -0.00125649
        7.1       -0.00045197
        8.1       -0.00015563
        9.1       -0.00009475
       10.1       -0.00002864
       11.1       -0.00010145
       12.1       -0.00004305
       13.1       -0.00003618
       14.1        0.00001969
       15.1       -0.00000584
       16.1       -0.00000740
       17.1       -0.00001856
       18.1       -0.00000677
       19.1       -0.00000395
       20.1       -0.00000423
       21.1       -0.00000573
       22.1       -0.00000143
       23.1       -0.00000000
       24.1       -0.00000046
       25.1        0.00000354
       26.1       -0.00000078
       27.1        0.00000081
       28.1       -0.00000065
       29.1        0.00000056
       30.1       -0.00000024
       31.1       -0.00000011
       32.1       -0.00000000
       33.1       -0.00000000
       34.1       -0.00000000
        1.2       -0.23011261
        2.2       -0.00139402
        3.2       -0.00050235
        4.2       -0.00006813
        5.2       -0.00006855
        6.2       -0.00007671
        7.2       -0.00004353
        8.2       -0.00000362
        9.2       -0.00000852
       10.2       -0.00000459
       11.2       -0.00000477
       12.2       -0.00000355
       13.2       -0.00000111
       14.2       -0.00000099
       15.2       -0.00000003
        1.3       -0.39438405
        2.3       -0.00075295
        3.3       -0.00095511
        4.3       -0.00002373
        5.3       -0.00016215
        6.3       -0.00016934
        7.3       -0.00006406
        8.3       -0.00004841
        9.3       -0.00000062
       10.3        0.00000327
       11.3       -0.00001225
       12.3       -0.00000771
       13.3        0.00000404
       14.3       -0.00000157
       15.3       -0.00000272
       16.3       -0.00000163
       17.3        0.00000155
       18.3       -0.00000031
       19.3       -0.00000002
       20.3        0.00000076
       21.3        0.00000009
       22.3       -0.00000017
       23.3        0.00000000
        1.4       -0.00092732
        2.4       -0.00007204
        3.4       -0.00006786
        4.4       -0.00000456
        5.4       -0.00000476
        6.4       -0.00000240
        7.4       -0.00000131
        8.4       -0.00000005

 SUM OF ORBITAL CONTRIBUTIONS:       -1.44533849

 EXPECTATION VALUES IN ATOMIC UNITS AND FOR GLOBAL COORDINATES

                     EFX             EFY             EFZ     


 NUCLEAR          -0.00000000      1.95958739      1.43909183
 ELECTRONIC        0.00000000     -1.96822817     -1.44533849

 !TOTAL EF         0.00000000     -0.00864078     -0.00624666

 ************************************************************************************************************************************

 OPERATOR FG    FOR CENTRE  0 COORDINATES:    0.000000    0.000000    0.500000  FACTOR:   0.100000E+01

 Molecular orbitals read from record     2350.2  Type=MRCI/NATURAL (state 1.1)
 Density matrix read from record         2350.2  Type=MRCI/CHARGE (state 1.1)

 ORBITAL CONTRIBUTIONS TO EXPECTATION VALUE FOR OPERATOR FGXX            

        1.1       -8.07467883
        2.1       -0.02398238
        3.1       -0.52713479
        4.1       -0.00110680
        5.1       -0.00224967
        6.1       -0.00144872
        7.1       -0.00189434
        8.1        0.00004460
        9.1       -0.00098194
       10.1        0.00018530
       11.1       -0.00016590
       12.1       -0.00030879
       13.1       -0.00023831
       14.1       -0.00001713
       15.1       -0.00020648
       16.1        0.00000991
       17.1       -0.00001725
       18.1       -0.00001763
       19.1       -0.00005043
       20.1       -0.00000102
       21.1       -0.00001813
       22.1       -0.00001147
       23.1       -0.00001093
       24.1        0.00000248
       25.1       -0.00000398
       26.1       -0.00000176
       27.1       -0.00000145
       28.1       -0.00000109
       29.1       -0.00000034
       30.1       -0.00000049
       31.1       -0.00000021
       32.1       -0.00000002
       33.1       -0.00000008
       34.1       -0.00000000
        1.2        1.21088932
        2.2        0.00427408
        3.2        0.00721587
        4.2        0.00004929
        5.2        0.00041149
        6.2        0.00002890
        7.2        0.00107131
        8.2        0.00001653
        9.2       -0.00001163
       10.2        0.00000812
       11.2        0.00019402
       12.2        0.00001785
       13.2        0.00000838
       14.2       -0.00000193
       15.2       -0.00000022
        1.3       -1.13632883
        2.3       -0.02028099
        3.3       -0.00485792
        4.3       -0.00062552
        5.3       -0.00072832
        6.3       -0.00016865
        7.3       -0.00046130
        8.3       -0.00008972
        9.3       -0.00003684
       10.3       -0.00011413
       11.3       -0.00008344
       12.3       -0.00001167
       13.3       -0.00003239
       14.3       -0.00001860
       15.3       -0.00001295
       16.3       -0.00000945
       17.3       -0.00000314
       18.3       -0.00000178
       19.3       -0.00000034
       20.3       -0.00000043
       21.3       -0.00000031
       22.3       -0.00000013
       23.3       -0.00000000
        1.4        0.00049714
        2.4       -0.00008262
        3.4        0.00011476
        4.4       -0.00000397
        5.4       -0.00000726
        6.4        0.00000698
        7.4       -0.00000210
        8.4       -0.00000036

 SUM OF ORBITAL CONTRIBUTIONS:       -8.57348100

 ORBITAL CONTRIBUTIONS TO EXPECTATION VALUE FOR OPERATOR FGYY            

        1.1       -8.07500606
        2.1        0.17915318
        3.1       -0.09346985
        4.1       -0.00743234
        5.1       -0.00343657
        6.1        0.00101237
        7.1        0.00010264
        8.1       -0.00017151
        9.1       -0.00141326
       10.1       -0.00026468
       11.1       -0.00010231
       12.1        0.00010112
       13.1       -0.00002934
       14.1       -0.00004182
       15.1       -0.00024875
       16.1       -0.00002699
       17.1       -0.00002490
       18.1       -0.00005759
       19.1        0.00003784
       20.1       -0.00001161
       21.1       -0.00000246
       22.1       -0.00000081
       23.1       -0.00002068
       24.1       -0.00000601
       25.1       -0.00000206
       26.1       -0.00000096
       27.1       -0.00000059
       28.1       -0.00000028
       29.1        0.00000036
       30.1       -0.00000019
       31.1       -0.00000032
       32.1       -0.00000002
       33.1       -0.00000008
       34.1       -0.00000000
        1.2       -1.32314536
        2.2       -0.01323007
        3.2       -0.00397569
        4.2       -0.00052830
        5.2       -0.00052536
        6.2       -0.00005083
        7.2       -0.00057853
        8.2       -0.00002458
        9.2       -0.00009723
       10.2       -0.00004362
       11.2       -0.00010660
       12.2       -0.00000813
       13.2       -0.00001568
       14.2       -0.00000700
       15.2        0.00000048
        1.3        1.30501069
        2.3        0.00816453
        3.3        0.00809171
        4.3        0.00031337
        5.3        0.00044417
        6.3        0.00034954
        7.3        0.00077565
        8.3        0.00005532
        9.3        0.00000586
       10.3        0.00007480
       11.3        0.00009160
       12.3        0.00001214
       13.3        0.00006358
       14.3        0.00000437
       15.3        0.00000747
       16.3        0.00000812
       17.3        0.00000296
       18.3        0.00000130
       19.3        0.00000041
       20.3        0.00000052
       21.3        0.00000027
       22.3        0.00000019
       23.3        0.00000000
        1.4        0.00064342
        2.4       -0.00003426
        3.4        0.00012447
        4.4       -0.00000291
        5.4       -0.00000143
        6.4        0.00000732
        7.4       -0.00000163
        8.4        0.00000076

 SUM OF ORBITAL CONTRIBUTIONS:       -8.01948673

 ORBITAL CONTRIBUTIONS TO EXPECTATION VALUE FOR OPERATOR FGZZ            

        1.1       16.14968489
        2.1       -0.15517080
        3.1        0.62060465
        4.1        0.00853914
        5.1        0.00568624
        6.1        0.00043635
        7.1        0.00179170
        8.1        0.00012691
        9.1        0.00239520
       10.1        0.00007938
       11.1        0.00026821
       12.1        0.00020766
       13.1        0.00026765
       14.1        0.00005895
       15.1        0.00045523
       16.1        0.00001708
       17.1        0.00004214
       18.1        0.00007523
       19.1        0.00001259
       20.1        0.00001263
       21.1        0.00002059
       22.1        0.00001228
       23.1        0.00003161
       24.1        0.00000353
       25.1        0.00000604
       26.1        0.00000271
       27.1        0.00000204
       28.1        0.00000138
       29.1       -0.00000002
       30.1        0.00000068
       31.1        0.00000053
       32.1        0.00000005
       33.1        0.00000016
       34.1        0.00000000
        1.2        0.11225604
        2.2        0.00895600
        3.2       -0.00324017
        4.2        0.00047900
        5.2        0.00011388
        6.2        0.00002193
        7.2       -0.00049278
        8.2        0.00000804
        9.2        0.00010886
       10.2        0.00003550
       11.2       -0.00008742
       12.2       -0.00000972
       13.2        0.00000730
       14.2        0.00000893
       15.2       -0.00000026
        1.3       -0.16868186
        2.3        0.01211646
        3.3       -0.00323379
        4.3        0.00031214
        5.3        0.00028415
        6.3       -0.00018090
        7.3       -0.00031434
        8.3        0.00003440
        9.3        0.00003098
       10.3        0.00003933
       11.3       -0.00000815
       12.3       -0.00000047
       13.3       -0.00003118
       14.3        0.00001423
       15.3        0.00000547
       16.3        0.00000133
       17.3        0.00000018
       18.3        0.00000048
       19.3       -0.00000007
       20.3       -0.00000009
       21.3        0.00000004
       22.3       -0.00000006
       23.3       -0.00000000
        1.4       -0.00114056
        2.4        0.00011689
        3.4       -0.00023923
        4.4        0.00000688
        5.4        0.00000869
        6.4       -0.00001430
        7.4        0.00000373
        8.4       -0.00000040

 SUM OF ORBITAL CONTRIBUTIONS:       16.59296773

 EXPECTATION VALUES IN ATOMIC UNITS AND FOR GLOBAL COORDINATES

                     FGXX            FGYY            FGZZ            FGXY            FGXZ            FGYZ    


 NUCLEAR          32.92811233     31.47942319    -64.40753552     -0.00000000     -0.00000000     -0.00000000
 ELECTRONIC       -8.57348100     -8.01948673     16.59296773      0.00000000      0.00000000      0.00000000

 !TOTAL FG        24.35463133     23.45993646    -47.81456779      0.00000000      0.00000000      0.00000000



 **********************************************************************************************************************************
 DATASETS  * FILE   NREC   LENGTH (MB)   RECORD NAMES
              1      20       29.94       500      610      700      900      950      970     1000      129      960     1100   
                                          VAR    BASINP    GEOM    SYMINP    ZMAT    AOBASIS   BASIS     P2S    ABASIS      S 
                                         1400     1410     1200     1210     1080     1600     1650     1700     1380     1700(1)
                                           T        V       H0       H01     AOSYM     SMH    MOLCAS    OPER     JKOP     OPER   

              2       6        0.77       700     1000      520     2100     2140     2350   
                                         GEOM     BASIS   MCVARS     RHF     MCSCF    MRCI   

 PROGRAMS   *        TOTAL  PROPERTY       POP        CI       DMA       POP     MULTI       DMA       POP    HF-SCF       INT
 CPU TIMES  *        16.09      0.00      0.00      1.10      0.00      0.20      8.16      0.00      0.00      1.05      3.85
 REAL TIME  *        22.42 SEC
 DISK USED  *        30.78 MB (local),      668.55 MB (total)
 SF USED    *         5.87 MB
 GA USED    *         0.00 MB       (max)       0.00 MB       (current)
 **********************************************************************************************************************************

              CI           MULTI          HF-SCF
    -76.33916790    -76.11948950    -76.06387279
 **********************************************************************************************************************************
 Molpro calculation terminated
