
 Working directory              : /tmp/charlie/molpro.Zqq1Wh7vH2/
 Global scratch directory       : /tmp/charlie/molpro.Zqq1Wh7vH2/
 Wavefunction directory         : /home/charlie/wfu/
 Main file repository           : /tmp/charlie/molpro.Zqq1Wh7vH2/

 id        : dap

 Nodes     nprocs
 charliebox   19
 Distribution of processes:   nprocs(total)=   20   nprocs(compute)=   19   nprocs(helper)=    1
 GA implementation: MPI file
 GA implementation (serial work in mppx): MPI file

 Using customized tuning parameters: mindgm=1; mindgv=20; mindgc=4; mindgr=1; noblas=0; minvec=7
 default implementation of scratch files=sf  


 Variables initialized (1059), CPU time= 0.13 sec
  ***,  ground state
  print,orbitals
  memory,1000,m
 symmetry,nosym
   geometry={ang
 U 0.000 0.000 0.
 O 0. 0. 1.697839
 O 0. 0. -1.697839
 }
 
 set,charge=2
 basis={
                                                                                 !  (14s)/[6s] for U  ECP60MDF, Ref 50.
 s,U,29520.8340,4449.8874,1018.7754,289.5348,46.9990,33.5707,23.9791,10.1441,2.7658,1.4570,0.6151,0.2780,0.0570,0.0233;
 C,1.14,0.000044,0.000320,0.001395,0.002814,0.096435,-0.487967,0.807508,-1.127504,1.060527,0.400292,0.016450,-0.000219,-0.000042,-0.000176;
 C,1.14,-0.000033,-0.000252,-0.001015,-0.002415,-0.039561,0.218831,-0.397990,0.664738,-1.013418,-0.393365,0.904344,0.518022,0.073065,0.029494;
 C,1.14,0.000014,0.000103,0.000411,0.001004,0.014267,-0.081043,0.150715,-0.259766,0.420775,0.189368,-0.540005,-0.412368,0.784983,0.424189;
 C,1.14,-0.000040,-0.000298,-0.001259,-0.002775,-0.050598,0.253466,-0.440238,0.745253,-1.600118,0.109425,2.867628,-2.240568,-0.564799,1.005222;
 C,1.14,-0.000052,-0.000339,-0.001749,-0.002574,-0.114002,0.460601,-0.667382,0.973604,-2.866306,2.637145,0.781971,-2.330988,2.737967,-1.958184;
 C,1.14,-0.000106,-0.000790,-0.003263,-0.007528,-0.096221,0.485331,-0.882533,1.727216,-7.334892,11.247552,-9.107755,4.807540,-1.837764,0.966838;
 p,U,499.7488,114.0192,21.9088,15.6492,11.1780,7.9843,3.1325,1.6077,0.7061,0.3229,0.1329,0.0800,0.0271;
 C,1.13,0.000219,0.001190,-0.042782,0.324353,-0.511529,-0.071299,0.704008,0.465061,0.054229,-0.001819,0.002302,-0.001129,0.000143;
 C,1.13,-0.000127,-0.000643,0.018120,-0.166453,0.306811,-0.014845,-0.476924,-0.276612,0.480908,0.615543,0.158324,-0.005358,0.003348;
 C,1.13,0.000103,0.000473,-0.011387,0.121930,-0.234776,0.011640,0.408928,0.240978,-0.888499,-0.081066,0.350416,0.613368,0.144497;
 C,1.13,-0.000219,-0.000353,-0.018092,-0.055835,0.157684,0.140305,-0.907514,0.013107,1.811441,-1.372113,-1.074410,1.296881,0.249768;
 C,1.13,-0.000595,0.001246,-0.195716,0.559357,-0.775626,0.968111,-2.680683,2.940086,-0.333255,-2.202343,3.526594,-1.910003,-0.256716;
 C,1.13,0.000338,0.002000,-0.062289,0.603816,-1.392522,0.608885,2.933431,-5.469685,5.883058,-4.876290,3.141966,-0.903616,-0.504585;
 d,U,258.1524,75.1703,20.7869,7.6295,5.5167,2.6058,1.2781,0.5617,0.2135,0.0719;
 C,1.10,0.000136,0.001076,0.012136,-0.229921,0.278231,0.551975,0.377844,0.074069,0.000082,0.000484;
 C,1.10,-0.000042,-0.000450,-0.003939,0.084412,-0.113456,-0.213270,-0.100722,0.321783,0.561639,0.344991;
 C,1.10,-0.000027,-0.001045,-0.004760,0.128096,-0.162964,-0.463388,-0.054235,1.072575,-0.281443,-0.608317;
 C,1.10,-0.000293,0.003467,-0.009267,-0.010746,-0.060234,1.266130,-1.508105,0.062980,1.054738,-0.898798;
 C,1.10,-0.000057,-0.001967,-0.010974,0.427668,-0.708332,-1.037124,2.617986,-2.545826,1.686553,-0.787351;
 f,U,59.3666,20.3890,8.1761,3.5111,1.6789,0.7604,0.3170,0.1149;
 C,1.8,0.001424,0.011120,0.041970,0.207732,0.370755,0.373775,0.252996,0.097955;
 C,1.8,-0.001690,-0.011132,-0.050308,-0.221735,-0.378340,-0.013232,0.525098,0.473370;
 C,1.8,-0.002261,-0.018893,-0.067853,-0.414443,-0.431246,1.002423,-0.036904,-0.612297;
 C,1.8,-0.000347,0.030982,-0.008213,0.721303,-0.469218,-0.747053,1.376481,-0.944182;
 g,U,59.3666,20.3890,8.1761,3.5111,1.6789,0.7604;
 C,1.6,0.001014,0.011848,0.039302,0.124196,0.233870,0.684875;
 C,1.6,0.003561,0.028234,0.137274,0.304284,0.787343,-0.903712;
 C,1.6,-0.000733,-0.075550,-0.064958,-1.260170,1.661908,-0.787501;
 
                                                                                 ! References:
                                                                        ! [50] M. Dolg, X. Cao, J. Phys. Chem. A 113, 12573 (2009).
                                                                                 ! OXYGEN       (9s,4p,1d) -&gt; [3s,2p,1d]
                                                                                 ! OXYGEN       (9s,4p,1d) -&gt; [3s,2p,1d]
 s, O , 11720.0000000, 1759.0000000, 400.8000000, 113.7000000, 37.0300000, 13.2700000, 5.0250000, 1.0130000, 0.3023000
 c, 1.9, 0.0009775, 0.0058106, 0.0283649, 0.1054311, 0.2834470, 0.4482844, 0.2702944, 0.0154031, -0.0025739
 c, 1.9, -0.0002206, -0.0013435, -0.0064010, -0.0259275, -0.0711286, -0.1656153, -0.1160807, 0.5585241, 0.5713981
 c, 9.9, 1.0000000
 p, O , 17.7000000, 3.8540000, 1.0460000, 0.2753000
 c, 1.4, 0.0431553, 0.2289863, 0.5086083, 0.4605682
 c, 4.4, 1.0000000
 d, O , 1.1850000
 c, 1.1, 1.0000000
                                                                                 ! ELEMENTS                      REFERENCES
                                                                                 !
 
                                                                                 !  Q=32., MEFIT, MCDHF/DC+B, SO potential, Ref 50.
 ECP,U,60,5,3;
 1; 2,1.00000000,0.00000000;
 4; 2,16.91870874,529.53526911; 2,3.40970576,4.27018845; 2,0.79302733,0.09998874; 2,0.19378381,0.00626781;
 8; 2,13.16953414,100.93359134; 2,10.60784728,175.95423897; 2,2.69049397,-0.00210787; 2,2.08929800,-0.19041648; 2,0.54050990,0.00494627; 2,0.40482776,-0.01652483; 2,0.11250285,0.00082033; 2,0.09508873,-0.00100028;
 8; 2,9.06784123,62.85927902; 2,8.53362678,90.20882494; 2,1.63646790,-0.08282418; 2,1.54425719,-0.15307917; 2,0.47961552,-0.00008720; 2,0.41164502,0.00484078; 2,0.13990510,-0.00006136; 2,0.17494682,-0.00240839;
 8; 2,5.14746012,15.68628229; 2,5.29241394,22.32105345; 2,1.05726701,-0.20689333; 2,0.98063114,-0.08434451; 2,0.48259555,0.06084446; 2,0.55434882,0.00231264; 2,0.23674544,-0.00204069; 2,0.21559852,0.00348388;
 6; 2,18.83643086,-44.41029420; 2,18.74850924,-53.65339478; 2,6.49279545,-2.55219343; 2,6.57472519,-3.34380088; 2,2.58151924,0.04527524; 2,2.58690949,0.05637947;
 8; 2,13.16953414,-201.86718267; 2,10.60784728,175.95423897; 2,2.69049397,0.00421574; 2,2.08929800,-0.19041648; 2,0.54050990,-0.00989253; 2,0.40482776,-0.01652483; 2,0.11250285,-0.00164066; 2,0.09508873,-0.00100028;
 8; 2,9.06784123,-62.85927902; 2,8.53362678,60.13921663; 2,1.63646790,0.08282418; 2,1.54425719,-0.10205278; 2,0.47961552,0.00008720; 2,0.41164502,0.00322718; 2,0.13990510,0.00006136; 2,0.17494682,-0.00160559;
 8; 2,5.14746012,-10.45752153; 2,5.29241394,11.16052672; 2,1.05726701,0.13792889; 2,0.98063114,-0.04217226; 2,0.48259555,-0.04056298; 2,0.55434882,0.00115632; 2,0.23674544,0.00136046; 2,0.21559852,0.00174194;
 
                                                                                 ! References:
                                                                        ! [50] M. Dolg, X. Cao, J. Phys. Chem. A 113, 12573 (2009).
 
 }
 
 {hf;wf,,1,0;orbprint,3}
 {ibo;}
 
 
 Commands initialized (838), CPU time= 0.01 sec, 726 directives.
 Default parameters read. Elapsed time= 0.10 sec

 Checking input...
 Passed
1


                                         ***  PROGRAM SYSTEM MOLPRO  ***
                                       Copyright, TTI GmbH Stuttgart, 2015
                                  Version 2025.2 linked Wed May 14 02:42:57 2025


 **********************************************************************************************************************************
 LABEL *                                                                                                                                                                 
                                                                                         DATE: 03-Dec-25          TIME: 22:39:14  
 **********************************************************************************************************************************

 SHA1:             57ceb174f4fe6691bc75d8fe641d0297fc3c2b28
 **********************************************************************************************************************************

 Memory per process:      1000 MW
 Total memory per node:  19000 MW

 GA preallocation disabled
 GA check disabled

 Variable memory set to 1000.0 MW



 ZSYMEL=NOSYM


 Geometry recognized as XYZ

 CHARGE          =       2.00000000                                  
 SETTING BASIS          =    USERDEF


 Recomputing integrals since basis changed


 Using spherical harmonics



 PROGRAM * SEWARD (Integral evaluation for generally contracted gaussian basis sets)     Author: Roland Lindh, 1990

 Geometry written to block  1 of record 700


 Point group  C1  



 ATOMIC COORDINATES

 NR  ATOM    CHARGE       X              Y              Z

   1  U      32.00    0.000000000    0.000000000    0.000000000
   2  O       8.00    0.000000000    0.000000000    3.208450714
   3  O       8.00    0.000000000    0.000000000   -3.208450714

 Bond lengths in Bohr (Angstrom)

 1-2  3.208450714  1-3  3.208450714
     ( 1.697839000)     ( 1.697839000)

 Bond angles

  2-1-3  180.00000000

 NUCLEAR CHARGE:                   48
 NUMBER OF PRIMITIVE AOS:         337
 NUMBER OF SYMMETRY AOS:          265
 NUMBER OF CONTRACTIONS:          132   (  132A   )
 NUMBER OF INNER CORE ORBITALS:     0   (    0A   )
 NUMBER OF OUTER CORE ORBITALS:    11   (   11A   )
 NUMBER OF VALENCE ORBITALS:       25   (   25A   )


 LX: A            LY: A            LZ: A  


 NUCLEAR REPULSION ENERGY 169.55223830

 EXTRA SYMMETRY OF AOS IN SYMMETRY 1:   1 1 1 1 1 1 2 3 1 2   3 1 2 3 1 2 3 1 2 3   1 2 3 1 1 4 2 5 3 1   4 2 5 3 1 4 2 5 3 1
                                        4 2 5 3 1 4 2 5 3 2   3 1 6 4 7 5 2 3 1 6   4 7 5 2 3 1 6 4 7 5   2 3 1 6 4 7 5 1 4 2
                                        8 3 5 91011 1 4 2 8   3 5 91011 1 4 2 8 3   5 91011 1 1 1 2 3 1   2 3 1 1 4 2 5 3 1 1
                                        1 2 3 1 2 3 1 1 4 2   5 3


 Eigenvalues of metric

         1 0.408E-02 0.777E-02 0.496E-01 0.623E-01 0.623E-01 0.629E-01 0.845E-01 0.117E+00


 Contracted 2-electron integrals neglected if value below      1.0D-11
 AO integral compression algorithm  1   Integral accuracy      1.0D-11

     47.710 MB (compressed) written to integral file ( 13.5%)

     Node minimum: 1.311 MB, node maximum: 3.932 MB


 NUMBER OF SORTED TWO-ELECTRON INTEGRALS:    2032107.     BUFFER LENGTH:  32768
 NUMBER OF SEGMENTS:   1  SEGMENT LENGTH:    2032107      RECORD LENGTH: 524288

 Memory used in sort:       2.59 MW

 SORT1 READ    44126050. AND WROTE      314039. INTEGRALS IN      1 RECORDS. CPU TIME:     0.99 SEC, REAL TIME:     1.00 SEC
 SORT2 READ     5982281. AND WROTE    38531031. INTEGRALS IN    171 RECORDS. CPU TIME:     0.03 SEC, REAL TIME:     0.04 SEC

 Node minimum:     2023791.  Node maximum:     2032107. integrals

 OPERATOR DM      FOR CENTER  0  COORDINATES:    0.000000    0.000000    0.000000


 **********************************************************************************************************************************
 DATASETS  * FILE   NREC   LENGTH (MB)   RECORD NAMES
              1      19       30.01       500      610      700      900      950      970     1000      129      960     1100   
                                          VAR    BASINP    GEOM    SYMINP    ZMAT    AOBASIS   BASIS     P2S    ABASIS      S 
                                         1400     1410     1420     1200     1210     1080     1700     1600     1650   
                                           T        V       ECP      H0       H01     AOSYM    OPER      SMH    MOLCAS    

 PROGRAMS   *        TOTAL       INT
 CPU TIMES  *         9.43      7.43
 REAL TIME  *        11.56 SEC
 DISK USED  *        30.41 MB (local),      686.72 MB (total)
 GA USED    *         0.00 MB       (max)       0.00 MB       (current)
 **********************************************************************************************************************************


 Program * Restricted Hartree-Fock

 Orbital guess generated from atomic densities.

 Initial occupancy:  23

 NELEC=   46   SYM=1   MS2= 0   THRE=1.0D-08   THRD=3.2D-06   THRG=3.2D-06  HFMA2=F  DIIS_START=2   DIIS_MAX=10   DIIS_INCORE=F

 Level shifts:    0.00 (CLOSED)    0.00 (OPEN)    0.30 (GAP_MIN)

 ITER           ETOT              DE          GRAD        DDIFF     DIIS  NEXP   TIME(IT)  TIME(TOT)  DIAG
   1     -621.05910058    -621.05910058     0.00D+00     0.10D+00     0     0       0.01      0.36    start
   2     -613.38234528       7.67675530     0.22D-01     0.52D-01     1     0       0.21      0.57    diag
   3     -622.05004628      -8.66770100     0.76D-01     0.39D-01     2     0       0.05      0.62    diag
   4     -622.06624545      -0.01619917     0.24D-02     0.34D-02     3     0       0.03      0.65    diag
   5     -622.06879656      -0.00255110     0.89D-03     0.13D-02     4     0       0.01      0.66    diag
   6     -622.06972496      -0.00092840     0.47D-03     0.70D-03     5     0       0.02      0.68    diag
   7     -622.06988039      -0.00015544     0.14D-03     0.33D-03     6     0       0.02      0.70    diag
   8     -622.06992444      -0.00004405     0.60D-04     0.24D-03     7     0       0.05      0.75    fixocc
   9     -622.06992668      -0.00000224     0.15D-04     0.56D-04     8     0       0.14      0.89    diag
  10     -622.06992672      -0.00000005     0.28D-05     0.62D-05     9     0       0.02      0.91    diag/orth
  11     -622.06992672      -0.00000000     0.41D-06     0.97D-06     9     0       0.01      0.92    diag
  12     -622.06992672      -0.00000000     0.95D-07     0.13D-06     0     0       0.02      0.94    diag

 Final occupancy:  23

 !RHF STATE 1.1 Energy               -622.069926724453
  RHF One-electron energy           -1330.565442968322
  RHF Two-electron energy             538.943277939041
  RHF Kinetic energy                  297.062971061533
  RHF Nuclear energy                  169.552238304829
  RHF Virial quotient                  -2.094067545684

 !RHF STATE 1.1 Dipole moment           0.00000000    -0.00000000     0.00000000
 Dipole moment /Debye                   0.00000000    -0.00000000     0.00000000

 ELECTRON ORBITALS
 =================

  Orbital  Occupation    Energy    Cen Mu Typ  Coefficients
    1.1     2.00000   -21.10290     2  1  s    0.70744    3  1  s    0.70744
    2.1     2.00000   -21.10286     2  1  s    0.70761    3  1  s   -0.70761
    3.1     2.00000   -13.35675     1  1  s    1.00014
    4.1     2.00000    -9.43028     1  1  py   0.99991
    5.1     2.00000    -9.43028     1  1  px   0.99991
    6.1     2.00000    -9.39767     1  1  pz   0.99977
    7.1     2.00000    -4.92168     1  1  d0   0.99863
    8.1     2.00000    -4.89789     1  1  d2+  0.99331
    9.1     2.00000    -4.89789     1  1  d2-  0.99331
   10.1     2.00000    -4.89590     1  1  d1+ -0.69238    1  1  d1-  0.72121
   11.1     2.00000    -4.89590     1  1  d1+  0.72121    1  1  d1-  0.69238
   12.1     2.00000    -2.83474     1  2  s    0.96429
   13.1     2.00000    -2.10483     1  2  pz   0.56457    2  2  s    0.44689    3  2  s   -0.44689
   14.1     2.00000    -1.79182     1  2  s   -0.25561    2  2  s    0.68105    3  2  s    0.68105
   15.1     2.00000    -1.74290     1  2  px  -0.56179    1  2  py   0.79785
   16.1     2.00000    -1.74290     1  2  px   0.79785    1  2  py   0.56179
   17.1     2.00000    -1.43486     1  2  pz   0.69569    2  2  s   -0.52493    3  2  s    0.52493
   18.1     2.00000    -1.08188     1  2  d1+  0.26862    2  1  px   0.46626    2  1  py  -0.33946    3  1  px  -0.46626
                                    3  1  py   0.33946
   19.1     2.00000    -1.08188     1  2  d1-  0.26862    2  1  px   0.33946    2  1  py   0.46626    3  1  px  -0.33946
                                    3  1  py  -0.46626
   20.1     2.00000    -1.05114     1  2  d0  -0.40589    2  1  pz   0.62909    3  1  pz  -0.62909
   21.1     2.00000    -1.04823     1  1  f1+  0.40158    2  1  px   0.55774    3  1  px   0.55774
   22.1     2.00000    -1.04823     1  1  f1-  0.40158    2  1  py   0.55774    3  1  py   0.55774
   23.1     2.00000    -1.04601     1  2  pz  -0.35641    1  1  f0   0.74382    2  1  pz  -0.43375    3  1  pz  -0.43375
   24.1     0.00000    -0.41931     1  3  s    0.88711    1  2  d0  -0.35282
   25.1     0.00000    -0.41221     1  2  d2-  0.99901
   26.1     0.00000    -0.41221     1  2  d2+  0.99901


 HOMO     23.1    -1.046006 =     -28.4633eV
 LUMO     24.1    -0.419308 =     -11.4100eV
 LUMO-HOMO         0.626698 =      17.0533eV

 Orbitals saved in record  2100.2


 **********************************************************************************************************************************
 DATASETS  * FILE   NREC   LENGTH (MB)   RECORD NAMES
              1      19       30.01       500      610      700      900      950      970     1000      129      960     1100   
                                          VAR    BASINP    GEOM    SYMINP    ZMAT    AOBASIS   BASIS     P2S    ABASIS      S 
                                         1400     1410     1420     1200     1210     1080     1700     1600     1650   
                                           T        V       ECP      H0       H01     AOSYM    OPER      SMH    MOLCAS    

              2       4        0.71       700     1000      520     2100   
                                         GEOM     BASIS   MCVARS     RHF  

 PROGRAMS   *        TOTAL    HF-SCF       INT
 CPU TIMES  *        10.72      1.16      7.43
 REAL TIME  *        13.79 SEC
 DISK USED  *        32.02 MB (local),      717.25 MB (total)
 GA USED    *         0.00 MB       (max)       0.00 MB       (current)
 **********************************************************************************************************************************


 PROGRAM * Intrinsic Basis Bonding Analysis (IBBA)          Author: G. Knizia

 Molecular orbitals read from record     2100.2  Type=RHF/CANONICAL  
 Fock matrix read from record            2100.2  Type=RHF/TOTAL  
 Orbital energies read from record       2100.2  Type=RHF/CANONICAL  
 Density matrix read from record         2100.2  Type=RHF/CHARGE  

 Number of core orbitals:          11 (  11 )
 Number of closed-shell orbitals:  12 (  12 )

 Core orbitals are localized


 Generating basis MINAO-AUTO-PP
  Atom=U        basis=cc-pVDZ-PP
  Atom=O        basis=MINAO
 Number of basis functions:      71


 Polarized AO type:                A = (O Ot + (1-O)(1-Ot)) P12
 Orthogonalization method:         Symmetric (Loewdin)
 Localization functional:          L = sum[A,i] <i|n_A|i>^4 -> max

 Localization group 1:  23 orbitals, occupancy  2.000
 Iterative localization: IB/PM,    8 iter; Final gradient 0.19E-09

 Total charge composition:

   CEN ATOM         s          p          d          f       ELECTRONS ->P.CHARGE
     1   U       4.11481   11.96359   11.96712    2.97618     31.02171    0.97829
     2   O       3.43589    4.05325                            7.48915    0.51085
     3   O       3.43589    4.05325                            7.48915    0.51085

 Total charge composition, AO contributions:

   CEN ATOM SHL      SPHERICAL COMPONENTS
     1   U  1s       1.98339
     1   U  2s       1.76167
     1   U  3s       0.21668
     1   U  4s       0.03678
     1   U  5s       0.11629
     1   U  2p       1.99886    1.99886    1.99171
     1   U  3p       1.92689    1.92689    1.56574
     1   U  4p       0.01211    0.01211    0.06583
     1   U  5p       0.05456    0.05456    0.27105
     1   U  6p       0.02582    0.02582    0.03277
     1   U  3d       1.99440    1.99910    1.99864    1.99910    1.99864
     1   U  4d       0.57953    0.00026    0.50488    0.00026    0.50488
     1   U  5d       0.24999    0.00009    0.00268    0.00009    0.00268
     1   U  6d       0.05575    0.00055    0.03753    0.00055    0.03753
     1   U  4f       0.50665    0.50665    1.37671    0.00000    0.00000    0.00000    0.00000
     1   U  5f       0.08784    0.08784    0.11089    0.00000    0.00000    0.00000    0.00000
     1   U  6f       0.08910    0.08910    0.12140    0.00000    0.00000    0.00000    0.00000

     2   O  1s       1.98557
     2   O  2s       1.45033
     2   O  2p       1.37722    1.37722    1.29881

     3   O  1s       1.98557
     3   O  2s       1.45033
     3   O  2p       1.37722    1.37722    1.29881

 Summary of localized orbital composition:   [THRPRINT= 0.020]

   ORB  GRP  ORB.ENERGY      CENTERS/CHARGES
     1   1   -20.585440      O  2   1.999
     2   1   -20.585440      O  3   1.999
     3   1    -9.710693      U  1   2.000
     4   1    -9.398818      U  1   2.000
     5   1    -9.398762      U  1   2.000
     6   1    -9.349201      U  1   2.000
     7   1    -8.156130      U  1   2.000
     8   1    -4.897891      U  1   2.000
     9   1    -4.897891      U  1   2.000
    10   1    -4.893390      U  1   2.000
    11   1    -4.893390      U  1   2.000
    12   1    -3.015657      U  1   2.000
    13   1    -1.861399      O  3   1.552   U  1   0.445
    14   1    -1.861399      O  2   1.552   U  1   0.445
    15   1    -1.822387      O  2   1.173   U  1   0.820
    16   1    -1.822387      O  3   1.173   U  1   0.820
    17   1    -1.735867      U  1   2.000
    18   1    -1.735811      U  1   2.000
    19   1    -1.375129      U  1   2.000
    20   1    -1.085590      O  2   1.376   U  1   0.623
    21   1    -1.085590      O  2   1.376   U  1   0.623
    22   1    -1.085590      O  3   1.376   U  1   0.623
    23   1    -1.085590      O  3   1.376   U  1   0.623

  Orbital  Occupation    Energy    Cen Mu Typ  Coefficients
    1.1     2.00000   -20.58544     2  1  s    0.98793
    2.1     2.00000   -20.58544     3  1  s    0.98793
    3.1     2.00000    -9.71069     1  1  s    0.75226    1  1  d0  -0.65853
    4.1     2.00000    -9.39882     1  1  px   0.99753
    5.1     2.00000    -9.39876     1  1  py   0.99753
    6.1     2.00000    -9.34920     1  1  pz   0.99877
    7.1     2.00000    -8.15613     1  1  s    0.63564    1  2  s   -0.27530    1  1  d0   0.72064
    8.1     2.00000    -4.89789     1  1  d2+  0.99331
    9.1     2.00000    -4.89789     1  1  d2-  0.99331
   10.1     2.00000    -4.89339     1  1  d1+ -0.69269    1  1  d1-  0.72154
   11.1     2.00000    -4.89339     1  1  d1+  0.72154    1  1  d1-  0.69269
   12.1     2.00000    -3.01566     1  2  s    0.95800
   13.1     2.00000    -1.86140     3  2  s    0.80870    3  1  pz  -0.49564
   14.1     2.00000    -1.86140     2  2  s    0.80870    2  1  pz   0.49564
   15.1     2.00000    -1.82239     1  2  d0  -0.28474    1  1  f0  -0.33146    2  2  s   -0.50872    2  1  pz   0.62612
   16.1     2.00000    -1.82239     1  2  d0   0.28474    1  1  f0  -0.33146    3  2  s    0.50872    3  1  pz   0.62612
   17.1     2.00000    -1.73587     1  2  px  -0.57397    1  2  py   0.81407
   18.1     2.00000    -1.73581     1  2  px   0.81408    1  2  py   0.57397
   19.1     2.00000    -1.37513     1  2  pz   0.89246    1  1  f0  -0.57084
   20.1     2.00000    -1.08559     1  1  f1-  0.27511    2  1  py   0.79410
   21.1     2.00000    -1.08559     1  1  f1+  0.27511    2  1  px   0.79410
   22.1     2.00000    -1.08559     1  1  f1+  0.26724    3  1  px   0.77139    3  1  py  -0.27110
   23.1     2.00000    -1.08559     1  1  f1-  0.26724    3  1  px   0.27110    3  1  py   0.77139

 Localized orbitals saved to record      2100.2  (orbital set 2)

 Dump information in style XML to xml output                                                                      



 **********************************************************************************************************************************
 DATASETS  * FILE   NREC   LENGTH (MB)   RECORD NAMES
              1      19       30.01       500      610      700      900      950      970     1000      129      960     1100   
                                          VAR    BASINP    GEOM    SYMINP    ZMAT    AOBASIS   BASIS     P2S    ABASIS      S 
                                         1400     1410     1420     1200     1210     1080     1700     1600     1650   
                                           T        V       ECP      H0       H01     AOSYM    OPER      SMH    MOLCAS    

              2       4        0.85       700     1000      520     2100   
                                         GEOM     BASIS   MCVARS     RHF  

 PROGRAMS   *        TOTAL       IBO    HF-SCF       INT
 CPU TIMES  *        12.53      1.47      1.16      7.43
 REAL TIME  *        16.25 SEC
 DISK USED  *        32.02 MB (local),      717.25 MB (total)
 GA USED    *         0.00 MB       (max)       0.00 MB       (current)
 **********************************************************************************************************************************

          HF-SCF
   -622.06992672
 **********************************************************************************************************************************
 Molpro calculation terminated
