
 Working directory              : /tmp/charlie/molpro.Xf6h7V3rBM/
 Global scratch directory       : /tmp/charlie/molpro.Xf6h7V3rBM/
 Wavefunction directory         : /home/charlie/wfu/
 Main file repository           : /tmp/charlie/molpro.Xf6h7V3rBM/

 id        : dap

 Nodes     nprocs
 charliebox   19
 Distribution of processes:   nprocs(total)=   20   nprocs(compute)=   19   nprocs(helper)=    1
 GA implementation: MPI file
 GA implementation (serial work in mppx): MPI file

 Using customized tuning parameters: mindgm=1; mindgv=20; mindgc=4; mindgr=1; noblas=0; minvec=7
 default implementation of scratch files=sf  


 Variables initialized (1059), CPU time= 0.00 sec
  ***,  ground state
  print,orbitals
  memory,1000,m
 symmetry,nosym
   geometry={ang
 U 0.000 0.000 0.
 O 0. 0. 1.697839
 O 0. 0. -1.697839
 }
 
 set,charge=2
 basis={
                                                                                 !  (14s)/[6s] for U  ECP60MDF, Ref 50.
 s,U,29520.8340,4449.8874,1018.7754,289.5348,46.9990,33.5707,23.9791,10.1441,2.7658,1.4570,0.6151,0.2780,0.0570,0.0233;
 C,1.14,0.000044,0.000320,0.001395,0.002814,0.096435,-0.487967,0.807508,-1.127504,1.060527,0.400292,0.016450,-0.000219,-0.000042,-0.000176;
 C,1.14,-0.000033,-0.000252,-0.001015,-0.002415,-0.039561,0.218831,-0.397990,0.664738,-1.013418,-0.393365,0.904344,0.518022,0.073065,0.029494;
 C,1.14,0.000014,0.000103,0.000411,0.001004,0.014267,-0.081043,0.150715,-0.259766,0.420775,0.189368,-0.540005,-0.412368,0.784983,0.424189;
 C,1.14,-0.000040,-0.000298,-0.001259,-0.002775,-0.050598,0.253466,-0.440238,0.745253,-1.600118,0.109425,2.867628,-2.240568,-0.564799,1.005222;
 C,1.14,-0.000052,-0.000339,-0.001749,-0.002574,-0.114002,0.460601,-0.667382,0.973604,-2.866306,2.637145,0.781971,-2.330988,2.737967,-1.958184;
 C,1.14,-0.000106,-0.000790,-0.003263,-0.007528,-0.096221,0.485331,-0.882533,1.727216,-7.334892,11.247552,-9.107755,4.807540,-1.837764,0.966838;
 p,U,499.7488,114.0192,21.9088,15.6492,11.1780,7.9843,3.1325,1.6077,0.7061,0.3229,0.1329,0.0800,0.0271;
 C,1.13,0.000219,0.001190,-0.042782,0.324353,-0.511529,-0.071299,0.704008,0.465061,0.054229,-0.001819,0.002302,-0.001129,0.000143;
 C,1.13,-0.000127,-0.000643,0.018120,-0.166453,0.306811,-0.014845,-0.476924,-0.276612,0.480908,0.615543,0.158324,-0.005358,0.003348;
 C,1.13,0.000103,0.000473,-0.011387,0.121930,-0.234776,0.011640,0.408928,0.240978,-0.888499,-0.081066,0.350416,0.613368,0.144497;
 C,1.13,-0.000219,-0.000353,-0.018092,-0.055835,0.157684,0.140305,-0.907514,0.013107,1.811441,-1.372113,-1.074410,1.296881,0.249768;
 C,1.13,-0.000595,0.001246,-0.195716,0.559357,-0.775626,0.968111,-2.680683,2.940086,-0.333255,-2.202343,3.526594,-1.910003,-0.256716;
 C,1.13,0.000338,0.002000,-0.062289,0.603816,-1.392522,0.608885,2.933431,-5.469685,5.883058,-4.876290,3.141966,-0.903616,-0.504585;
 d,U,258.1524,75.1703,20.7869,7.6295,5.5167,2.6058,1.2781,0.5617,0.2135,0.0719;
 C,1.10,0.000136,0.001076,0.012136,-0.229921,0.278231,0.551975,0.377844,0.074069,0.000082,0.000484;
 C,1.10,-0.000042,-0.000450,-0.003939,0.084412,-0.113456,-0.213270,-0.100722,0.321783,0.561639,0.344991;
 C,1.10,-0.000027,-0.001045,-0.004760,0.128096,-0.162964,-0.463388,-0.054235,1.072575,-0.281443,-0.608317;
 C,1.10,-0.000293,0.003467,-0.009267,-0.010746,-0.060234,1.266130,-1.508105,0.062980,1.054738,-0.898798;
 C,1.10,-0.000057,-0.001967,-0.010974,0.427668,-0.708332,-1.037124,2.617986,-2.545826,1.686553,-0.787351;
 f,U,59.3666,20.3890,8.1761,3.5111,1.6789,0.7604,0.3170,0.1149;
 C,1.8,0.001424,0.011120,0.041970,0.207732,0.370755,0.373775,0.252996,0.097955;
 C,1.8,-0.001690,-0.011132,-0.050308,-0.221735,-0.378340,-0.013232,0.525098,0.473370;
 C,1.8,-0.002261,-0.018893,-0.067853,-0.414443,-0.431246,1.002423,-0.036904,-0.612297;
 C,1.8,-0.000347,0.030982,-0.008213,0.721303,-0.469218,-0.747053,1.376481,-0.944182;
 g,U,59.3666,20.3890,8.1761,3.5111,1.6789,0.7604;
 C,1.6,0.001014,0.011848,0.039302,0.124196,0.233870,0.684875;
 C,1.6,0.003561,0.028234,0.137274,0.304284,0.787343,-0.903712;
 C,1.6,-0.000733,-0.075550,-0.064958,-1.260170,1.661908,-0.787501;
 
                                                                                 ! References:
                                                                        ! [50] M. Dolg, X. Cao, J. Phys. Chem. A 113, 12573 (2009).
                                                                                 ! OXYGEN       (9s,4p,1d) -&gt; [3s,2p,1d]
                                                                                 ! OXYGEN       (9s,4p,1d) -&gt; [3s,2p,1d]
 s, O , 11720.0000000, 1759.0000000, 400.8000000, 113.7000000, 37.0300000, 13.2700000, 5.0250000, 1.0130000, 0.3023000
 c, 1.9, 0.0009775, 0.0058106, 0.0283649, 0.1054311, 0.2834470, 0.4482844, 0.2702944, 0.0154031, -0.0025739
 c, 1.9, -0.0002206, -0.0013435, -0.0064010, -0.0259275, -0.0711286, -0.1656153, -0.1160807, 0.5585241, 0.5713981
 c, 9.9, 1.0000000
 p, O , 17.7000000, 3.8540000, 1.0460000, 0.2753000
 c, 1.4, 0.0431553, 0.2289863, 0.5086083, 0.4605682
 c, 4.4, 1.0000000
 d, O , 1.1850000
 c, 1.1, 1.0000000
                                                                                 ! ELEMENTS                      REFERENCES
                                                                                 !
 
                                                                                 !  Q=32., MEFIT, MCDHF/DC+B, SO potential, Ref 50.
 ECP,U,60,5,3;
 1; 2,1.00000000,0.00000000;
 4; 2,16.91870874,529.53526911; 2,3.40970576,4.27018845; 2,0.79302733,0.09998874; 2,0.19378381,0.00626781;
 8; 2,13.16953414,100.93359134; 2,10.60784728,175.95423897; 2,2.69049397,-0.00210787; 2,2.08929800,-0.19041648; 2,0.54050990,0.00494627; 2,0.40482776,-0.01652483; 2,0.11250285,0.00082033; 2,0.09508873,-0.00100028;
 8; 2,9.06784123,62.85927902; 2,8.53362678,90.20882494; 2,1.63646790,-0.08282418; 2,1.54425719,-0.15307917; 2,0.47961552,-0.00008720; 2,0.41164502,0.00484078; 2,0.13990510,-0.00006136; 2,0.17494682,-0.00240839;
 8; 2,5.14746012,15.68628229; 2,5.29241394,22.32105345; 2,1.05726701,-0.20689333; 2,0.98063114,-0.08434451; 2,0.48259555,0.06084446; 2,0.55434882,0.00231264; 2,0.23674544,-0.00204069; 2,0.21559852,0.00348388;
 6; 2,18.83643086,-44.41029420; 2,18.74850924,-53.65339478; 2,6.49279545,-2.55219343; 2,6.57472519,-3.34380088; 2,2.58151924,0.04527524; 2,2.58690949,0.05637947;
 8; 2,13.16953414,-201.86718267; 2,10.60784728,175.95423897; 2,2.69049397,0.00421574; 2,2.08929800,-0.19041648; 2,0.54050990,-0.00989253; 2,0.40482776,-0.01652483; 2,0.11250285,-0.00164066; 2,0.09508873,-0.00100028;
 8; 2,9.06784123,-62.85927902; 2,8.53362678,60.13921663; 2,1.63646790,0.08282418; 2,1.54425719,-0.10205278; 2,0.47961552,0.00008720; 2,0.41164502,0.00322718; 2,0.13990510,0.00006136; 2,0.17494682,-0.00160559;
 8; 2,5.14746012,-10.45752153; 2,5.29241394,11.16052672; 2,1.05726701,0.13792889; 2,0.98063114,-0.04217226; 2,0.48259555,-0.04056298; 2,0.55434882,0.00115632; 2,0.23674544,0.00136046; 2,0.21559852,0.00174194;
 
                                                                                 ! References:
                                                                        ! [50] M. Dolg, X. Cao, J. Phys. Chem. A 113, 12573 (2009).
 
 }
 
 {ks,b3lyp;wf,,1,0;orbprint,3}
 
 
 Commands initialized (838), CPU time= 0.01 sec, 726 directives.
 Default parameters read. Elapsed time= 0.09 sec

 Checking input...
 Passed
1


                                         ***  PROGRAM SYSTEM MOLPRO  ***
                                       Copyright, TTI GmbH Stuttgart, 2015
                                  Version 2025.2 linked Wed May 14 02:42:57 2025


 **********************************************************************************************************************************
 LABEL *                                                                                                                                                                 
                                                                                         DATE: 03-Dec-25          TIME: 22:28:22  
 **********************************************************************************************************************************

 SHA1:             57ceb174f4fe6691bc75d8fe641d0297fc3c2b28
 **********************************************************************************************************************************

 Memory per process:      1000 MW
 Total memory per node:  19000 MW

 GA preallocation disabled
 GA check disabled

 Variable memory set to 1000.0 MW



 ZSYMEL=NOSYM


 Geometry recognized as XYZ

 CHARGE          =       2.00000000                                  
 SETTING BASIS          =    USERDEF


 Recomputing integrals since basis changed


 Using spherical harmonics



 PROGRAM * SEWARD (Integral evaluation for generally contracted gaussian basis sets)     Author: Roland Lindh, 1990

 Geometry written to block  1 of record 700


 Point group  C1  



 ATOMIC COORDINATES

 NR  ATOM    CHARGE       X              Y              Z

   1  U      32.00    0.000000000    0.000000000    0.000000000
   2  O       8.00    0.000000000    0.000000000    3.208450714
   3  O       8.00    0.000000000    0.000000000   -3.208450714

 Bond lengths in Bohr (Angstrom)

 1-2  3.208450714  1-3  3.208450714
     ( 1.697839000)     ( 1.697839000)

 Bond angles

  2-1-3  180.00000000

 NUCLEAR CHARGE:                   48
 NUMBER OF PRIMITIVE AOS:         337
 NUMBER OF SYMMETRY AOS:          265
 NUMBER OF CONTRACTIONS:          132   (  132A   )
 NUMBER OF INNER CORE ORBITALS:     0   (    0A   )
 NUMBER OF OUTER CORE ORBITALS:    11   (   11A   )
 NUMBER OF VALENCE ORBITALS:       25   (   25A   )


 LX: A            LY: A            LZ: A  


 NUCLEAR REPULSION ENERGY 169.55223830

 EXTRA SYMMETRY OF AOS IN SYMMETRY 1:   1 1 1 1 1 1 2 3 1 2   3 1 2 3 1 2 3 1 2 3   1 2 3 1 1 4 2 5 3 1   4 2 5 3 1 4 2 5 3 1
                                        4 2 5 3 1 4 2 5 3 2   3 1 6 4 7 5 2 3 1 6   4 7 5 2 3 1 6 4 7 5   2 3 1 6 4 7 5 1 4 2
                                        8 3 5 91011 1 4 2 8   3 5 91011 1 4 2 8 3   5 91011 1 1 1 2 3 1   2 3 1 1 4 2 5 3 1 1
                                        1 2 3 1 2 3 1 1 4 2   5 3


 Eigenvalues of metric

         1 0.408E-02 0.777E-02 0.496E-01 0.623E-01 0.623E-01 0.629E-01 0.845E-01 0.117E+00


 Contracted 2-electron integrals neglected if value below      1.0D-11
 AO integral compression algorithm  1   Integral accuracy      1.0D-11

     46.924 MB (compressed) written to integral file ( 13.7%)

     Node minimum: 1.311 MB, node maximum: 3.932 MB


 NUMBER OF SORTED TWO-ELECTRON INTEGRALS:    2032107.     BUFFER LENGTH:  32768
 NUMBER OF SEGMENTS:   1  SEGMENT LENGTH:    2032107      RECORD LENGTH: 524288

 Memory used in sort:       2.59 MW

 SORT1 READ    44126050. AND WROTE      314039. INTEGRALS IN      1 RECORDS. CPU TIME:     2.47 SEC, REAL TIME:     2.51 SEC
 SORT2 READ     5982281. AND WROTE    38531031. INTEGRALS IN    114 RECORDS. CPU TIME:     0.02 SEC, REAL TIME:     0.03 SEC

 Node minimum:     2023791.  Node maximum:     2032107. integrals

 OPERATOR DM      FOR CENTER  0  COORDINATES:    0.000000    0.000000    0.000000


 **********************************************************************************************************************************
 DATASETS  * FILE   NREC   LENGTH (MB)   RECORD NAMES
              1      19       30.01       500      610      700      900      950      970     1000      129      960     1100   
                                          VAR    BASINP    GEOM    SYMINP    ZMAT    AOBASIS   BASIS     P2S    ABASIS      S 
                                         1400     1410     1420     1200     1210     1080     1700     1600     1650   
                                           T        V       ECP      H0       H01     AOSYM    OPER      SMH    MOLCAS    

 PROGRAMS   *        TOTAL       INT
 CPU TIMES  *         5.99      5.85
 REAL TIME  *         7.25 SEC
 DISK USED  *        30.41 MB (local),      686.72 MB (total)
 GA USED    *         0.00 MB       (max)       0.00 MB       (current)
 **********************************************************************************************************************************


 Program * Restricted Kohn-Sham

 Density functional group B3LYP=B88+DIRAC+LYP+VWN5
 Functional: B88(Automatically generated (new) B88)                            Gradient terms: 1   Type: GGA     
 Functional: DIRAC(Automatically generated (new) DIRAC)                        Gradient terms: 0   Type: LDA     
 Functional: LYP(Automatically generated (new) LYP)                            Gradient terms: 1   Type: GGA     
 Functional: VWN5(Automatically generated (new) VWN5)                          Gradient terms: 0   Type: LDA     

 Exact exchange will be calculated, factor:  0.2000
 Functional: B88                    Factor:  0.7200
 Functional: DIRAC                  Factor:  0.0800
 Functional: LYP                    Factor:  0.8100
 Functional: VWN5                   Factor:  0.1900


 Grid parameters:  
 Global grid threshold:     1.0D-06
 Weight_cut:                1.0D-20
 Fac_neighbour:               4.0
 Size_adjustment:           TREUTLER
 Grid orientation:             2  min(wdiff)= 0.000E+00  Warning! Matrix for grid orientation has degenerate eigenvalues!
 Pruning method:               4
 Pruning function:             0

 Angular quadrature scheme: LEBEDEV,   Threshold: 1.0D-07, Crowding factor: 0.00, Minimum L: 0 0 0 0, Maximum L: 59 59 59 59
 Radial quadrature scheme:  LOG,       Threshold: 5.0E-07, mr: 3, Scale:    1.00, Minimum quadrature orders:     20 25 25 30
 Voronoi_scheme:            MURRAY,    Quadrature type: 1, Partitioning mmu: 10, Weight flags: 2, Use symmetry=F

 Generated new metagrid with target accuracy 1.0D-06 and 24956 points in CPU time    0.1
 Computed new grid on record 1800.1 in CPU time    0.4
 Grid points discarded due to weight cutoff:      62

 DFT orbital screening threshold (tolorb):   1.0D-07

 Orbital guess generated from atomic densities.

 Initial occupancy:  23

 NELEC=   46   SYM=1   MS2= 0   THRE=1.0D-07   THRD=1.0D-05   THRG=1.0D-05  HFMA2=F  DIIS_START=2   DIIS_MAX=10   DIIS_INCORE=F

 Level shifts:    0.00 (CLOSED)    0.00 (OPEN)    0.30 (GAP_MIN)

 ITER           ETOT              DE          GRAD        DDIFF     DIIS  NEXP   TIME(IT)  TIME(TOT)  DIAG
   1     -623.47786932    -623.47786932     0.00D+00     0.11D+00     0     0       0.03      0.71    start
   2     -586.02631963      37.45154969     0.23D-01     0.76D-01     1     0       0.72      1.43    diag
   3     -596.81283600     -10.78651637     0.15D+00     0.13D-01     2     0       0.86      2.29    diag
   4     -603.62470465      -6.81186865     0.12D+00     0.11D-01     3     0       1.00      3.29    diag
   5     -608.34658566      -4.72188101     0.11D+00     0.11D-01     4     0       1.24      4.53    diag
   6     -611.89800132      -3.55141566     0.94D-01     0.28D-01     5     0       0.96      5.49    diag
   7     -624.33844208     -12.44044076     0.82D-01     0.50D-01     6     0       0.06      5.55    diag
   8     -624.39898449      -0.06054241     0.42D-02     0.81D-02     7     0       1.05      6.60    fixocc
   9     -624.40542770      -0.00644321     0.25D-02     0.25D-02     8     0       0.03      6.63    diag
  10     -624.40643751      -0.00100982     0.91D-03     0.67D-03     9     0       0.03      6.66    diag/orth
  11     -624.40693332      -0.00049581     0.64D-03     0.23D-03     9     0       0.03      6.69    diag
  12     -624.40706630      -0.00013298     0.30D-03     0.13D-03     9     0       0.03      6.72    diag
  13     -624.40708379      -0.00001749     0.11D-03     0.60D-04     9     0       1.24      7.96    diag
  14     -624.40708478      -0.00000098     0.25D-04     0.15D-04     9     0       0.02      7.98    diag
  15     -624.40708478      -0.00000000     0.12D-05     0.16D-05     9     0       0.03      8.01    diag
  16     -624.40708478       0.00000000     0.13D-06     0.38D-06     0     0       1.19      9.20    diag

 Final occupancy:  23

 !RKS STATE 1.1 Energy               -624.407084779263
  RKS One-electron energy           -1333.320609302997
  RKS Two-electron energy             576.035842577967
  RKS Kinetic energy                  298.466985989281
  RKS Nuclear energy                  169.552238304829
  RKS Virial quotient                  -2.092047409229
 SCF exchange energy                  -42.86049663   Factor= 0.2000
 Density functional                   -36.67455636     B88=-43.45730594 DIRAC=-40.61486131 LYP= -1.86218823 VWN5= -3.30386689

 !RKS STATE 1.1 Dipole moment           0.00000000     0.00000000    -0.00000000
 Dipole moment /Debye                   0.00000000     0.00000000    -0.00000000

 ELECTRON ORBITALS
 =================

  Orbital  Occupation    Energy    Cen Mu Typ  Coefficients
    1.1     2.00000   -19.67809     2  1  s    0.70938    3  1  s    0.70938
    2.1     2.00000   -19.67807     2  1  s    0.70995    3  1  s   -0.70995
    3.1     2.00000   -12.27117     1  1  s    1.00047
    4.1     2.00000    -8.54273     1  1  py   0.99996
    5.1     2.00000    -8.54273     1  1  px   0.99996
    6.1     2.00000    -8.48753     1  1  pz   1.00001
    7.1     2.00000    -4.40558     1  1  d2-  0.99993
    8.1     2.00000    -4.40557     1  1  d2+  0.99993
    9.1     2.00000    -4.37732     1  1  d1-  0.99987
   10.1     2.00000    -4.37732     1  1  d1+  0.99987
   11.1     2.00000    -4.36513     1  1  d0   0.99925
   12.1     2.00000    -2.44439     1  2  s    0.96823
   13.1     2.00000    -1.74667     1  2  pz   0.60321    2  2  s    0.41691    3  2  s   -0.41691
   14.1     2.00000    -1.50058     1  2  py   0.98288
   15.1     2.00000    -1.50058     1  2  px   0.98288
   16.1     2.00000    -1.46313     2  2  s    0.69210    3  2  s    0.69210
   17.1     2.00000    -1.18998     1  2  pz   0.67763    2  2  s   -0.56555    3  2  s    0.56555
   18.1     2.00000    -0.91264     1  2  d1-  0.34662    2  1  py   0.59576    3  1  py  -0.59576
   19.1     2.00000    -0.91264     1  2  d1+  0.34662    2  1  px   0.59576    3  1  px  -0.59576
   20.1     2.00000    -0.89831     1  1  f1-  0.50413    2  1  py   0.56642    3  1  py   0.56642
   21.1     2.00000    -0.89831     1  1  f1+  0.50413    2  1  px   0.56642    3  1  px   0.56642
   22.1     2.00000    -0.88314     1  2  d0  -0.36814    2  1  pz   0.65984    3  1  pz  -0.65984
   23.1     2.00000    -0.86175     1  2  pz  -0.38712    1  1  f0   0.72160    2  1  pz  -0.45906    3  1  pz  -0.45906
   24.1     0.00000    -0.66272     1  1  f3+  0.99785
   25.1     0.00000    -0.66272     1  1  f3-  0.99785
   26.1     0.00000    -0.64901     1  1  f2-  0.99803


 HOMO     23.1    -0.861752 =     -23.4495eV
 LUMO     24.1    -0.662724 =     -18.0336eV
 LUMO-HOMO         0.199029 =       5.4158eV

 Orbitals saved in record  2100.2


 **********************************************************************************************************************************
 DATASETS  * FILE   NREC   LENGTH (MB)   RECORD NAMES
              1      20       30.01       500      610      700      900      950      970     1000      129      960     1100   
                                          VAR    BASINP    GEOM    SYMINP    ZMAT    AOBASIS   BASIS     P2S    ABASIS      S 
                                         1400     1410     1420     1200     1210     1080     1700     1600     1650     1800   
                                           T        V       ECP      H0       H01     AOSYM    OPER      SMH    MOLCAS    GRID   

              2       4        0.71       700     1000      520     2100   
                                         GEOM     BASIS   MCVARS     RKS  

 PROGRAMS   *        TOTAL    KS-SCF       INT
 CPU TIMES  *        16.03      9.92      5.85
 REAL TIME  *        20.31 SEC
 DISK USED  *        32.02 MB (local),      717.25 MB (total)
 GA USED    *         0.00 MB       (max)       0.00 MB       (current)
 **********************************************************************************************************************************

 B3LYP/USERDEF energy=   -624.407084779263

          KS-SCF
   -624.40708478
 **********************************************************************************************************************************
 Molpro calculation terminated
