
 Working directory              : /tmp/charlie/molpro.2Zxka0ENof/
 Global scratch directory       : /tmp/charlie/molpro.2Zxka0ENof/
 Wavefunction directory         : /home/charlie/wfu/
 Main file repository           : /tmp/charlie/molpro.2Zxka0ENof/

 id        : dap

 Nodes     nprocs
 charliebox   19
 Distribution of processes:   nprocs(total)=   20   nprocs(compute)=   19   nprocs(helper)=    1
 GA implementation: MPI file
 GA implementation (serial work in mppx): MPI file

 Using customized tuning parameters: mindgm=1; mindgv=20; mindgc=4; mindgr=1; noblas=0; minvec=7
 default implementation of scratch files=sf  


 Variables initialized (1059), CPU time= 0.01 sec
  ***,  ground state
  print,orbitals
  memory,1000,m
 symmetry,nosym
   geometry={ang
 Zn
  }
 
 basis={
                                                                                 !
                                                                                 ! ZINC       (8s,7p,6d) -&gt; [6s,5p,3d]
                                                                                 ! ZINC       (8s,7p,6d) -&gt; [6s,5p,3d]
 s, ZN , 30.3241270, 16.3166820, 11.4081480, 2.5694920, 1.0625950, 0.1515530, 0.0527470, 0.0100000
                                                                                 !c, 1.3, 0.2191430, -0.2325560, -0.9546850
                                                                                 !c, 4.4, 1.0000000
                                                                                 !c, 5.5, 1.0000000
                                                                                 !c, 6.6, 1.0000000
                                                                                 !c, 7.7, 1.0000000
                                                                                 !c, 8.8, 1.0000000
 p, ZN , 111.8249800, 19.1319100, 5.4688380, 2.5056750, 0.9418680, 0.1711310, 0.0499860
                                                                                 !c, 1.2, 0.0232770, -1.0095390
                                                                                 !c, 3.4, 0.3201510, 0.7180850
                                                                                 !c, 5.5, 1.0000000
                                                                                 !c, 6.6, 1.0000000
                                                                                 !c, 7.7, 1.0000000
 d, ZN , 44.6456290, 13.4383770, 4.6820000, 1.6032110, 0.4827660, 0.1100000
                                                                                !c, 1.4, 0.0472490, 0.2189260, 0.4525120, 0.5185760
                                                                                 !c, 5.5, 1.0000000
                                                                                 !c, 6.6, 1.0000000
 
                                                                                 ! ELEMENTS                      REFERENCES
                                                                                 !
 
 
 
                                                                                 ! Effective core Potentials
 ECP, zn, 10, 3 ;
 1;                                                                              !  f-ul potential
 2,1.000000000,0.000000000;
 2;                                                                              !  s-ul potential
 2,34.150000000,399.987282000;
 2,14.590000000,85.485655000;
 2;                                                                              !  p-ul potential
 2,39.780000000,277.148960000;
 2,14.950000000,69.052205000;
 2;                                                                              !  d-ul potential
 2,43.800000000,-34.149349000;
 2,14.980000000,-3.291831000;
 }
 
   {hf;wf,,1,0;orbprint,6}
 
 
 
 
 Commands initialized (838), CPU time= 0.00 sec, 726 directives.
 Default parameters read. Elapsed time= 0.09 sec

 Checking input...
 Passed
1


                                         ***  PROGRAM SYSTEM MOLPRO  ***
                                       Copyright, TTI GmbH Stuttgart, 2015
                                  Version 2025.2 linked Wed May 14 02:42:57 2025


 **********************************************************************************************************************************
 LABEL *                                                                                                                                                                 
                                                                                         DATE: 03-Dec-25          TIME: 22:53:11  
 **********************************************************************************************************************************

 SHA1:             57ceb174f4fe6691bc75d8fe641d0297fc3c2b28
 **********************************************************************************************************************************

 Memory per process:      1000 MW
 Total memory per node:  19000 MW

 GA preallocation disabled
 GA check disabled

 Variable memory set to 1000.0 MW



 ZSYMEL=NOSYM

 SETTING BASIS          =    USERDEF


 Recomputing integrals since basis changed


 Using spherical harmonics



 PROGRAM * SEWARD (Integral evaluation for generally contracted gaussian basis sets)     Author: Roland Lindh, 1990

 Geometry written to block  1 of record 700

 Orientation using atomic masses  
 Molecule type: Atom
 Rotational constants:       0.0000000      0.0000000      0.0000000 GHz  (calculated with average atomic masses)

 Point group  C1  



 ATOMIC COORDINATES

 NR  ATOM    CHARGE       X              Y              Z

   1  ZN     20.00    0.000000000    0.000000000    0.000000000

 NUCLEAR CHARGE:                   20
 NUMBER OF PRIMITIVE AOS:          65
 NUMBER OF SYMMETRY AOS:           59
 NUMBER OF CONTRACTIONS:           59   (   59A   )
 NUMBER OF INNER CORE ORBITALS:     0   (    0A   )
 NUMBER OF OUTER CORE ORBITALS:     4   (    4A   )
 NUMBER OF VALENCE ORBITALS:        6   (    6A   )


 NUCLEAR REPULSION ENERGY .00000000

 EXTRA SYMMETRY OF AOS IN SYMMETRY 1:   1 1 1 1 1 1 1 1 2 3   4 2 3 4 2 3 4 2 3 4   2 3 4 2 3 4 2 3 4 5   6 7 8 9 5 6 7 8 9 5
                                        6 7 8 9 5 6 7 8 9 5   6 7 8 9 5 6 7 8 9

 Eigenvalues of metric

         1 0.142E-02 0.355E-01 0.388E-01 0.388E-01 0.388E-01 0.881E-01 0.126E+00 0.126E+00


 Contracted 2-electron integrals neglected if value below      1.0D-11
 AO integral compression algorithm  1   Integral accuracy      1.0D-11

     7.078 MB (compressed) written to integral file ( 22.0%)

     Node minimum: 0.262 MB, node maximum: 1.311 MB


 NUMBER OF SORTED TWO-ELECTRON INTEGRALS:      83049.     BUFFER LENGTH:  32768
 NUMBER OF SEGMENTS:   1  SEGMENT LENGTH:      83049      RECORD LENGTH: 524288

 Memory used in sort:       0.64 MW

 SORT1 READ     2617705. AND WROTE       10301. INTEGRALS IN      1 RECORDS. CPU TIME:     0.79 SEC, REAL TIME:     1.08 SEC
 SORT2 READ      184221. AND WROTE     1567335. INTEGRALS IN     19 RECORDS. CPU TIME:     0.14 SEC, REAL TIME:     0.15 SEC

 Node minimum:       81654.  Node maximum:       83331. integrals

 OPERATOR DM      FOR CENTER  0  COORDINATES:    0.000000    0.000000    0.000000


 **********************************************************************************************************************************
 DATASETS  * FILE   NREC   LENGTH (MB)   RECORD NAMES
              1      19       29.15       500      610      700      900      950      970     1000      129      960     1100   
                                          VAR    BASINP    GEOM    SYMINP    ZMAT    AOBASIS   BASIS     P2S    ABASIS      S 
                                         1400     1410     1420     1200     1210     1080     1600     1650     1700   
                                           T        V       ECP      H0       H01     AOSYM     SMH    MOLCAS    OPER   

 PROGRAMS   *        TOTAL       INT
 CPU TIMES  *         4.01      2.88
 REAL TIME  *         5.86 SEC
 DISK USED  *        29.46 MB (local),      637.71 MB (total)
 GA USED    *         0.00 MB       (max)       0.00 MB       (current)
 **********************************************************************************************************************************


 Program * Restricted Hartree-Fock

 Orbital guess generated from atomic densities.

 Initial occupancy:  10

 NELEC=   20   SYM=1   MS2= 0   THRE=1.0D-08   THRD=3.2D-06   THRG=3.2D-06  HFMA2=F  DIIS_START=2   DIIS_MAX=10   DIIS_INCORE=F

 Level shifts:    0.00 (CLOSED)    0.00 (OPEN)    0.30 (GAP_MIN)

 ITER           ETOT              DE          GRAD        DDIFF     DIIS  NEXP   TIME(IT)  TIME(TOT)  DIAG
   1     -225.97103648    -225.97103648     0.00D+00     0.73D-01     0     0       0.00      0.01    start
   2     -225.97104806      -0.00001158     0.57D-03     0.17D-03     1     0       0.13      0.14    diag
   3     -225.97108551      -0.00003744     0.60D-03     0.13D-03     2     0       0.15      0.29    diag
   4     -225.97108591      -0.00000040     0.22D-04     0.61D-04     3     0       0.04      0.33    diag
   5     -225.97108593      -0.00000002     0.41D-05     0.19D-04     4     0       0.00      0.33    diag
   6     -225.97108593      -0.00000000     0.17D-05     0.30D-05     5     0       0.00      0.33    diag
   7     -225.97108593      -0.00000000     0.51D-07     0.13D-06     0     0       0.00      0.33    diag

 Final occupancy:  10

 !RHF STATE 1.1 Energy               -225.971085932444
  RHF One-electron energy            -408.410109950171
  RHF Two-electron energy             182.439024017728
  RHF Kinetic energy                  153.449344119152
  RHF Nuclear energy                    0.000000000000
  RHF Virial quotient                  -1.472610308174

 !RHF STATE 1.1 Dipole moment          -0.00000000    -0.00000000     0.00000000
 Dipole moment /Debye                  -0.00000000    -0.00000000     0.00000000

 ELECTRON ORBITALS
 =================

  Orbital  Occupation    Energy    Cen Mu Typ  Coefficients
    1.1     2.00000    -5.90806     1  3  s   -0.32984    1  4  s    0.73480    1  5  s    0.48047
    2.1     2.00000    -3.91430     1  4  px   0.56725    1  5  px   0.31032
    3.1     2.00000    -3.91430     1  4  py   0.56725    1  5  py   0.31032
    4.1     2.00000    -3.91430     1  4  pz   0.57519    1  5  pz   0.31466
    5.1     2.00000    -0.76297     1  3  d2+  0.33366    1  4  d2+  0.38605
    6.1     2.00000    -0.76297     1  3  d2-  0.33364    1  4  d2-  0.38602
    7.1     2.00000    -0.76297     1  3  d1-  0.38569    1  4  d1-  0.44624    1  5  d1-  0.27158
    8.1     2.00000    -0.76297     1  3  d1+  0.38566    1  4  d1+  0.44621    1  5  d1+  0.27156
    9.1     2.00000    -0.76297     1  3  d0   0.38878    1  4  d0   0.44982    1  5  d0   0.27375
   10.1     2.00000    -0.30021     1  6  s    0.60221    1  7  s    0.52429
   11.1     0.00000     0.02661     1  7  s   -0.70809    1  8  s    1.28088
   12.1     0.00000     0.06040     1  7  pz   0.91579
   13.1     0.00000     0.06040     1  7  px   0.88686
   14.1     0.00000     0.06040     1  7  py   0.88686
   15.1     0.00000     0.28910     1  5  s    0.41898    1  6  s   -2.15669    1  7  s    2.26800    1  8  s   -0.59411
   16.1     0.00000     0.33182     1  6  d2-  1.01885


 HOMO     10.1    -0.300209 =      -8.1691eV
 LUMO     11.1     0.026610 =       0.7241eV
 LUMO-HOMO         0.326819 =       8.8932eV

 Orbitals saved in record  2100.2


 **********************************************************************************************************************************
 DATASETS  * FILE   NREC   LENGTH (MB)   RECORD NAMES
              1      19       29.15       500      610      700      900      950      970     1000      129      960     1100   
                                          VAR    BASINP    GEOM    SYMINP    ZMAT    AOBASIS   BASIS     P2S    ABASIS      S 
                                         1400     1410     1420     1200     1210     1080     1600     1650     1700   
                                           T        V       ECP      H0       H01     AOSYM     SMH    MOLCAS    OPER   

              2       4        0.43       700     1000      520     2100   
                                         GEOM     BASIS   MCVARS     RHF  

 PROGRAMS   *        TOTAL    HF-SCF       INT
 CPU TIMES  *         4.59      0.42      2.88
 REAL TIME  *         7.56 SEC
 DISK USED  *        29.84 MB (local),      644.80 MB (total)
 GA USED    *         0.00 MB       (max)       0.00 MB       (current)
 **********************************************************************************************************************************

 HF/USERDEF energy=   -225.971085932444

          HF-SCF
   -225.97108593
 **********************************************************************************************************************************
 Molpro calculation terminated
